{"contracts\\ERC20Template.sol":{"l":{"15":14,"16":14,"20":0,"24":0},"path":"C:\\rarity\\zkMarketsContracts\\contracts\\ERC20Template.sol","s":{"1":14,"2":0,"3":0},"b":{},"f":{"1":14,"2":0,"3":0},"fnMap":{"1":{"name":"constructor","line":14,"loc":{"start":{"line":9,"column":4},"end":{"line":17,"column":4}}},"2":{"name":"decimals","line":19,"loc":{"start":{"line":19,"column":4},"end":{"line":21,"column":4}}},"3":{"name":"mint","line":23,"loc":{"start":{"line":23,"column":4},"end":{"line":25,"column":4}}}},"statementMap":{"1":{"start":{"line":16,"column":8},"end":{"line":16,"column":38}},"2":{"start":{"line":20,"column":8},"end":{"line":20,"column":24}},"3":{"start":{"line":24,"column":8},"end":{"line":24,"column":24}}},"branchMap":{}},"contracts\\ERC721ACBasic.sol":{"l":{"17":66,"18":53,"43":54,"44":54,"45":54,"46":54,"50":8,"54":4,"58":2,"62":6,"64":5,"69":5,"73":5,"77":5,"88":35,"89":34,"90":32,"91":31,"93":29,"94":29,"95":26,"97":24,"98":24,"100":24,"110":29,"111":29,"113":29,"117":3,"119":2,"120":2,"122":2,"126":5,"128":4,"129":4,"131":4,"135":8,"136":8,"138":6,"139":6,"143":9,"145":7,"146":7,"147":7,"149":6,"159":4,"160":4,"170":3,"171":3,"172":3,"176":12,"177":12,"179":12,"180":12,"181":12,"182":12},"path":"C:\\rarity\\zkMarketsContracts\\contracts\\ERC721ACBasic.sol","s":{"1":66,"2":8,"3":4,"4":2,"5":6,"6":5,"7":5,"8":35,"9":34,"10":32,"11":31,"12":29,"13":29,"14":26,"15":24,"16":24,"17":29,"18":29,"19":29,"20":3,"21":2,"22":2,"23":5,"24":4,"25":4,"26":8,"27":8,"28":6,"29":6,"30":9,"31":7,"32":7,"33":7,"34":6,"35":4,"36":4,"37":3,"38":3,"39":3,"40":12,"41":12,"42":12,"43":12,"44":12,"45":12},"b":{"1":[4,1],"2":[2,1],"3":[5,1],"4":[4,1],"5":[5,1],"6":[5,1],"7":[34,1],"8":[32,2],"9":[31,1],"10":[29,2],"11":[26,3],"12":[24,2],"13":[3,1],"14":[2,1],"15":[5,1],"16":[4,1],"17":[8,3],"18":[6,2],"19":[6,0],"20":[9,3],"21":[7,2],"22":[6,1],"23":[2,1],"24":[12,1],"25":[12,0],"26":[12,0],"27":[12,0],"28":[12,0]},"f":{"1":66,"2":54,"3":8,"4":4,"5":2,"6":6,"7":5,"8":5,"9":5,"10":35,"11":29,"12":3,"13":5,"14":8,"15":9,"16":4,"17":3,"18":12},"fnMap":{"1":{"name":"onlyContractOwner","line":16,"loc":{"start":{"line":16,"column":4},"end":{"line":19,"column":4}}},"2":{"name":"constructor","line":42,"loc":{"start":{"line":33,"column":4},"end":{"line":47,"column":4}}},"3":{"name":"supportsInterface","line":49,"loc":{"start":{"line":49,"column":4},"end":{"line":51,"column":4}}},"4":{"name":"setDefaultRoyalty","line":53,"loc":{"start":{"line":53,"column":4},"end":{"line":55,"column":4}}},"5":{"name":"setTokenRoyalty","line":57,"loc":{"start":{"line":57,"column":4},"end":{"line":59,"column":4}}},"6":{"name":"tokenURI","line":61,"loc":{"start":{"line":61,"column":4},"end":{"line":66,"column":4}}},"7":{"name":"setBaseURI","line":68,"loc":{"start":{"line":68,"column":4},"end":{"line":70,"column":4}}},"8":{"name":"contractURI","line":72,"loc":{"start":{"line":72,"column":4},"end":{"line":74,"column":4}}},"9":{"name":"setContractURI","line":76,"loc":{"start":{"line":76,"column":4},"end":{"line":78,"column":4}}},"10":{"name":"mint","line":80,"loc":{"start":{"line":80,"column":4},"end":{"line":101,"column":4}}},"11":{"name":"_validateSignature","line":103,"loc":{"start":{"line":103,"column":4},"end":{"line":114,"column":4}}},"12":{"name":"setApprover","line":116,"loc":{"start":{"line":116,"column":4},"end":{"line":123,"column":4}}},"13":{"name":"setMaxSupply","line":125,"loc":{"start":{"line":125,"column":4},"end":{"line":132,"column":4}}},"14":{"name":"withdraw","line":134,"loc":{"start":{"line":134,"column":4},"end":{"line":140,"column":4}}},"15":{"name":"withdrawERC20","line":142,"loc":{"start":{"line":142,"column":4},"end":{"line":150,"column":4}}},"16":{"name":"getMintedAmount","line":152,"loc":{"start":{"line":152,"column":4},"end":{"line":161,"column":4}}},"17":{"name":"getRemainingMints","line":163,"loc":{"start":{"line":163,"column":4},"end":{"line":173,"column":4}}},"18":{"name":"batchMint","line":175,"loc":{"start":{"line":175,"column":4},"end":{"line":184,"column":4}}}},"statementMap":{"1":{"start":{"line":17,"column":8},"end":{"line":17,"column":38}},"2":{"start":{"line":50,"column":8},"end":{"line":50,"column":51}},"3":{"start":{"line":54,"column":8},"end":{"line":54,"column":49}},"4":{"start":{"line":58,"column":8},"end":{"line":58,"column":56}},"5":{"start":{"line":62,"column":8},"end":{"line":62,"column":75}},"6":{"start":{"line":64,"column":8},"end":{"line":64,"column":2574}},"7":{"start":{"line":73,"column":8},"end":{"line":73,"column":27}},"8":{"start":{"line":88,"column":8},"end":{"line":88,"column":59}},"9":{"start":{"line":89,"column":8},"end":{"line":89,"column":60}},"10":{"start":{"line":90,"column":8},"end":{"line":90,"column":73}},"11":{"start":{"line":91,"column":8},"end":{"line":91,"column":75}},"12":{"start":{"line":93,"column":8},"end":{"line":93,"column":107}},"13":{"start":{"line":94,"column":8},"end":{"line":94,"column":107}},"14":{"start":{"line":95,"column":8},"end":{"line":95,"column":92}},"15":{"start":{"line":98,"column":8},"end":{"line":98,"column":32}},"16":{"start":{"line":100,"column":8},"end":{"line":100,"column":60}},"17":{"start":{"line":110,"column":8},"end":{"line":110,"column":106}},"18":{"start":{"line":111,"column":8},"end":{"line":111,"column":67}},"19":{"start":{"line":113,"column":8},"end":{"line":113,"column":85}},"20":{"start":{"line":117,"column":8},"end":{"line":117,"column":69}},"21":{"start":{"line":119,"column":8},"end":{"line":119,"column":38}},"22":{"start":{"line":122,"column":8},"end":{"line":122,"column":54}},"23":{"start":{"line":126,"column":8},"end":{"line":126,"column":94}},"24":{"start":{"line":128,"column":8},"end":{"line":128,"column":40}},"25":{"start":{"line":131,"column":8},"end":{"line":131,"column":57}},"26":{"start":{"line":135,"column":8},"end":{"line":135,"column":47}},"27":{"start":{"line":136,"column":8},"end":{"line":136,"column":49}},"28":{"start":{"line":138,"column":8},"end":{"line":138,"column":68}},"29":{"start":{"line":139,"column":8},"end":{"line":139,"column":48}},"30":{"start":{"line":143,"column":8},"end":{"line":143,"column":60}},"31":{"start":{"line":145,"column":8},"end":{"line":145,"column":41}},"32":{"start":{"line":146,"column":8},"end":{"line":146,"column":61}},"33":{"start":{"line":147,"column":8},"end":{"line":147,"column":52}},"34":{"start":{"line":149,"column":8},"end":{"line":149,"column":48}},"35":{"start":{"line":159,"column":8},"end":{"line":159,"column":101}},"36":{"start":{"line":160,"column":8},"end":{"line":160,"column":37}},"37":{"start":{"line":170,"column":8},"end":{"line":170,"column":101}},"38":{"start":{"line":171,"column":8},"end":{"line":171,"column":47}},"39":{"start":{"line":172,"column":8},"end":{"line":172,"column":54}},"40":{"start":{"line":176,"column":8},"end":{"line":176,"column":77}},"41":{"start":{"line":177,"column":8},"end":{"line":177,"column":53}},"42":{"start":{"line":179,"column":8},"end":{"line":179,"column":6924}},"43":{"start":{"line":180,"column":12},"end":{"line":180,"column":78}},"44":{"start":{"line":181,"column":12},"end":{"line":181,"column":67}},"45":{"start":{"line":182,"column":12},"end":{"line":182,"column":43}}},"branchMap":{"1":{"line":53,"type":"if","locations":[{"start":{"line":53,"column":77},"end":{"line":53,"column":77}},{"start":{"line":53,"column":77},"end":{"line":53,"column":77}}]},"2":{"line":57,"type":"if","locations":[{"start":{"line":57,"column":92},"end":{"line":57,"column":92}},{"start":{"line":57,"column":92},"end":{"line":57,"column":92}}]},"3":{"line":62,"type":"if","locations":[{"start":{"line":62,"column":8},"end":{"line":62,"column":8}},{"start":{"line":62,"column":8},"end":{"line":62,"column":8}}]},"4":{"line":65,"type":"if","locations":[{"start":{"line":65,"column":12},"end":{"line":65,"column":70}},{"start":{"line":65,"column":74},"end":{"line":65,"column":75}}]},"5":{"line":68,"type":"if","locations":[{"start":{"line":68,"column":60},"end":{"line":68,"column":60}},{"start":{"line":68,"column":60},"end":{"line":68,"column":60}}]},"6":{"line":76,"type":"if","locations":[{"start":{"line":76,"column":63},"end":{"line":76,"column":63}},{"start":{"line":76,"column":63},"end":{"line":76,"column":63}}]},"7":{"line":88,"type":"if","locations":[{"start":{"line":88,"column":8},"end":{"line":88,"column":8}},{"start":{"line":88,"column":8},"end":{"line":88,"column":8}}]},"8":{"line":89,"type":"if","locations":[{"start":{"line":89,"column":8},"end":{"line":89,"column":8}},{"start":{"line":89,"column":8},"end":{"line":89,"column":8}}]},"9":{"line":90,"type":"if","locations":[{"start":{"line":90,"column":8},"end":{"line":90,"column":8}},{"start":{"line":90,"column":8},"end":{"line":90,"column":8}}]},"10":{"line":91,"type":"if","locations":[{"start":{"line":91,"column":8},"end":{"line":91,"column":8}},{"start":{"line":91,"column":8},"end":{"line":91,"column":8}}]},"11":{"line":94,"type":"if","locations":[{"start":{"line":94,"column":8},"end":{"line":94,"column":8}},{"start":{"line":94,"column":8},"end":{"line":94,"column":8}}]},"12":{"line":95,"type":"if","locations":[{"start":{"line":95,"column":8},"end":{"line":95,"column":8}},{"start":{"line":95,"column":8},"end":{"line":95,"column":8}}]},"13":{"line":116,"type":"if","locations":[{"start":{"line":116,"column":55},"end":{"line":116,"column":55}},{"start":{"line":116,"column":55},"end":{"line":116,"column":55}}]},"14":{"line":117,"type":"if","locations":[{"start":{"line":117,"column":8},"end":{"line":117,"column":8}},{"start":{"line":117,"column":8},"end":{"line":117,"column":8}}]},"15":{"line":125,"type":"if","locations":[{"start":{"line":125,"column":57},"end":{"line":125,"column":57}},{"start":{"line":125,"column":57},"end":{"line":125,"column":57}}]},"16":{"line":126,"type":"if","locations":[{"start":{"line":126,"column":8},"end":{"line":126,"column":8}},{"start":{"line":126,"column":8},"end":{"line":126,"column":8}}]},"17":{"line":134,"type":"if","locations":[{"start":{"line":134,"column":33},"end":{"line":134,"column":33}},{"start":{"line":134,"column":33},"end":{"line":134,"column":33}}]},"18":{"line":136,"type":"if","locations":[{"start":{"line":136,"column":8},"end":{"line":136,"column":8}},{"start":{"line":136,"column":8},"end":{"line":136,"column":8}}]},"19":{"line":139,"type":"if","locations":[{"start":{"line":139,"column":8},"end":{"line":139,"column":8}},{"start":{"line":139,"column":8},"end":{"line":139,"column":8}}]},"20":{"line":142,"type":"if","locations":[{"start":{"line":142,"column":51},"end":{"line":142,"column":51}},{"start":{"line":142,"column":51},"end":{"line":142,"column":51}}]},"21":{"line":143,"type":"if","locations":[{"start":{"line":143,"column":8},"end":{"line":143,"column":8}},{"start":{"line":143,"column":8},"end":{"line":143,"column":8}}]},"22":{"line":147,"type":"if","locations":[{"start":{"line":147,"column":8},"end":{"line":147,"column":8}},{"start":{"line":147,"column":8},"end":{"line":147,"column":8}}]},"23":{"line":172,"type":"if","locations":[{"start":{"line":172,"column":34},"end":{"line":172,"column":49}},{"start":{"line":172,"column":53},"end":{"line":172,"column":53}}]},"24":{"line":175,"type":"if","locations":[{"start":{"line":175,"column":91},"end":{"line":175,"column":91}},{"start":{"line":175,"column":91},"end":{"line":175,"column":91}}]},"25":{"line":176,"type":"if","locations":[{"start":{"line":176,"column":8},"end":{"line":176,"column":8}},{"start":{"line":176,"column":8},"end":{"line":176,"column":8}}]},"26":{"line":177,"type":"if","locations":[{"start":{"line":177,"column":8},"end":{"line":177,"column":8}},{"start":{"line":177,"column":8},"end":{"line":177,"column":8}}]},"27":{"line":180,"type":"if","locations":[{"start":{"line":180,"column":12},"end":{"line":180,"column":12}},{"start":{"line":180,"column":12},"end":{"line":180,"column":12}}]},"28":{"line":181,"type":"if","locations":[{"start":{"line":181,"column":12},"end":{"line":181,"column":12}},{"start":{"line":181,"column":12},"end":{"line":181,"column":12}}]}}},"contracts\\MoodyMightsERC721AC.sol":{"l":{"15":5,"16":3,"30":12,"31":12,"35":0,"39":0,"43":0,"47":0,"49":0,"54":0,"58":0,"62":0,"66":0,"67":0,"69":0,"70":0,"71":0,"72":0,"77":0,"78":0,"80":0,"81":0,"85":3,"87":2,"88":2,"89":2,"91":2},"path":"C:\\rarity\\zkMarketsContracts\\contracts\\MoodyMightsERC721AC.sol","s":{"1":5,"2":0,"3":0,"4":0,"5":0,"6":0,"7":0,"8":0,"9":0,"10":0,"11":0,"12":0,"13":0,"14":0,"15":0,"16":0,"17":0,"18":3,"19":2,"20":2,"21":2,"22":2},"b":{"1":[0,0],"2":[0,0],"3":[0,0],"4":[0,0],"5":[0,0],"6":[0,0],"7":[0,0],"8":[0,0],"9":[0,0],"10":[0,0],"11":[0,0],"12":[0,1],"13":[0,0],"14":[0,0],"15":[3,1],"16":[2,1],"17":[2,0]},"f":{"1":5,"2":12,"3":0,"4":0,"5":0,"6":0,"7":0,"8":0,"9":0,"10":0,"11":0,"12":3},"fnMap":{"1":{"name":"onlyContractOwner","line":14,"loc":{"start":{"line":14,"column":4},"end":{"line":17,"column":4}}},"2":{"name":"constructor","line":29,"loc":{"start":{"line":22,"column":4},"end":{"line":32,"column":4}}},"3":{"name":"supportsInterface","line":34,"loc":{"start":{"line":34,"column":4},"end":{"line":36,"column":4}}},"4":{"name":"setDefaultRoyalty","line":38,"loc":{"start":{"line":38,"column":4},"end":{"line":40,"column":4}}},"5":{"name":"setTokenRoyalty","line":42,"loc":{"start":{"line":42,"column":4},"end":{"line":44,"column":4}}},"6":{"name":"tokenURI","line":46,"loc":{"start":{"line":46,"column":4},"end":{"line":51,"column":4}}},"7":{"name":"setBaseURI","line":53,"loc":{"start":{"line":53,"column":4},"end":{"line":55,"column":4}}},"8":{"name":"contractURI","line":57,"loc":{"start":{"line":57,"column":4},"end":{"line":59,"column":4}}},"9":{"name":"setContractURI","line":61,"loc":{"start":{"line":61,"column":4},"end":{"line":63,"column":4}}},"10":{"name":"batchMint","line":65,"loc":{"start":{"line":65,"column":4},"end":{"line":74,"column":4}}},"11":{"name":"withdraw","line":76,"loc":{"start":{"line":76,"column":4},"end":{"line":82,"column":4}}},"12":{"name":"withdrawERC20","line":84,"loc":{"start":{"line":84,"column":4},"end":{"line":92,"column":4}}}},"statementMap":{"1":{"start":{"line":15,"column":8},"end":{"line":15,"column":38}},"2":{"start":{"line":35,"column":8},"end":{"line":35,"column":51}},"3":{"start":{"line":39,"column":8},"end":{"line":39,"column":49}},"4":{"start":{"line":43,"column":8},"end":{"line":43,"column":56}},"5":{"start":{"line":47,"column":8},"end":{"line":47,"column":75}},"6":{"start":{"line":49,"column":8},"end":{"line":49,"column":1904}},"7":{"start":{"line":58,"column":8},"end":{"line":58,"column":27}},"8":{"start":{"line":66,"column":8},"end":{"line":66,"column":77}},"9":{"start":{"line":67,"column":8},"end":{"line":67,"column":53}},"10":{"start":{"line":69,"column":8},"end":{"line":69,"column":2613}},"11":{"start":{"line":70,"column":12},"end":{"line":70,"column":78}},"12":{"start":{"line":71,"column":12},"end":{"line":71,"column":67}},"13":{"start":{"line":72,"column":12},"end":{"line":72,"column":43}},"14":{"start":{"line":77,"column":8},"end":{"line":77,"column":47}},"15":{"start":{"line":78,"column":8},"end":{"line":78,"column":49}},"16":{"start":{"line":80,"column":8},"end":{"line":80,"column":68}},"17":{"start":{"line":81,"column":8},"end":{"line":81,"column":48}},"18":{"start":{"line":85,"column":8},"end":{"line":85,"column":60}},"19":{"start":{"line":87,"column":8},"end":{"line":87,"column":41}},"20":{"start":{"line":88,"column":8},"end":{"line":88,"column":61}},"21":{"start":{"line":89,"column":8},"end":{"line":89,"column":52}},"22":{"start":{"line":91,"column":8},"end":{"line":91,"column":48}}},"branchMap":{"1":{"line":38,"type":"if","locations":[{"start":{"line":38,"column":77},"end":{"line":38,"column":77}},{"start":{"line":38,"column":77},"end":{"line":38,"column":77}}]},"2":{"line":42,"type":"if","locations":[{"start":{"line":42,"column":92},"end":{"line":42,"column":92}},{"start":{"line":42,"column":92},"end":{"line":42,"column":92}}]},"3":{"line":47,"type":"if","locations":[{"start":{"line":47,"column":8},"end":{"line":47,"column":8}},{"start":{"line":47,"column":8},"end":{"line":47,"column":8}}]},"4":{"line":50,"type":"if","locations":[{"start":{"line":50,"column":12},"end":{"line":50,"column":70}},{"start":{"line":50,"column":74},"end":{"line":50,"column":75}}]},"5":{"line":53,"type":"if","locations":[{"start":{"line":53,"column":60},"end":{"line":53,"column":60}},{"start":{"line":53,"column":60},"end":{"line":53,"column":60}}]},"6":{"line":61,"type":"if","locations":[{"start":{"line":61,"column":63},"end":{"line":61,"column":63}},{"start":{"line":61,"column":63},"end":{"line":61,"column":63}}]},"7":{"line":65,"type":"if","locations":[{"start":{"line":65,"column":91},"end":{"line":65,"column":91}},{"start":{"line":65,"column":91},"end":{"line":65,"column":91}}]},"8":{"line":66,"type":"if","locations":[{"start":{"line":66,"column":8},"end":{"line":66,"column":8}},{"start":{"line":66,"column":8},"end":{"line":66,"column":8}}]},"9":{"line":67,"type":"if","locations":[{"start":{"line":67,"column":8},"end":{"line":67,"column":8}},{"start":{"line":67,"column":8},"end":{"line":67,"column":8}}]},"10":{"line":70,"type":"if","locations":[{"start":{"line":70,"column":12},"end":{"line":70,"column":12}},{"start":{"line":70,"column":12},"end":{"line":70,"column":12}}]},"11":{"line":71,"type":"if","locations":[{"start":{"line":71,"column":12},"end":{"line":71,"column":12}},{"start":{"line":71,"column":12},"end":{"line":71,"column":12}}]},"12":{"line":76,"type":"if","locations":[{"start":{"line":76,"column":33},"end":{"line":76,"column":33}},{"start":{"line":76,"column":33},"end":{"line":76,"column":33}}]},"13":{"line":78,"type":"if","locations":[{"start":{"line":78,"column":8},"end":{"line":78,"column":8}},{"start":{"line":78,"column":8},"end":{"line":78,"column":8}}]},"14":{"line":81,"type":"if","locations":[{"start":{"line":81,"column":8},"end":{"line":81,"column":8}},{"start":{"line":81,"column":8},"end":{"line":81,"column":8}}]},"15":{"line":84,"type":"if","locations":[{"start":{"line":84,"column":51},"end":{"line":84,"column":51}},{"start":{"line":84,"column":51},"end":{"line":84,"column":51}}]},"16":{"line":85,"type":"if","locations":[{"start":{"line":85,"column":8},"end":{"line":85,"column":8}},{"start":{"line":85,"column":8},"end":{"line":85,"column":8}}]},"17":{"line":89,"type":"if","locations":[{"start":{"line":89,"column":8},"end":{"line":89,"column":8}},{"start":{"line":89,"column":8},"end":{"line":89,"column":8}}]}}}}