{"contracts\\ERC20Template.sol":{"l":{"15":0,"16":0,"20":0,"24":0},"path":"C:\\rarity\\zkMarketsContracts\\contracts\\ERC20Template.sol","s":{"1":0,"2":0,"3":0},"b":{},"f":{"1":0,"2":0,"3":0},"fnMap":{"1":{"name":"constructor","line":14,"loc":{"start":{"line":9,"column":4},"end":{"line":17,"column":4}}},"2":{"name":"decimals","line":19,"loc":{"start":{"line":19,"column":4},"end":{"line":21,"column":4}}},"3":{"name":"mint","line":23,"loc":{"start":{"line":23,"column":4},"end":{"line":25,"column":4}}}},"statementMap":{"1":{"start":{"line":16,"column":8},"end":{"line":16,"column":38}},"2":{"start":{"line":20,"column":8},"end":{"line":20,"column":24}},"3":{"start":{"line":24,"column":8},"end":{"line":24,"column":24}}},"branchMap":{}},"contracts\\ERC721ACBasic.sol":{"l":{"43":0,"44":0,"45":0,"46":0,"50":0,"54":0,"58":0,"62":0,"66":0,"70":0,"74":0,"85":0,"86":0,"87":0,"88":0,"90":0,"91":0,"92":0,"94":0,"95":0,"97":0,"107":0,"116":0,"117":0,"119":0,"123":0,"125":0,"126":0,"128":0,"132":0,"134":0,"135":0,"137":0,"141":0,"142":0,"144":0,"145":0,"149":0,"151":0,"152":0,"153":0,"155":0,"165":0,"166":0,"176":0,"177":0,"178":0},"path":"C:\\rarity\\zkMarketsContracts\\contracts\\ERC721ACBasic.sol","s":{"1":0,"2":0,"3":0,"4":0,"5":0,"6":0,"7":0,"8":0,"9":0,"10":0,"11":0,"12":0,"13":0,"14":0,"15":0,"16":0,"17":0,"18":0,"19":0,"20":0,"21":0,"22":0,"23":0,"24":0,"25":0,"26":0,"27":0,"28":0,"29":0,"30":0,"31":0,"32":0,"33":0,"34":0,"35":0,"36":0,"37":0,"38":0},"b":{"1":[0,0],"2":[0,0],"3":[0,0],"4":[0,0],"5":[0,0],"6":[0,0],"7":[0,0],"8":[0,0],"9":[0,0],"10":[0,0],"11":[0,0],"12":[0,0],"13":[0,0],"14":[0,0],"15":[0,0],"16":[0,0],"17":[0,0],"18":[0,0],"19":[0,0],"20":[0,0],"21":[0,0],"22":[0,0]},"f":{"1":0,"2":0,"3":0,"4":0,"5":0,"6":0,"7":0,"8":0,"9":0,"10":0,"11":0,"12":0,"13":0,"14":0,"15":0,"16":0},"fnMap":{"1":{"name":"constructor","line":42,"loc":{"start":{"line":32,"column":4},"end":{"line":47,"column":4}}},"2":{"name":"supportsInterface","line":49,"loc":{"start":{"line":49,"column":4},"end":{"line":51,"column":4}}},"3":{"name":"setDefaultRoyalty","line":53,"loc":{"start":{"line":53,"column":4},"end":{"line":55,"column":4}}},"4":{"name":"setTokenRoyalty","line":57,"loc":{"start":{"line":57,"column":4},"end":{"line":59,"column":4}}},"5":{"name":"_baseURI","line":61,"loc":{"start":{"line":61,"column":4},"end":{"line":63,"column":4}}},"6":{"name":"setBaseURI","line":65,"loc":{"start":{"line":65,"column":4},"end":{"line":67,"column":4}}},"7":{"name":"contractURI","line":69,"loc":{"start":{"line":69,"column":4},"end":{"line":71,"column":4}}},"8":{"name":"setContractURI","line":73,"loc":{"start":{"line":73,"column":4},"end":{"line":75,"column":4}}},"9":{"name":"mint","line":77,"loc":{"start":{"line":77,"column":4},"end":{"line":98,"column":4}}},"10":{"name":"_validateSignature","line":100,"loc":{"start":{"line":100,"column":4},"end":{"line":120,"column":4}}},"11":{"name":"setApprover","line":122,"loc":{"start":{"line":122,"column":4},"end":{"line":129,"column":4}}},"12":{"name":"setMaxSupply","line":131,"loc":{"start":{"line":131,"column":4},"end":{"line":138,"column":4}}},"13":{"name":"withdraw","line":140,"loc":{"start":{"line":140,"column":4},"end":{"line":146,"column":4}}},"14":{"name":"withdrawERC20","line":148,"loc":{"start":{"line":148,"column":4},"end":{"line":156,"column":4}}},"15":{"name":"getMintedAmount","line":158,"loc":{"start":{"line":158,"column":4},"end":{"line":167,"column":4}}},"16":{"name":"getRemainingMints","line":169,"loc":{"start":{"line":169,"column":4},"end":{"line":179,"column":4}}}},"statementMap":{"1":{"start":{"line":50,"column":8},"end":{"line":50,"column":96}},"2":{"start":{"line":54,"column":8},"end":{"line":54,"column":49}},"3":{"start":{"line":58,"column":8},"end":{"line":58,"column":56}},"4":{"start":{"line":62,"column":8},"end":{"line":62,"column":28}},"5":{"start":{"line":70,"column":8},"end":{"line":70,"column":27}},"6":{"start":{"line":85,"column":8},"end":{"line":85,"column":59}},"7":{"start":{"line":86,"column":8},"end":{"line":86,"column":60}},"8":{"start":{"line":87,"column":8},"end":{"line":87,"column":73}},"9":{"start":{"line":88,"column":8},"end":{"line":88,"column":75}},"10":{"start":{"line":90,"column":8},"end":{"line":90,"column":107}},"11":{"start":{"line":91,"column":8},"end":{"line":91,"column":107}},"12":{"start":{"line":92,"column":8},"end":{"line":92,"column":92}},"13":{"start":{"line":95,"column":8},"end":{"line":95,"column":32}},"14":{"start":{"line":97,"column":8},"end":{"line":97,"column":60}},"15":{"start":{"line":107,"column":8},"end":{"line":107,"column":4184}},"16":{"start":{"line":116,"column":8},"end":{"line":116,"column":51}},"17":{"start":{"line":117,"column":8},"end":{"line":117,"column":48}},"18":{"start":{"line":119,"column":8},"end":{"line":119,"column":33}},"19":{"start":{"line":123,"column":8},"end":{"line":123,"column":69}},"20":{"start":{"line":125,"column":8},"end":{"line":125,"column":38}},"21":{"start":{"line":128,"column":8},"end":{"line":128,"column":54}},"22":{"start":{"line":132,"column":8},"end":{"line":132,"column":94}},"23":{"start":{"line":134,"column":8},"end":{"line":134,"column":40}},"24":{"start":{"line":137,"column":8},"end":{"line":137,"column":57}},"25":{"start":{"line":141,"column":8},"end":{"line":141,"column":47}},"26":{"start":{"line":142,"column":8},"end":{"line":142,"column":49}},"27":{"start":{"line":144,"column":8},"end":{"line":144,"column":68}},"28":{"start":{"line":145,"column":8},"end":{"line":145,"column":48}},"29":{"start":{"line":149,"column":8},"end":{"line":149,"column":60}},"30":{"start":{"line":151,"column":8},"end":{"line":151,"column":41}},"31":{"start":{"line":152,"column":8},"end":{"line":152,"column":61}},"32":{"start":{"line":153,"column":8},"end":{"line":153,"column":52}},"33":{"start":{"line":155,"column":8},"end":{"line":155,"column":48}},"34":{"start":{"line":165,"column":8},"end":{"line":165,"column":101}},"35":{"start":{"line":166,"column":8},"end":{"line":166,"column":37}},"36":{"start":{"line":176,"column":8},"end":{"line":176,"column":101}},"37":{"start":{"line":177,"column":8},"end":{"line":177,"column":47}},"38":{"start":{"line":178,"column":8},"end":{"line":178,"column":54}}},"branchMap":{"1":{"line":50,"type":"cond-expr","locations":[{"start":{"line":50,"column":15},"end":{"line":50,"column":53}},{"start":{"line":50,"column":58},"end":{"line":50,"column":95}}]},"2":{"line":53,"type":"if","locations":[{"start":{"line":53,"column":77},"end":{"line":53,"column":77}},{"start":{"line":53,"column":77},"end":{"line":53,"column":77}}]},"3":{"line":57,"type":"if","locations":[{"start":{"line":57,"column":92},"end":{"line":57,"column":92}},{"start":{"line":57,"column":92},"end":{"line":57,"column":92}}]},"4":{"line":65,"type":"if","locations":[{"start":{"line":65,"column":60},"end":{"line":65,"column":60}},{"start":{"line":65,"column":60},"end":{"line":65,"column":60}}]},"5":{"line":73,"type":"if","locations":[{"start":{"line":73,"column":63},"end":{"line":73,"column":63}},{"start":{"line":73,"column":63},"end":{"line":73,"column":63}}]},"6":{"line":85,"type":"if","locations":[{"start":{"line":85,"column":8},"end":{"line":85,"column":8}},{"start":{"line":85,"column":8},"end":{"line":85,"column":8}}]},"7":{"line":86,"type":"if","locations":[{"start":{"line":86,"column":8},"end":{"line":86,"column":8}},{"start":{"line":86,"column":8},"end":{"line":86,"column":8}}]},"8":{"line":87,"type":"if","locations":[{"start":{"line":87,"column":8},"end":{"line":87,"column":8}},{"start":{"line":87,"column":8},"end":{"line":87,"column":8}}]},"9":{"line":88,"type":"if","locations":[{"start":{"line":88,"column":8},"end":{"line":88,"column":8}},{"start":{"line":88,"column":8},"end":{"line":88,"column":8}}]},"10":{"line":91,"type":"if","locations":[{"start":{"line":91,"column":8},"end":{"line":91,"column":8}},{"start":{"line":91,"column":8},"end":{"line":91,"column":8}}]},"11":{"line":92,"type":"if","locations":[{"start":{"line":92,"column":8},"end":{"line":92,"column":8}},{"start":{"line":92,"column":8},"end":{"line":92,"column":8}}]},"12":{"line":122,"type":"if","locations":[{"start":{"line":122,"column":55},"end":{"line":122,"column":55}},{"start":{"line":122,"column":55},"end":{"line":122,"column":55}}]},"13":{"line":123,"type":"if","locations":[{"start":{"line":123,"column":8},"end":{"line":123,"column":8}},{"start":{"line":123,"column":8},"end":{"line":123,"column":8}}]},"14":{"line":131,"type":"if","locations":[{"start":{"line":131,"column":57},"end":{"line":131,"column":57}},{"start":{"line":131,"column":57},"end":{"line":131,"column":57}}]},"15":{"line":132,"type":"if","locations":[{"start":{"line":132,"column":8},"end":{"line":132,"column":8}},{"start":{"line":132,"column":8},"end":{"line":132,"column":8}}]},"16":{"line":140,"type":"if","locations":[{"start":{"line":140,"column":33},"end":{"line":140,"column":33}},{"start":{"line":140,"column":33},"end":{"line":140,"column":33}}]},"17":{"line":142,"type":"if","locations":[{"start":{"line":142,"column":8},"end":{"line":142,"column":8}},{"start":{"line":142,"column":8},"end":{"line":142,"column":8}}]},"18":{"line":145,"type":"if","locations":[{"start":{"line":145,"column":8},"end":{"line":145,"column":8}},{"start":{"line":145,"column":8},"end":{"line":145,"column":8}}]},"19":{"line":148,"type":"if","locations":[{"start":{"line":148,"column":51},"end":{"line":148,"column":51}},{"start":{"line":148,"column":51},"end":{"line":148,"column":51}}]},"20":{"line":149,"type":"if","locations":[{"start":{"line":149,"column":8},"end":{"line":149,"column":8}},{"start":{"line":149,"column":8},"end":{"line":149,"column":8}}]},"21":{"line":153,"type":"if","locations":[{"start":{"line":153,"column":8},"end":{"line":153,"column":8}},{"start":{"line":153,"column":8},"end":{"line":153,"column":8}}]},"22":{"line":178,"type":"if","locations":[{"start":{"line":178,"column":34},"end":{"line":178,"column":49}},{"start":{"line":178,"column":53},"end":{"line":178,"column":53}}]}}},"contracts\\IMarketplace.sol":{"l":{},"path":"C:\\rarity\\zkMarketsContracts\\contracts\\IMarketplace.sol","s":{},"b":{},"f":{},"fnMap":{},"statementMap":{},"branchMap":{}},"contracts\\MoodyMightsERC721AC.sol":{"l":{"25":0,"26":0,"30":0,"34":0,"38":0,"42":0,"46":0,"50":0,"54":0,"58":0,"59":0,"61":0,"62":0,"63":0,"64":0,"69":0,"70":0,"72":0,"73":0,"77":0,"79":0,"80":0,"81":0,"83":0},"path":"C:\\rarity\\zkMarketsContracts\\contracts\\MoodyMightsERC721AC.sol","s":{"1":0,"2":0,"3":0,"4":0,"5":0,"6":0,"7":0,"8":0,"9":0,"10":0,"11":0,"12":0,"13":0,"14":0,"15":0,"16":0,"17":0,"18":0,"19":0,"20":0},"b":{"1":[0,0],"2":[0,0],"3":[0,0],"4":[0,0],"5":[0,0],"6":[0,0],"7":[0,0],"8":[0,0],"9":[0,0],"10":[0,0],"11":[0,0],"12":[0,0],"13":[0,0],"14":[0,0],"15":[0,0],"16":[0,0]},"f":{"1":0,"2":0,"3":0,"4":0,"5":0,"6":0,"7":0,"8":0,"9":0,"10":0,"11":0},"fnMap":{"1":{"name":"constructor","line":24,"loc":{"start":{"line":17,"column":4},"end":{"line":27,"column":4}}},"2":{"name":"supportsInterface","line":29,"loc":{"start":{"line":29,"column":4},"end":{"line":31,"column":4}}},"3":{"name":"setDefaultRoyalty","line":33,"loc":{"start":{"line":33,"column":4},"end":{"line":35,"column":4}}},"4":{"name":"setTokenRoyalty","line":37,"loc":{"start":{"line":37,"column":4},"end":{"line":39,"column":4}}},"5":{"name":"_baseURI","line":41,"loc":{"start":{"line":41,"column":4},"end":{"line":43,"column":4}}},"6":{"name":"setBaseURI","line":45,"loc":{"start":{"line":45,"column":4},"end":{"line":47,"column":4}}},"7":{"name":"contractURI","line":49,"loc":{"start":{"line":49,"column":4},"end":{"line":51,"column":4}}},"8":{"name":"setContractURI","line":53,"loc":{"start":{"line":53,"column":4},"end":{"line":55,"column":4}}},"9":{"name":"batchMint","line":57,"loc":{"start":{"line":57,"column":4},"end":{"line":66,"column":4}}},"10":{"name":"withdraw","line":68,"loc":{"start":{"line":68,"column":4},"end":{"line":74,"column":4}}},"11":{"name":"withdrawERC20","line":76,"loc":{"start":{"line":76,"column":4},"end":{"line":84,"column":4}}}},"statementMap":{"1":{"start":{"line":30,"column":8},"end":{"line":30,"column":96}},"2":{"start":{"line":34,"column":8},"end":{"line":34,"column":49}},"3":{"start":{"line":38,"column":8},"end":{"line":38,"column":56}},"4":{"start":{"line":42,"column":8},"end":{"line":42,"column":28}},"5":{"start":{"line":50,"column":8},"end":{"line":50,"column":27}},"6":{"start":{"line":58,"column":8},"end":{"line":58,"column":77}},"7":{"start":{"line":59,"column":8},"end":{"line":59,"column":53}},"8":{"start":{"line":61,"column":8},"end":{"line":61,"column":2314}},"9":{"start":{"line":62,"column":12},"end":{"line":62,"column":78}},"10":{"start":{"line":63,"column":12},"end":{"line":63,"column":67}},"11":{"start":{"line":64,"column":12},"end":{"line":64,"column":43}},"12":{"start":{"line":69,"column":8},"end":{"line":69,"column":47}},"13":{"start":{"line":70,"column":8},"end":{"line":70,"column":49}},"14":{"start":{"line":72,"column":8},"end":{"line":72,"column":68}},"15":{"start":{"line":73,"column":8},"end":{"line":73,"column":48}},"16":{"start":{"line":77,"column":8},"end":{"line":77,"column":60}},"17":{"start":{"line":79,"column":8},"end":{"line":79,"column":41}},"18":{"start":{"line":80,"column":8},"end":{"line":80,"column":61}},"19":{"start":{"line":81,"column":8},"end":{"line":81,"column":52}},"20":{"start":{"line":83,"column":8},"end":{"line":83,"column":48}}},"branchMap":{"1":{"line":30,"type":"cond-expr","locations":[{"start":{"line":30,"column":15},"end":{"line":30,"column":53}},{"start":{"line":30,"column":58},"end":{"line":30,"column":95}}]},"2":{"line":33,"type":"if","locations":[{"start":{"line":33,"column":77},"end":{"line":33,"column":77}},{"start":{"line":33,"column":77},"end":{"line":33,"column":77}}]},"3":{"line":37,"type":"if","locations":[{"start":{"line":37,"column":92},"end":{"line":37,"column":92}},{"start":{"line":37,"column":92},"end":{"line":37,"column":92}}]},"4":{"line":45,"type":"if","locations":[{"start":{"line":45,"column":60},"end":{"line":45,"column":60}},{"start":{"line":45,"column":60},"end":{"line":45,"column":60}}]},"5":{"line":53,"type":"if","locations":[{"start":{"line":53,"column":63},"end":{"line":53,"column":63}},{"start":{"line":53,"column":63},"end":{"line":53,"column":63}}]},"6":{"line":57,"type":"if","locations":[{"start":{"line":57,"column":91},"end":{"line":57,"column":91}},{"start":{"line":57,"column":91},"end":{"line":57,"column":91}}]},"7":{"line":58,"type":"if","locations":[{"start":{"line":58,"column":8},"end":{"line":58,"column":8}},{"start":{"line":58,"column":8},"end":{"line":58,"column":8}}]},"8":{"line":59,"type":"if","locations":[{"start":{"line":59,"column":8},"end":{"line":59,"column":8}},{"start":{"line":59,"column":8},"end":{"line":59,"column":8}}]},"9":{"line":62,"type":"if","locations":[{"start":{"line":62,"column":12},"end":{"line":62,"column":12}},{"start":{"line":62,"column":12},"end":{"line":62,"column":12}}]},"10":{"line":63,"type":"if","locations":[{"start":{"line":63,"column":12},"end":{"line":63,"column":12}},{"start":{"line":63,"column":12},"end":{"line":63,"column":12}}]},"11":{"line":68,"type":"if","locations":[{"start":{"line":68,"column":33},"end":{"line":68,"column":33}},{"start":{"line":68,"column":33},"end":{"line":68,"column":33}}]},"12":{"line":70,"type":"if","locations":[{"start":{"line":70,"column":8},"end":{"line":70,"column":8}},{"start":{"line":70,"column":8},"end":{"line":70,"column":8}}]},"13":{"line":73,"type":"if","locations":[{"start":{"line":73,"column":8},"end":{"line":73,"column":8}},{"start":{"line":73,"column":8},"end":{"line":73,"column":8}}]},"14":{"line":76,"type":"if","locations":[{"start":{"line":76,"column":51},"end":{"line":76,"column":51}},{"start":{"line":76,"column":51},"end":{"line":76,"column":51}}]},"15":{"line":77,"type":"if","locations":[{"start":{"line":77,"column":8},"end":{"line":77,"column":8}},{"start":{"line":77,"column":8},"end":{"line":77,"column":8}}]},"16":{"line":81,"type":"if","locations":[{"start":{"line":81,"column":8},"end":{"line":81,"column":8}},{"start":{"line":81,"column":8},"end":{"line":81,"column":8}}]}}},"contracts\\ProphetsOfEthereum.sol":{"l":{"149":18,"150":18,"151":18,"152":18,"153":18,"156":18,"157":0,"158":0,"162":18,"163":18,"170":311,"184":36,"185":36,"186":36,"187":36,"189":36,"190":36,"191":36,"193":36,"194":36,"197":36,"198":18,"199":18,"203":36,"204":36,"214":36,"223":36,"224":36,"226":36,"230":56,"231":56,"232":55,"239":879,"240":879,"243":867,"246":867,"247":0,"250":867,"257":149,"258":149,"260":0,"263":0,"264":0,"266":0,"273":0,"277":0,"281":0,"286":149,"287":149,"289":149,"290":149,"291":149,"292":149,"294":0,"296":149,"302":0,"303":0,"304":0,"305":0,"306":0,"308":0,"309":0,"310":0,"312":0,"313":0,"314":0,"315":0,"316":0,"328":159,"329":159,"330":153,"332":139,"333":139,"334":139,"336":133,"339":133,"341":49,"342":49,"343":49,"347":133,"348":133,"350":133,"351":133,"353":132,"354":132,"357":132,"358":12,"359":6,"362":120,"367":120,"368":120,"370":120,"371":66,"372":66,"374":120,"375":84,"376":84,"379":120,"388":46,"389":46,"390":46,"391":22,"393":18,"396":18,"397":18,"399":18,"400":18,"402":18,"403":18,"405":18,"410":14,"411":13,"412":13,"413":13,"414":10,"425":0,"426":0,"429":0,"430":0,"433":0,"435":0,"436":0,"438":0,"440":0,"441":0,"448":0,"449":0,"454":0,"456":0,"458":0,"465":0,"469":51,"470":51,"473":39,"474":12,"478":27,"482":396,"483":396,"485":396,"486":396,"494":52,"495":1,"497":51,"499":27,"500":27,"501":27,"504":27,"508":27,"509":5,"513":22,"518":218,"519":218,"522":218,"523":218,"524":218,"526":218,"527":187,"528":66,"530":121,"531":121,"532":121,"533":121,"535":121,"537":121,"538":73,"540":121,"541":121,"544":31,"545":31,"546":24,"549":110,"556":0,"557":0,"558":0,"565":2,"568":2,"569":4,"571":0,"576":2,"580":16,"582":16,"583":16,"584":16,"587":16,"589":16,"603":16,"607":16,"608":14,"609":14,"610":14,"611":12,"612":12,"614":2,"621":0,"623":0,"631":16,"634":16,"635":0,"640":16,"642":2,"643":2,"649":14,"650":14,"651":14,"652":14,"653":12,"660":12,"661":12,"662":12,"673":16,"680":24,"682":24,"683":24,"685":24,"693":24,"694":24,"696":24,"698":19,"699":19,"701":19,"702":19,"705":19,"706":19,"709":19,"717":18,"722":0,"723":0,"727":0,"729":0,"730":0,"732":0,"739":0,"740":0,"744":0,"751":0,"752":0,"756":0,"757":0,"761":0,"762":0,"776":18,"777":18,"778":18,"779":18,"780":18,"784":121,"785":121,"789":254,"794":0,"804":0,"805":0,"807":0,"809":0,"812":0,"814":0,"816":0,"819":0,"823":0,"825":0,"827":0,"841":0,"842":0,"843":0,"845":0,"846":0,"849":0,"850":0,"853":0,"854":0,"857":0,"860":0,"861":0,"862":0,"865":0,"867":0},"path":"C:\\rarity\\zkMarketsContracts\\contracts\\ProphetsOfEthereum.sol","s":{"1":18,"2":0,"3":18,"4":311,"5":36,"6":36,"7":36,"8":36,"9":36,"10":36,"11":36,"12":36,"13":36,"14":36,"15":36,"16":36,"17":36,"18":36,"19":36,"20":56,"21":0,"22":56,"23":1,"24":55,"25":879,"26":0,"27":879,"28":12,"29":867,"30":867,"31":0,"32":867,"33":149,"34":149,"35":0,"36":0,"37":0,"38":0,"39":0,"40":0,"41":0,"42":0,"43":149,"44":149,"45":149,"46":149,"47":149,"48":149,"49":0,"50":0,"51":0,"52":0,"53":0,"54":0,"55":0,"56":0,"57":0,"58":0,"59":0,"60":0,"61":0,"62":159,"63":159,"64":153,"65":139,"66":139,"67":139,"68":133,"69":133,"70":49,"71":133,"72":133,"73":133,"74":133,"75":132,"76":132,"77":132,"78":12,"79":6,"80":120,"81":120,"82":120,"83":120,"84":46,"85":46,"86":46,"87":22,"88":18,"89":18,"90":18,"91":18,"92":18,"93":18,"94":14,"95":13,"96":13,"97":10,"98":0,"99":0,"100":0,"101":0,"102":0,"103":0,"104":0,"105":0,"106":0,"107":0,"108":0,"109":0,"110":0,"111":51,"112":51,"113":12,"114":39,"115":12,"116":27,"117":396,"118":396,"119":0,"120":396,"121":396,"122":52,"123":1,"124":51,"125":27,"126":27,"127":27,"128":27,"129":27,"130":5,"131":22,"132":218,"133":0,"134":218,"135":0,"136":218,"137":218,"138":218,"139":0,"140":218,"141":187,"142":66,"143":121,"144":121,"145":121,"146":121,"147":0,"148":121,"149":121,"150":121,"151":121,"152":18,"153":31,"154":31,"155":24,"156":110,"157":0,"158":0,"159":0,"160":2,"161":2,"162":4,"163":0,"164":2,"165":16,"166":16,"167":16,"168":16,"169":16,"170":16,"171":16,"172":16,"173":2,"174":14,"175":0,"176":14,"177":14,"178":12,"179":12,"180":2,"181":0,"182":0,"183":16,"184":16,"185":16,"186":2,"187":14,"188":14,"189":14,"190":14,"191":12,"192":12,"193":16,"194":24,"195":0,"196":24,"197":24,"198":24,"199":24,"200":24,"201":24,"202":5,"203":19,"204":19,"205":19,"206":19,"207":19,"208":0,"209":0,"210":0,"211":0,"212":0,"213":0,"214":0,"215":0,"216":0,"217":0,"218":0,"219":0,"220":0,"221":18,"222":18,"223":18,"224":18,"225":18,"226":121,"227":0,"228":121,"229":254,"230":0,"231":0,"232":0,"233":0,"234":0,"235":0,"236":0,"237":0,"238":0,"239":0,"240":0,"241":0,"242":0,"243":0,"244":0,"245":0,"246":0,"247":0,"248":0,"249":0,"250":0,"251":0,"252":0,"253":0},"b":{"1":[0,18],"2":[36,0],"3":[36,0],"4":[36,0],"5":[36,0],"6":[36,0],"7":[36,0],"8":[18,18],"9":[0,56],"10":[1,55],"11":[0,879],"12":[12,867],"13":[0,867],"14":[149,0],"15":[0,0],"16":[149,0],"17":[149,0],"18":[149,0],"19":[0,0],"20":[0,0],"21":[159,0],"22":[153,6],"23":[139,14],"24":[139,0],"25":[133,6],"26":[49,84],"27":[133,0],"28":[132,1],"29":[12,120],"30":[6,6],"31":[0,6],"32":[120,0],"33":[66,54],"34":[48,18],"35":[84,36],"36":[48,36],"37":[46,0],"38":[46,0],"39":[18,4],"40":[18,0],"41":[18,0],"42":[14,0],"43":[13,1],"44":[13,0],"45":[10,0],"46":[0,0],"47":[0,0],"48":[0,0],"49":[0,0],"50":[0,0],"51":[0,0],"52":[0,0],"53":[0,0],"54":[0,0],"55":[12,39],"56":[12,27],"57":[0,396],"58":[1,51],"59":[27,24],"60":[27,0],"61":[27,0],"62":[5,22],"63":[0,218],"64":[0,218],"65":[0,218],"66":[187,31],"67":[66,121],"68":[0,121],"69":[73,48],"70":[18,103],"71":[24,7],"72":[0,0],"73":[0,4],"74":[16,0],"75":[2,14],"76":[0,14],"77":[12,2],"78":[9,3],"79":[0,0],"80":[0,16],"81":[2,14],"82":[14,0],"83":[12,2],"84":[12,0],"85":[0,24],"86":[5,19],"87":[18,0],"88":[0,0],"89":[0,0],"90":[0,0],"91":[0,0],"92":[0,0],"93":[0,0],"94":[0,0],"95":[0,0],"96":[0,0],"97":[0,0],"98":[0,0],"99":[0,121],"100":[136,118],"101":[0,0],"102":[0,0],"103":[0,0],"104":[0,0],"105":[0,0],"106":[0,0],"107":[0,0],"108":[0,0],"109":[0,0],"110":[0,0],"111":[0,0],"112":[0,0]},"f":{"1":18,"2":311,"3":36,"4":36,"5":56,"6":879,"7":149,"8":0,"9":0,"10":0,"11":149,"12":0,"13":159,"14":46,"15":14,"16":0,"17":0,"18":0,"19":0,"20":51,"21":396,"22":52,"23":218,"24":0,"25":2,"26":16,"27":16,"28":0,"29":16,"30":24,"31":24,"32":18,"33":0,"34":0,"35":0,"36":0,"37":0,"38":0,"39":0,"40":18,"41":121,"42":254,"43":0,"44":0,"45":0},"fnMap":{"1":{"name":"constructor","line":148,"loc":{"start":{"line":142,"column":4},"end":{"line":164,"column":4}}},"2":{"name":"_startTokenId","line":169,"loc":{"start":{"line":169,"column":4},"end":{"line":171,"column":4}}},"3":{"name":"mint","line":176,"loc":{"start":{"line":176,"column":4},"end":{"line":205,"column":4}}},"4":{"name":"_validateSignature","line":207,"loc":{"start":{"line":207,"column":4},"end":{"line":227,"column":4}}},"5":{"name":"getTreasury","line":229,"loc":{"start":{"line":229,"column":4},"end":{"line":233,"column":4}}},"6":{"name":"getCurrentCycle","line":238,"loc":{"start":{"line":238,"column":4},"end":{"line":251,"column":4}}},"7":{"name":"_readCurrentPrice","line":256,"loc":{"start":{"line":256,"column":4},"end":{"line":269,"column":4}}},"8":{"name":"readPythPrice","line":272,"loc":{"start":{"line":272,"column":4},"end":{"line":274,"column":4}}},"9":{"name":"readAMMPrice","line":276,"loc":{"start":{"line":276,"column":4},"end":{"line":278,"column":4}}},"10":{"name":"readCurrentPrice","line":280,"loc":{"start":{"line":280,"column":4},"end":{"line":282,"column":4}}},"11":{"name":"_readPythPriceInternal","line":285,"loc":{"start":{"line":285,"column":4},"end":{"line":297,"column":4}}},"12":{"name":"_readAMMPrice","line":301,"loc":{"start":{"line":301,"column":4},"end":{"line":317,"column":4}}},"13":{"name":"makePrediction","line":325,"loc":{"start":{"line":325,"column":4},"end":{"line":380,"column":4}}},"14":{"name":"acceptDivineBlessing","line":387,"loc":{"start":{"line":387,"column":4},"end":{"line":406,"column":4}}},"15":{"name":"withdrawMaintenanceFee","line":409,"loc":{"start":{"line":409,"column":4},"end":{"line":415,"column":4}}},"16":{"name":"emergencyWithdraw","line":420,"loc":{"start":{"line":420,"column":4},"end":{"line":442,"column":4}}},"17":{"name":"setAllowedOperator","line":447,"loc":{"start":{"line":447,"column":4},"end":{"line":450,"column":4}}},"18":{"name":"onlyAllowedOperator","line":453,"loc":{"start":{"line":453,"column":4},"end":{"line":459,"column":4}}},"19":{"name":"maxSupply","line":464,"loc":{"start":{"line":464,"column":4},"end":{"line":466,"column":4}}},"20":{"name":"isGameEnded","line":468,"loc":{"start":{"line":468,"column":4},"end":{"line":479,"column":4}}},"21":{"name":"_isInSundayWindow","line":481,"loc":{"start":{"line":481,"column":4},"end":{"line":487,"column":4}}},"22":{"name":"getWinner","line":492,"loc":{"start":{"line":492,"column":4},"end":{"line":515,"column":4}}},"23":{"name":"isBurned","line":517,"loc":{"start":{"line":517,"column":4},"end":{"line":550,"column":4}}},"24":{"name":"getBurnCycle","line":555,"loc":{"start":{"line":555,"column":4},"end":{"line":559,"column":4}}},"25":{"name":"_getBurnCycle","line":564,"loc":{"start":{"line":564,"column":4},"end":{"line":577,"column":4}}},"26":{"name":"tokenURI","line":579,"loc":{"start":{"line":579,"column":4},"end":{"line":604,"column":4}}},"27":{"name":"_getTokenState","line":606,"loc":{"start":{"line":606,"column":4},"end":{"line":615,"column":4}}},"28":{"name":"isSoulbound","line":620,"loc":{"start":{"line":620,"column":4},"end":{"line":624,"column":4}}},"29":{"name":"_buildAttributes","line":630,"loc":{"start":{"line":630,"column":4},"end":{"line":674,"column":4}}},"30":{"name":"_formatPrice","line":679,"loc":{"start":{"line":679,"column":4},"end":{"line":686,"column":4}}},"31":{"name":"_padZeros","line":692,"loc":{"start":{"line":692,"column":4},"end":{"line":710,"column":4}}},"32":{"name":"setPriceProvider","line":716,"loc":{"start":{"line":716,"column":4},"end":{"line":718,"column":4}}},"33":{"name":"setPythMaxAge","line":721,"loc":{"start":{"line":721,"column":4},"end":{"line":724,"column":4}}},"34":{"name":"setApprover","line":726,"loc":{"start":{"line":726,"column":4},"end":{"line":733,"column":4}}},"35":{"name":"royaltyInfo","line":738,"loc":{"start":{"line":738,"column":4},"end":{"line":741,"column":4}}},"36":{"name":"supportsInterface","line":743,"loc":{"start":{"line":743,"column":4},"end":{"line":745,"column":4}}},"37":{"name":"transferFrom","line":750,"loc":{"start":{"line":750,"column":4},"end":{"line":753,"column":4}}},"38":{"name":"safeTransferFrom","line":755,"loc":{"start":{"line":755,"column":4},"end":{"line":758,"column":4}}},"39":{"name":"safeTransferFrom","line":760,"loc":{"start":{"line":760,"column":4},"end":{"line":763,"column":4}}},"40":{"name":"_nextSunday00UTC","line":775,"loc":{"start":{"line":775,"column":4},"end":{"line":781,"column":4}}},"41":{"name":"_priceChangeBps","line":783,"loc":{"start":{"line":783,"column":4},"end":{"line":786,"column":4}}},"42":{"name":"_absDiff","line":788,"loc":{"start":{"line":788,"column":4},"end":{"line":790,"column":4}}},"43":{"name":"_divinePunish","line":793,"loc":{"start":{"line":793,"column":4},"end":{"line":795,"column":4}}},"44":{"name":"getMinimalFloorPrice","line":803,"loc":{"start":{"line":803,"column":4},"end":{"line":828,"column":4}}},"45":{"name":"punishUnfaithful","line":835,"loc":{"start":{"line":835,"column":4},"end":{"line":868,"column":4}}}},"statementMap":{"1":{"start":{"line":156,"column":8},"end":{"line":156,"column":6778}},"2":{"start":{"line":158,"column":12},"end":{"line":158,"column":52}},"3":{"start":{"line":163,"column":8},"end":{"line":163,"column":46}},"4":{"start":{"line":170,"column":8},"end":{"line":170,"column":16}},"5":{"start":{"line":184,"column":8},"end":{"line":184,"column":59}},"6":{"start":{"line":185,"column":8},"end":{"line":185,"column":60}},"7":{"start":{"line":186,"column":8},"end":{"line":186,"column":74}},"8":{"start":{"line":187,"column":8},"end":{"line":187,"column":75}},"9":{"start":{"line":189,"column":8},"end":{"line":189,"column":107}},"10":{"start":{"line":190,"column":8},"end":{"line":190,"column":107}},"11":{"start":{"line":191,"column":8},"end":{"line":191,"column":92}},"12":{"start":{"line":194,"column":8},"end":{"line":194,"column":32}},"13":{"start":{"line":197,"column":8},"end":{"line":197,"column":8423}},"14":{"start":{"line":203,"column":8},"end":{"line":203,"column":60}},"15":{"start":{"line":204,"column":8},"end":{"line":204,"column":65}},"16":{"start":{"line":214,"column":8},"end":{"line":214,"column":9078}},"17":{"start":{"line":223,"column":8},"end":{"line":223,"column":51}},"18":{"start":{"line":224,"column":8},"end":{"line":224,"column":48}},"19":{"start":{"line":226,"column":8},"end":{"line":226,"column":33}},"20":{"start":{"line":230,"column":8},"end":{"line":230,"column":62}},"21":{"start":{"line":230,"column":34},"end":{"line":230,"column":62}},"22":{"start":{"line":231,"column":8},"end":{"line":231,"column":62}},"23":{"start":{"line":231,"column":54},"end":{"line":231,"column":62}},"24":{"start":{"line":232,"column":8},"end":{"line":232,"column":54}},"25":{"start":{"line":239,"column":8},"end":{"line":239,"column":48}},"26":{"start":{"line":239,"column":40},"end":{"line":239,"column":48}},"27":{"start":{"line":240,"column":8},"end":{"line":240,"column":55}},"28":{"start":{"line":240,"column":47},"end":{"line":240,"column":55}},"29":{"start":{"line":243,"column":8},"end":{"line":243,"column":92}},"30":{"start":{"line":246,"column":8},"end":{"line":246,"column":10238}},"31":{"start":{"line":247,"column":12},"end":{"line":247,"column":33}},"32":{"start":{"line":250,"column":8},"end":{"line":250,"column":30}},"33":{"start":{"line":257,"column":8},"end":{"line":257,"column":10518}},"34":{"start":{"line":258,"column":12},"end":{"line":258,"column":43}},"35":{"start":{"line":259,"column":15},"end":{"line":259,"column":10623}},"36":{"start":{"line":260,"column":12},"end":{"line":260,"column":34}},"37":{"start":{"line":263,"column":12},"end":{"line":263,"column":10798}},"38":{"start":{"line":264,"column":16},"end":{"line":264,"column":28}},"39":{"start":{"line":266,"column":16},"end":{"line":266,"column":38}},"40":{"start":{"line":273,"column":8},"end":{"line":273,"column":39}},"41":{"start":{"line":277,"column":8},"end":{"line":277,"column":30}},"42":{"start":{"line":281,"column":8},"end":{"line":281,"column":34}},"43":{"start":{"line":286,"column":8},"end":{"line":286,"column":58}},"44":{"start":{"line":287,"column":8},"end":{"line":287,"column":99}},"45":{"start":{"line":289,"column":8},"end":{"line":289,"column":53}},"46":{"start":{"line":290,"column":8},"end":{"line":290,"column":29}},"47":{"start":{"line":291,"column":8},"end":{"line":291,"column":11834}},"48":{"start":{"line":296,"column":8},"end":{"line":296,"column":38}},"49":{"start":{"line":302,"column":8},"end":{"line":302,"column":78}},"50":{"start":{"line":303,"column":8},"end":{"line":303,"column":57}},"51":{"start":{"line":304,"column":8},"end":{"line":304,"column":57}},"52":{"start":{"line":305,"column":8},"end":{"line":305,"column":21}},"53":{"start":{"line":306,"column":8},"end":{"line":306,"column":20}},"54":{"start":{"line":308,"column":8},"end":{"line":308,"column":85}},"55":{"start":{"line":309,"column":8},"end":{"line":309,"column":85}},"56":{"start":{"line":310,"column":8},"end":{"line":310,"column":39}},"57":{"start":{"line":312,"column":8},"end":{"line":312,"column":52}},"58":{"start":{"line":313,"column":8},"end":{"line":313,"column":46}},"59":{"start":{"line":314,"column":8},"end":{"line":314,"column":36}},"60":{"start":{"line":315,"column":8},"end":{"line":315,"column":56}},"61":{"start":{"line":316,"column":8},"end":{"line":316,"column":31}},"62":{"start":{"line":328,"column":8},"end":{"line":328,"column":76}},"63":{"start":{"line":329,"column":8},"end":{"line":329,"column":87}},"64":{"start":{"line":330,"column":8},"end":{"line":330,"column":94}},"65":{"start":{"line":332,"column":8},"end":{"line":332,"column":41}},"66":{"start":{"line":333,"column":8},"end":{"line":333,"column":75}},"67":{"start":{"line":334,"column":8},"end":{"line":334,"column":106}},"68":{"start":{"line":336,"column":8},"end":{"line":336,"column":46}},"69":{"start":{"line":339,"column":8},"end":{"line":339,"column":14316}},"70":{"start":{"line":341,"column":12},"end":{"line":341,"column":43}},"71":{"start":{"line":347,"column":8},"end":{"line":347,"column":39}},"72":{"start":{"line":348,"column":8},"end":{"line":348,"column":64}},"73":{"start":{"line":350,"column":8},"end":{"line":350,"column":58}},"74":{"start":{"line":351,"column":8},"end":{"line":351,"column":140}},"75":{"start":{"line":353,"column":8},"end":{"line":353,"column":54}},"76":{"start":{"line":354,"column":8},"end":{"line":354,"column":52}},"77":{"start":{"line":357,"column":8},"end":{"line":357,"column":15116}},"78":{"start":{"line":358,"column":12},"end":{"line":358,"column":117}},"79":{"start":{"line":359,"column":12},"end":{"line":359,"column":119}},"80":{"start":{"line":367,"column":8},"end":{"line":367,"column":15582}},"81":{"start":{"line":370,"column":8},"end":{"line":370,"column":15673}},"82":{"start":{"line":374,"column":8},"end":{"line":374,"column":15892}},"83":{"start":{"line":379,"column":8},"end":{"line":379,"column":92}},"84":{"start":{"line":388,"column":8},"end":{"line":388,"column":80}},"85":{"start":{"line":389,"column":8},"end":{"line":389,"column":66}},"86":{"start":{"line":390,"column":8},"end":{"line":390,"column":52}},"87":{"start":{"line":391,"column":8},"end":{"line":391,"column":90}},"88":{"start":{"line":393,"column":8},"end":{"line":393,"column":48}},"89":{"start":{"line":399,"column":8},"end":{"line":399,"column":38}},"90":{"start":{"line":400,"column":8},"end":{"line":400,"column":66}},"91":{"start":{"line":402,"column":8},"end":{"line":402,"column":65}},"92":{"start":{"line":403,"column":8},"end":{"line":403,"column":46}},"93":{"start":{"line":405,"column":8},"end":{"line":405,"column":67}},"94":{"start":{"line":410,"column":8},"end":{"line":410,"column":45}},"95":{"start":{"line":411,"column":8},"end":{"line":411,"column":72}},"96":{"start":{"line":413,"column":8},"end":{"line":413,"column":57}},"97":{"start":{"line":414,"column":8},"end":{"line":414,"column":30}},"98":{"start":{"line":425,"column":8},"end":{"line":425,"column":52}},"99":{"start":{"line":426,"column":8},"end":{"line":426,"column":41}},"100":{"start":{"line":429,"column":8},"end":{"line":429,"column":88}},"101":{"start":{"line":430,"column":8},"end":{"line":430,"column":69}},"102":{"start":{"line":433,"column":8},"end":{"line":433,"column":53}},"103":{"start":{"line":435,"column":8},"end":{"line":435,"column":38}},"104":{"start":{"line":436,"column":8},"end":{"line":436,"column":41}},"105":{"start":{"line":440,"column":8},"end":{"line":440,"column":48}},"106":{"start":{"line":441,"column":8},"end":{"line":441,"column":30}},"107":{"start":{"line":449,"column":8},"end":{"line":449,"column":47}},"108":{"start":{"line":454,"column":8},"end":{"line":454,"column":19398}},"109":{"start":{"line":456,"column":12},"end":{"line":456,"column":122}},"110":{"start":{"line":465,"column":8},"end":{"line":465,"column":25}},"111":{"start":{"line":469,"column":8},"end":{"line":469,"column":41}},"112":{"start":{"line":470,"column":8},"end":{"line":470,"column":36}},"113":{"start":{"line":470,"column":24},"end":{"line":470,"column":36}},"114":{"start":{"line":473,"column":8},"end":{"line":473,"column":20135}},"115":{"start":{"line":474,"column":12},"end":{"line":474,"column":58}},"116":{"start":{"line":478,"column":8},"end":{"line":478,"column":50}},"117":{"start":{"line":482,"column":8},"end":{"line":482,"column":41}},"118":{"start":{"line":483,"column":8},"end":{"line":483,"column":36}},"119":{"start":{"line":483,"column":24},"end":{"line":483,"column":36}},"120":{"start":{"line":485,"column":8},"end":{"line":485,"column":84}},"121":{"start":{"line":486,"column":8},"end":{"line":486,"column":85}},"122":{"start":{"line":494,"column":8},"end":{"line":494,"column":21073}},"123":{"start":{"line":495,"column":12},"end":{"line":495,"column":34}},"124":{"start":{"line":497,"column":8},"end":{"line":497,"column":47}},"125":{"start":{"line":499,"column":8},"end":{"line":499,"column":94}},"126":{"start":{"line":500,"column":8},"end":{"line":500,"column":65}},"127":{"start":{"line":501,"column":8},"end":{"line":501,"column":69}},"128":{"start":{"line":504,"column":8},"end":{"line":504,"column":45}},"129":{"start":{"line":508,"column":8},"end":{"line":508,"column":21960}},"130":{"start":{"line":509,"column":12},"end":{"line":509,"column":58}},"131":{"start":{"line":513,"column":12},"end":{"line":513,"column":57}},"132":{"start":{"line":518,"column":8},"end":{"line":518,"column":52}},"133":{"start":{"line":518,"column":40},"end":{"line":518,"column":52}},"134":{"start":{"line":519,"column":8},"end":{"line":519,"column":48}},"135":{"start":{"line":519,"column":37},"end":{"line":519,"column":48}},"136":{"start":{"line":522,"column":8},"end":{"line":522,"column":43}},"137":{"start":{"line":523,"column":8},"end":{"line":523,"column":41}},"138":{"start":{"line":524,"column":8},"end":{"line":524,"column":35}},"139":{"start":{"line":524,"column":23},"end":{"line":524,"column":35}},"140":{"start":{"line":526,"column":8},"end":{"line":526,"column":22590}},"141":{"start":{"line":527,"column":12},"end":{"line":527,"column":22622}},"142":{"start":{"line":528,"column":16},"end":{"line":528,"column":28}},"143":{"start":{"line":530,"column":16},"end":{"line":530,"column":40}},"144":{"start":{"line":531,"column":16},"end":{"line":531,"column":66}},"145":{"start":{"line":532,"column":16},"end":{"line":532,"column":57}},"146":{"start":{"line":533,"column":16},"end":{"line":533,"column":43}},"147":{"start":{"line":533,"column":32},"end":{"line":533,"column":43}},"148":{"start":{"line":535,"column":16},"end":{"line":535,"column":61}},"149":{"start":{"line":537,"column":16},"end":{"line":537,"column":23198}},"150":{"start":{"line":540,"column":16},"end":{"line":540,"column":65}},"151":{"start":{"line":541,"column":16},"end":{"line":541,"column":64}},"152":{"start":{"line":541,"column":53},"end":{"line":541,"column":64}},"153":{"start":{"line":544,"column":12},"end":{"line":544,"column":57}},"154":{"start":{"line":545,"column":12},"end":{"line":545,"column":23565}},"155":{"start":{"line":546,"column":16},"end":{"line":546,"column":27}},"156":{"start":{"line":549,"column":8},"end":{"line":549,"column":20}},"157":{"start":{"line":556,"column":8},"end":{"line":556,"column":39}},"158":{"start":{"line":557,"column":8},"end":{"line":557,"column":45}},"159":{"start":{"line":558,"column":8},"end":{"line":558,"column":37}},"160":{"start":{"line":565,"column":8},"end":{"line":565,"column":48}},"161":{"start":{"line":568,"column":8},"end":{"line":568,"column":24492}},"162":{"start":{"line":569,"column":12},"end":{"line":569,"column":24566}},"163":{"start":{"line":571,"column":16},"end":{"line":571,"column":28}},"164":{"start":{"line":576,"column":8},"end":{"line":576,"column":27}},"165":{"start":{"line":580,"column":8},"end":{"line":580,"column":38}},"166":{"start":{"line":582,"column":8},"end":{"line":582,"column":53}},"167":{"start":{"line":583,"column":8},"end":{"line":583,"column":75}},"168":{"start":{"line":584,"column":8},"end":{"line":584,"column":85}},"169":{"start":{"line":587,"column":8},"end":{"line":587,"column":67}},"170":{"start":{"line":589,"column":8},"end":{"line":589,"column":25417}},"171":{"start":{"line":603,"column":8},"end":{"line":603,"column":100}},"172":{"start":{"line":607,"column":8},"end":{"line":607,"column":46}},"173":{"start":{"line":607,"column":31},"end":{"line":607,"column":46}},"174":{"start":{"line":608,"column":8},"end":{"line":608,"column":56}},"175":{"start":{"line":608,"column":40},"end":{"line":608,"column":56}},"176":{"start":{"line":609,"column":8},"end":{"line":609,"column":41}},"177":{"start":{"line":610,"column":8},"end":{"line":610,"column":26168}},"178":{"start":{"line":611,"column":12},"end":{"line":611,"column":76}},"179":{"start":{"line":612,"column":12},"end":{"line":612,"column":45}},"180":{"start":{"line":614,"column":8},"end":{"line":614,"column":29}},"181":{"start":{"line":621,"column":8},"end":{"line":621,"column":38}},"182":{"start":{"line":623,"column":8},"end":{"line":623,"column":32}},"183":{"start":{"line":631,"column":8},"end":{"line":631,"column":107}},"184":{"start":{"line":634,"column":8},"end":{"line":634,"column":27265}},"185":{"start":{"line":640,"column":12},"end":{"line":640,"column":27500}},"186":{"start":{"line":642,"column":16},"end":{"line":642,"column":58}},"187":{"start":{"line":649,"column":16},"end":{"line":649,"column":49}},"188":{"start":{"line":650,"column":16},"end":{"line":650,"column":28088}},"189":{"start":{"line":651,"column":20},"end":{"line":651,"column":67}},"190":{"start":{"line":652,"column":20},"end":{"line":652,"column":28200}},"191":{"start":{"line":660,"column":24},"end":{"line":660,"column":67}},"192":{"start":{"line":661,"column":24},"end":{"line":661,"column":28749}},"193":{"start":{"line":673,"column":8},"end":{"line":673,"column":25}},"194":{"start":{"line":680,"column":8},"end":{"line":680,"column":38}},"195":{"start":{"line":680,"column":24},"end":{"line":680,"column":38}},"196":{"start":{"line":682,"column":8},"end":{"line":682,"column":46}},"197":{"start":{"line":683,"column":8},"end":{"line":683,"column":52}},"198":{"start":{"line":685,"column":8},"end":{"line":685,"column":90}},"199":{"start":{"line":693,"column":8},"end":{"line":693,"column":45}},"200":{"start":{"line":694,"column":8},"end":{"line":694,"column":45}},"201":{"start":{"line":696,"column":8},"end":{"line":696,"column":52}},"202":{"start":{"line":696,"column":39},"end":{"line":696,"column":52}},"203":{"start":{"line":698,"column":8},"end":{"line":698,"column":47}},"204":{"start":{"line":699,"column":8},"end":{"line":699,"column":50}},"205":{"start":{"line":701,"column":8},"end":{"line":701,"column":30410}},"206":{"start":{"line":705,"column":8},"end":{"line":705,"column":30510}},"207":{"start":{"line":709,"column":8},"end":{"line":709,"column":29}},"208":{"start":{"line":722,"column":8},"end":{"line":722,"column":56}},"209":{"start":{"line":727,"column":8},"end":{"line":727,"column":69}},"210":{"start":{"line":729,"column":8},"end":{"line":729,"column":38}},"211":{"start":{"line":732,"column":8},"end":{"line":732,"column":54}},"212":{"start":{"line":739,"column":8},"end":{"line":739,"column":58}},"213":{"start":{"line":740,"column":8},"end":{"line":740,"column":38}},"214":{"start":{"line":744,"column":8},"end":{"line":744,"column":96}},"215":{"start":{"line":751,"column":8},"end":{"line":751,"column":96}},"216":{"start":{"line":752,"column":8},"end":{"line":752,"column":44}},"217":{"start":{"line":756,"column":8},"end":{"line":756,"column":96}},"218":{"start":{"line":757,"column":8},"end":{"line":757,"column":48}},"219":{"start":{"line":761,"column":8},"end":{"line":761,"column":96}},"220":{"start":{"line":762,"column":8},"end":{"line":762,"column":54}},"221":{"start":{"line":776,"column":8},"end":{"line":776,"column":35}},"222":{"start":{"line":777,"column":8},"end":{"line":777,"column":37}},"223":{"start":{"line":778,"column":8},"end":{"line":778,"column":32}},"224":{"start":{"line":779,"column":8},"end":{"line":779,"column":36}},"225":{"start":{"line":780,"column":8},"end":{"line":780,"column":41}},"226":{"start":{"line":784,"column":8},"end":{"line":784,"column":28}},"227":{"start":{"line":784,"column":20},"end":{"line":784,"column":28}},"228":{"start":{"line":785,"column":8},"end":{"line":785,"column":52}},"229":{"start":{"line":789,"column":8},"end":{"line":789,"column":54}},"230":{"start":{"line":804,"column":8},"end":{"line":804,"column":41}},"231":{"start":{"line":805,"column":8},"end":{"line":805,"column":29}},"232":{"start":{"line":807,"column":8},"end":{"line":807,"column":34666}},"233":{"start":{"line":812,"column":12},"end":{"line":812,"column":47}},"234":{"start":{"line":814,"column":12},"end":{"line":814,"column":34945}},"235":{"start":{"line":823,"column":8},"end":{"line":823,"column":49}},"236":{"start":{"line":823,"column":32},"end":{"line":823,"column":49}},"237":{"start":{"line":825,"column":8},"end":{"line":825,"column":63}},"238":{"start":{"line":827,"column":8},"end":{"line":827,"column":74}},"239":{"start":{"line":841,"column":8},"end":{"line":841,"column":86}},"240":{"start":{"line":842,"column":8},"end":{"line":842,"column":87}},"241":{"start":{"line":843,"column":8},"end":{"line":843,"column":101}},"242":{"start":{"line":845,"column":8},"end":{"line":845,"column":58}},"243":{"start":{"line":846,"column":8},"end":{"line":846,"column":52}},"244":{"start":{"line":849,"column":8},"end":{"line":849,"column":45}},"245":{"start":{"line":850,"column":8},"end":{"line":850,"column":66}},"246":{"start":{"line":853,"column":8},"end":{"line":853,"column":106}},"247":{"start":{"line":854,"column":8},"end":{"line":854,"column":53}},"248":{"start":{"line":857,"column":8},"end":{"line":857,"column":109}},"249":{"start":{"line":860,"column":8},"end":{"line":860,"column":67}},"250":{"start":{"line":861,"column":8},"end":{"line":861,"column":53}},"251":{"start":{"line":862,"column":8},"end":{"line":862,"column":66}},"252":{"start":{"line":865,"column":8},"end":{"line":865,"column":29}},"253":{"start":{"line":867,"column":8},"end":{"line":867,"column":80}}},"branchMap":{"1":{"line":156,"type":"if","locations":[{"start":{"line":156,"column":8},"end":{"line":156,"column":8}},{"start":{"line":156,"column":8},"end":{"line":156,"column":8}}]},"2":{"line":184,"type":"if","locations":[{"start":{"line":184,"column":8},"end":{"line":184,"column":8}},{"start":{"line":184,"column":8},"end":{"line":184,"column":8}}]},"3":{"line":185,"type":"if","locations":[{"start":{"line":185,"column":8},"end":{"line":185,"column":8}},{"start":{"line":185,"column":8},"end":{"line":185,"column":8}}]},"4":{"line":186,"type":"if","locations":[{"start":{"line":186,"column":8},"end":{"line":186,"column":8}},{"start":{"line":186,"column":8},"end":{"line":186,"column":8}}]},"5":{"line":187,"type":"if","locations":[{"start":{"line":187,"column":8},"end":{"line":187,"column":8}},{"start":{"line":187,"column":8},"end":{"line":187,"column":8}}]},"6":{"line":190,"type":"if","locations":[{"start":{"line":190,"column":8},"end":{"line":190,"column":8}},{"start":{"line":190,"column":8},"end":{"line":190,"column":8}}]},"7":{"line":191,"type":"if","locations":[{"start":{"line":191,"column":8},"end":{"line":191,"column":8}},{"start":{"line":191,"column":8},"end":{"line":191,"column":8}}]},"8":{"line":197,"type":"if","locations":[{"start":{"line":197,"column":8},"end":{"line":197,"column":8}},{"start":{"line":197,"column":8},"end":{"line":197,"column":8}}]},"9":{"line":230,"type":"if","locations":[{"start":{"line":230,"column":8},"end":{"line":230,"column":8}},{"start":{"line":230,"column":8},"end":{"line":230,"column":8}}]},"10":{"line":231,"type":"if","locations":[{"start":{"line":231,"column":8},"end":{"line":231,"column":8}},{"start":{"line":231,"column":8},"end":{"line":231,"column":8}}]},"11":{"line":239,"type":"if","locations":[{"start":{"line":239,"column":8},"end":{"line":239,"column":8}},{"start":{"line":239,"column":8},"end":{"line":239,"column":8}}]},"12":{"line":240,"type":"if","locations":[{"start":{"line":240,"column":8},"end":{"line":240,"column":8}},{"start":{"line":240,"column":8},"end":{"line":240,"column":8}}]},"13":{"line":246,"type":"if","locations":[{"start":{"line":246,"column":8},"end":{"line":246,"column":8}},{"start":{"line":246,"column":8},"end":{"line":246,"column":8}}]},"14":{"line":257,"type":"if","locations":[{"start":{"line":257,"column":8},"end":{"line":257,"column":8}},{"start":{"line":257,"column":8},"end":{"line":257,"column":8}}]},"15":{"line":259,"type":"if","locations":[{"start":{"line":259,"column":15},"end":{"line":259,"column":15}},{"start":{"line":259,"column":15},"end":{"line":259,"column":15}}]},"16":{"line":286,"type":"if","locations":[{"start":{"line":286,"column":8},"end":{"line":286,"column":8}},{"start":{"line":286,"column":8},"end":{"line":286,"column":8}}]},"17":{"line":289,"type":"if","locations":[{"start":{"line":289,"column":8},"end":{"line":289,"column":8}},{"start":{"line":289,"column":8},"end":{"line":289,"column":8}}]},"18":{"line":291,"type":"if","locations":[{"start":{"line":291,"column":8},"end":{"line":291,"column":8}},{"start":{"line":291,"column":8},"end":{"line":291,"column":8}}]},"19":{"line":310,"type":"if","locations":[{"start":{"line":310,"column":8},"end":{"line":310,"column":8}},{"start":{"line":310,"column":8},"end":{"line":310,"column":8}}]},"20":{"line":315,"type":"if","locations":[{"start":{"line":315,"column":8},"end":{"line":315,"column":8}},{"start":{"line":315,"column":8},"end":{"line":315,"column":8}}]},"21":{"line":328,"type":"if","locations":[{"start":{"line":328,"column":8},"end":{"line":328,"column":8}},{"start":{"line":328,"column":8},"end":{"line":328,"column":8}}]},"22":{"line":329,"type":"if","locations":[{"start":{"line":329,"column":8},"end":{"line":329,"column":8}},{"start":{"line":329,"column":8},"end":{"line":329,"column":8}}]},"23":{"line":330,"type":"if","locations":[{"start":{"line":330,"column":8},"end":{"line":330,"column":8}},{"start":{"line":330,"column":8},"end":{"line":330,"column":8}}]},"24":{"line":333,"type":"if","locations":[{"start":{"line":333,"column":8},"end":{"line":333,"column":8}},{"start":{"line":333,"column":8},"end":{"line":333,"column":8}}]},"25":{"line":334,"type":"if","locations":[{"start":{"line":334,"column":8},"end":{"line":334,"column":8}},{"start":{"line":334,"column":8},"end":{"line":334,"column":8}}]},"26":{"line":339,"type":"if","locations":[{"start":{"line":339,"column":8},"end":{"line":339,"column":8}},{"start":{"line":339,"column":8},"end":{"line":339,"column":8}}]},"27":{"line":348,"type":"if","locations":[{"start":{"line":348,"column":8},"end":{"line":348,"column":8}},{"start":{"line":348,"column":8},"end":{"line":348,"column":8}}]},"28":{"line":351,"type":"if","locations":[{"start":{"line":351,"column":8},"end":{"line":351,"column":8}},{"start":{"line":351,"column":8},"end":{"line":351,"column":8}}]},"29":{"line":357,"type":"if","locations":[{"start":{"line":357,"column":8},"end":{"line":357,"column":8}},{"start":{"line":357,"column":8},"end":{"line":357,"column":8}}]},"30":{"line":358,"type":"if","locations":[{"start":{"line":358,"column":12},"end":{"line":358,"column":12}},{"start":{"line":358,"column":12},"end":{"line":358,"column":12}}]},"31":{"line":359,"type":"if","locations":[{"start":{"line":359,"column":12},"end":{"line":359,"column":12}},{"start":{"line":359,"column":12},"end":{"line":359,"column":12}}]},"32":{"line":367,"type":"if","locations":[{"start":{"line":367,"column":8},"end":{"line":367,"column":8}},{"start":{"line":367,"column":8},"end":{"line":367,"column":8}}]},"33":{"line":370,"type":"if","locations":[{"start":{"line":370,"column":8},"end":{"line":370,"column":8}},{"start":{"line":370,"column":8},"end":{"line":370,"column":8}}]},"34":{"line":370,"type":"cond-expr","locations":[{"start":{"line":370,"column":12},"end":{"line":370,"column":44}},{"start":{"line":370,"column":49},"end":{"line":370,"column":91}}]},"35":{"line":374,"type":"if","locations":[{"start":{"line":374,"column":8},"end":{"line":374,"column":8}},{"start":{"line":374,"column":8},"end":{"line":374,"column":8}}]},"36":{"line":374,"type":"cond-expr","locations":[{"start":{"line":374,"column":12},"end":{"line":374,"column":45}},{"start":{"line":374,"column":50},"end":{"line":374,"column":93}}]},"37":{"line":388,"type":"if","locations":[{"start":{"line":388,"column":8},"end":{"line":388,"column":8}},{"start":{"line":388,"column":8},"end":{"line":388,"column":8}}]},"38":{"line":389,"type":"if","locations":[{"start":{"line":389,"column":8},"end":{"line":389,"column":8}},{"start":{"line":389,"column":8},"end":{"line":389,"column":8}}]},"39":{"line":391,"type":"if","locations":[{"start":{"line":391,"column":8},"end":{"line":391,"column":8}},{"start":{"line":391,"column":8},"end":{"line":391,"column":8}}]},"40":{"line":400,"type":"if","locations":[{"start":{"line":400,"column":8},"end":{"line":400,"column":8}},{"start":{"line":400,"column":8},"end":{"line":400,"column":8}}]},"41":{"line":403,"type":"if","locations":[{"start":{"line":403,"column":8},"end":{"line":403,"column":8}},{"start":{"line":403,"column":8},"end":{"line":403,"column":8}}]},"42":{"line":409,"type":"if","locations":[{"start":{"line":409,"column":65},"end":{"line":409,"column":65}},{"start":{"line":409,"column":65},"end":{"line":409,"column":65}}]},"43":{"line":410,"type":"if","locations":[{"start":{"line":410,"column":8},"end":{"line":410,"column":8}},{"start":{"line":410,"column":8},"end":{"line":410,"column":8}}]},"44":{"line":411,"type":"if","locations":[{"start":{"line":411,"column":8},"end":{"line":411,"column":8}},{"start":{"line":411,"column":8},"end":{"line":411,"column":8}}]},"45":{"line":414,"type":"if","locations":[{"start":{"line":414,"column":8},"end":{"line":414,"column":8}},{"start":{"line":414,"column":8},"end":{"line":414,"column":8}}]},"46":{"line":420,"type":"if","locations":[{"start":{"line":420,"column":84},"end":{"line":420,"column":84}},{"start":{"line":420,"column":84},"end":{"line":420,"column":84}}]},"47":{"line":426,"type":"if","locations":[{"start":{"line":426,"column":8},"end":{"line":426,"column":8}},{"start":{"line":426,"column":8},"end":{"line":426,"column":8}}]},"48":{"line":433,"type":"if","locations":[{"start":{"line":433,"column":8},"end":{"line":433,"column":8}},{"start":{"line":433,"column":8},"end":{"line":433,"column":8}}]},"49":{"line":436,"type":"if","locations":[{"start":{"line":436,"column":8},"end":{"line":436,"column":8}},{"start":{"line":436,"column":8},"end":{"line":436,"column":8}}]},"50":{"line":441,"type":"if","locations":[{"start":{"line":441,"column":8},"end":{"line":441,"column":8}},{"start":{"line":441,"column":8},"end":{"line":441,"column":8}}]},"51":{"line":447,"type":"if","locations":[{"start":{"line":447,"column":73},"end":{"line":447,"column":73}},{"start":{"line":447,"column":73},"end":{"line":447,"column":73}}]},"52":{"line":454,"type":"if","locations":[{"start":{"line":454,"column":8},"end":{"line":454,"column":8}},{"start":{"line":454,"column":8},"end":{"line":454,"column":8}}]},"53":{"line":456,"type":"if","locations":[{"start":{"line":456,"column":12},"end":{"line":456,"column":12}},{"start":{"line":456,"column":12},"end":{"line":456,"column":12}}]},"54":{"line":456,"type":"cond-expr","locations":[{"start":{"line":456,"column":20},"end":{"line":456,"column":47}},{"start":{"line":456,"column":52},"end":{"line":456,"column":69}}]},"55":{"line":470,"type":"if","locations":[{"start":{"line":470,"column":8},"end":{"line":470,"column":8}},{"start":{"line":470,"column":8},"end":{"line":470,"column":8}}]},"56":{"line":473,"type":"if","locations":[{"start":{"line":473,"column":8},"end":{"line":473,"column":8}},{"start":{"line":473,"column":8},"end":{"line":473,"column":8}}]},"57":{"line":483,"type":"if","locations":[{"start":{"line":483,"column":8},"end":{"line":483,"column":8}},{"start":{"line":483,"column":8},"end":{"line":483,"column":8}}]},"58":{"line":494,"type":"if","locations":[{"start":{"line":494,"column":8},"end":{"line":494,"column":8}},{"start":{"line":494,"column":8},"end":{"line":494,"column":8}}]},"59":{"line":497,"type":"if","locations":[{"start":{"line":497,"column":8},"end":{"line":497,"column":8}},{"start":{"line":497,"column":8},"end":{"line":497,"column":8}}]},"60":{"line":499,"type":"if","locations":[{"start":{"line":499,"column":8},"end":{"line":499,"column":8}},{"start":{"line":499,"column":8},"end":{"line":499,"column":8}}]},"61":{"line":501,"type":"if","locations":[{"start":{"line":501,"column":8},"end":{"line":501,"column":8}},{"start":{"line":501,"column":8},"end":{"line":501,"column":8}}]},"62":{"line":508,"type":"if","locations":[{"start":{"line":508,"column":8},"end":{"line":508,"column":8}},{"start":{"line":508,"column":8},"end":{"line":508,"column":8}}]},"63":{"line":518,"type":"if","locations":[{"start":{"line":518,"column":8},"end":{"line":518,"column":8}},{"start":{"line":518,"column":8},"end":{"line":518,"column":8}}]},"64":{"line":519,"type":"if","locations":[{"start":{"line":519,"column":8},"end":{"line":519,"column":8}},{"start":{"line":519,"column":8},"end":{"line":519,"column":8}}]},"65":{"line":524,"type":"if","locations":[{"start":{"line":524,"column":8},"end":{"line":524,"column":8}},{"start":{"line":524,"column":8},"end":{"line":524,"column":8}}]},"66":{"line":526,"type":"if","locations":[{"start":{"line":526,"column":8},"end":{"line":526,"column":8}},{"start":{"line":526,"column":8},"end":{"line":526,"column":8}}]},"67":{"line":527,"type":"if","locations":[{"start":{"line":527,"column":12},"end":{"line":527,"column":12}},{"start":{"line":527,"column":12},"end":{"line":527,"column":12}}]},"68":{"line":533,"type":"if","locations":[{"start":{"line":533,"column":16},"end":{"line":533,"column":16}},{"start":{"line":533,"column":16},"end":{"line":533,"column":16}}]},"69":{"line":537,"type":"if","locations":[{"start":{"line":537,"column":16},"end":{"line":537,"column":16}},{"start":{"line":537,"column":16},"end":{"line":537,"column":16}}]},"70":{"line":541,"type":"if","locations":[{"start":{"line":541,"column":16},"end":{"line":541,"column":16}},{"start":{"line":541,"column":16},"end":{"line":541,"column":16}}]},"71":{"line":545,"type":"if","locations":[{"start":{"line":545,"column":12},"end":{"line":545,"column":12}},{"start":{"line":545,"column":12},"end":{"line":545,"column":12}}]},"72":{"line":557,"type":"if","locations":[{"start":{"line":557,"column":8},"end":{"line":557,"column":8}},{"start":{"line":557,"column":8},"end":{"line":557,"column":8}}]},"73":{"line":569,"type":"if","locations":[{"start":{"line":569,"column":12},"end":{"line":569,"column":12}},{"start":{"line":569,"column":12},"end":{"line":569,"column":12}}]},"74":{"line":580,"type":"if","locations":[{"start":{"line":580,"column":8},"end":{"line":580,"column":8}},{"start":{"line":580,"column":8},"end":{"line":580,"column":8}}]},"75":{"line":607,"type":"if","locations":[{"start":{"line":607,"column":8},"end":{"line":607,"column":8}},{"start":{"line":607,"column":8},"end":{"line":607,"column":8}}]},"76":{"line":608,"type":"if","locations":[{"start":{"line":608,"column":8},"end":{"line":608,"column":8}},{"start":{"line":608,"column":8},"end":{"line":608,"column":8}}]},"77":{"line":610,"type":"if","locations":[{"start":{"line":610,"column":8},"end":{"line":610,"column":8}},{"start":{"line":610,"column":8},"end":{"line":610,"column":8}}]},"78":{"line":612,"type":"if","locations":[{"start":{"line":612,"column":24},"end":{"line":612,"column":32}},{"start":{"line":612,"column":36},"end":{"line":612,"column":44}}]},"79":{"line":621,"type":"if","locations":[{"start":{"line":621,"column":8},"end":{"line":621,"column":8}},{"start":{"line":621,"column":8},"end":{"line":621,"column":8}}]},"80":{"line":634,"type":"if","locations":[{"start":{"line":634,"column":8},"end":{"line":634,"column":8}},{"start":{"line":634,"column":8},"end":{"line":634,"column":8}}]},"81":{"line":640,"type":"if","locations":[{"start":{"line":640,"column":12},"end":{"line":640,"column":12}},{"start":{"line":640,"column":12},"end":{"line":640,"column":12}}]},"82":{"line":650,"type":"if","locations":[{"start":{"line":650,"column":16},"end":{"line":650,"column":16}},{"start":{"line":650,"column":16},"end":{"line":650,"column":16}}]},"83":{"line":652,"type":"if","locations":[{"start":{"line":652,"column":20},"end":{"line":652,"column":20}},{"start":{"line":652,"column":20},"end":{"line":652,"column":20}}]},"84":{"line":661,"type":"if","locations":[{"start":{"line":661,"column":24},"end":{"line":661,"column":24}},{"start":{"line":661,"column":24},"end":{"line":661,"column":24}}]},"85":{"line":680,"type":"if","locations":[{"start":{"line":680,"column":8},"end":{"line":680,"column":8}},{"start":{"line":680,"column":8},"end":{"line":680,"column":8}}]},"86":{"line":696,"type":"if","locations":[{"start":{"line":696,"column":8},"end":{"line":696,"column":8}},{"start":{"line":696,"column":8},"end":{"line":696,"column":8}}]},"87":{"line":716,"type":"if","locations":[{"start":{"line":716,"column":64},"end":{"line":716,"column":64}},{"start":{"line":716,"column":64},"end":{"line":716,"column":64}}]},"88":{"line":721,"type":"if","locations":[{"start":{"line":721,"column":53},"end":{"line":721,"column":53}},{"start":{"line":721,"column":53},"end":{"line":721,"column":53}}]},"89":{"line":722,"type":"if","locations":[{"start":{"line":722,"column":8},"end":{"line":722,"column":8}},{"start":{"line":722,"column":8},"end":{"line":722,"column":8}}]},"90":{"line":726,"type":"if","locations":[{"start":{"line":726,"column":55},"end":{"line":726,"column":55}},{"start":{"line":726,"column":55},"end":{"line":726,"column":55}}]},"91":{"line":727,"type":"if","locations":[{"start":{"line":727,"column":8},"end":{"line":727,"column":8}},{"start":{"line":727,"column":8},"end":{"line":727,"column":8}}]},"92":{"line":744,"type":"cond-expr","locations":[{"start":{"line":744,"column":15},"end":{"line":744,"column":55}},{"start":{"line":744,"column":60},"end":{"line":744,"column":95}}]},"93":{"line":750,"type":"if","locations":[{"start":{"line":750,"column":93},"end":{"line":750,"column":93}},{"start":{"line":750,"column":93},"end":{"line":750,"column":93}}]},"94":{"line":751,"type":"if","locations":[{"start":{"line":751,"column":8},"end":{"line":751,"column":8}},{"start":{"line":751,"column":8},"end":{"line":751,"column":8}}]},"95":{"line":755,"type":"if","locations":[{"start":{"line":755,"column":97},"end":{"line":755,"column":97}},{"start":{"line":755,"column":97},"end":{"line":755,"column":97}}]},"96":{"line":756,"type":"if","locations":[{"start":{"line":756,"column":8},"end":{"line":756,"column":8}},{"start":{"line":756,"column":8},"end":{"line":756,"column":8}}]},"97":{"line":760,"type":"if","locations":[{"start":{"line":760,"column":116},"end":{"line":760,"column":116}},{"start":{"line":760,"column":116},"end":{"line":760,"column":116}}]},"98":{"line":761,"type":"if","locations":[{"start":{"line":761,"column":8},"end":{"line":761,"column":8}},{"start":{"line":761,"column":8},"end":{"line":761,"column":8}}]},"99":{"line":784,"type":"if","locations":[{"start":{"line":784,"column":8},"end":{"line":784,"column":8}},{"start":{"line":784,"column":8},"end":{"line":784,"column":8}}]},"100":{"line":789,"type":"if","locations":[{"start":{"line":789,"column":23},"end":{"line":789,"column":36}},{"start":{"line":789,"column":40},"end":{"line":789,"column":53}}]},"101":{"line":807,"type":"if","locations":[{"start":{"line":807,"column":8},"end":{"line":807,"column":8}},{"start":{"line":807,"column":8},"end":{"line":807,"column":8}}]},"102":{"line":814,"type":"if","locations":[{"start":{"line":814,"column":12},"end":{"line":814,"column":12}},{"start":{"line":814,"column":12},"end":{"line":814,"column":12}}]},"103":{"line":823,"type":"if","locations":[{"start":{"line":823,"column":8},"end":{"line":823,"column":8}},{"start":{"line":823,"column":8},"end":{"line":823,"column":8}}]},"104":{"line":827,"type":"if","locations":[{"start":{"line":827,"column":46},"end":{"line":827,"column":60}},{"start":{"line":827,"column":64},"end":{"line":827,"column":73}}]},"105":{"line":841,"type":"if","locations":[{"start":{"line":841,"column":8},"end":{"line":841,"column":8}},{"start":{"line":841,"column":8},"end":{"line":841,"column":8}}]},"106":{"line":842,"type":"if","locations":[{"start":{"line":842,"column":8},"end":{"line":842,"column":8}},{"start":{"line":842,"column":8},"end":{"line":842,"column":8}}]},"107":{"line":843,"type":"if","locations":[{"start":{"line":843,"column":8},"end":{"line":843,"column":8}},{"start":{"line":843,"column":8},"end":{"line":843,"column":8}}]},"108":{"line":846,"type":"if","locations":[{"start":{"line":846,"column":8},"end":{"line":846,"column":8}},{"start":{"line":846,"column":8},"end":{"line":846,"column":8}}]},"109":{"line":850,"type":"if","locations":[{"start":{"line":850,"column":8},"end":{"line":850,"column":8}},{"start":{"line":850,"column":8},"end":{"line":850,"column":8}}]},"110":{"line":854,"type":"if","locations":[{"start":{"line":854,"column":8},"end":{"line":854,"column":8}},{"start":{"line":854,"column":8},"end":{"line":854,"column":8}}]},"111":{"line":857,"type":"if","locations":[{"start":{"line":857,"column":8},"end":{"line":857,"column":8}},{"start":{"line":857,"column":8},"end":{"line":857,"column":8}}]},"112":{"line":862,"type":"if","locations":[{"start":{"line":862,"column":8},"end":{"line":862,"column":8}},{"start":{"line":862,"column":8},"end":{"line":862,"column":8}}]}}},"contracts\\ProphetsRenderer.sol":{"l":{"25":72,"26":72,"28":72,"29":72,"36":0,"37":0,"38":0,"45":16,"47":16,"48":2,"50":9,"52":3,"54":2},"path":"C:\\rarity\\zkMarketsContracts\\contracts\\ProphetsRenderer.sol","s":{"1":72,"2":72,"3":72,"4":0,"5":0,"6":0,"7":16,"8":16,"9":2,"10":14,"11":9,"12":5,"13":3,"14":2},"b":{"1":[72,0],"2":[72,0],"3":[72,0],"4":[0,0],"5":[2,14],"6":[9,5],"7":[3,2]},"f":{"1":18,"2":72,"3":0,"4":16},"fnMap":{"1":{"name":"constructor","line":19,"loc":{"start":{"line":19,"column":4},"end":{"line":19,"column":19}}},"2":{"name":"storeImage","line":24,"loc":{"start":{"line":24,"column":4},"end":{"line":30,"column":4}}},"3":{"name":"getImage","line":35,"loc":{"start":{"line":35,"column":4},"end":{"line":39,"column":4}}},"4":{"name":"getDescription","line":44,"loc":{"start":{"line":44,"column":4},"end":{"line":56,"column":4}}}},"statementMap":{"1":{"start":{"line":25,"column":8},"end":{"line":25,"column":58}},"2":{"start":{"line":26,"column":8},"end":{"line":26,"column":66}},"3":{"start":{"line":29,"column":8},"end":{"line":29,"column":56}},"4":{"start":{"line":36,"column":8},"end":{"line":36,"column":47}},"5":{"start":{"line":37,"column":8},"end":{"line":37,"column":62}},"6":{"start":{"line":38,"column":8},"end":{"line":38,"column":24}},"7":{"start":{"line":45,"column":8},"end":{"line":45,"column":62}},"8":{"start":{"line":47,"column":8},"end":{"line":47,"column":2012}},"9":{"start":{"line":48,"column":12},"end":{"line":48,"column":81}},"10":{"start":{"line":49,"column":15},"end":{"line":49,"column":2170}},"11":{"start":{"line":50,"column":12},"end":{"line":50,"column":86}},"12":{"start":{"line":51,"column":15},"end":{"line":51,"column":2334}},"13":{"start":{"line":52,"column":12},"end":{"line":52,"column":75}},"14":{"start":{"line":54,"column":12},"end":{"line":54,"column":97}}},"branchMap":{"1":{"line":24,"type":"if","locations":[{"start":{"line":24,"column":83},"end":{"line":24,"column":83}},{"start":{"line":24,"column":83},"end":{"line":24,"column":83}}]},"2":{"line":25,"type":"if","locations":[{"start":{"line":25,"column":8},"end":{"line":25,"column":8}},{"start":{"line":25,"column":8},"end":{"line":25,"column":8}}]},"3":{"line":26,"type":"if","locations":[{"start":{"line":26,"column":8},"end":{"line":26,"column":8}},{"start":{"line":26,"column":8},"end":{"line":26,"column":8}}]},"4":{"line":37,"type":"if","locations":[{"start":{"line":37,"column":8},"end":{"line":37,"column":8}},{"start":{"line":37,"column":8},"end":{"line":37,"column":8}}]},"5":{"line":47,"type":"if","locations":[{"start":{"line":47,"column":8},"end":{"line":47,"column":8}},{"start":{"line":47,"column":8},"end":{"line":47,"column":8}}]},"6":{"line":49,"type":"if","locations":[{"start":{"line":49,"column":15},"end":{"line":49,"column":15}},{"start":{"line":49,"column":15},"end":{"line":49,"column":15}}]},"7":{"line":51,"type":"if","locations":[{"start":{"line":51,"column":15},"end":{"line":51,"column":15}},{"start":{"line":51,"column":15},"end":{"line":51,"column":15}}]}}},"contracts\\test.sol":{"l":{"10":18,"11":18,"15":12,"16":12,"28":149},"path":"C:\\rarity\\zkMarketsContracts\\contracts\\test.sol","s":{"1":0,"2":149},"b":{},"f":{"1":18,"2":12,"3":0,"4":0,"5":149},"fnMap":{"1":{"name":"constructor","line":9,"loc":{"start":{"line":9,"column":4},"end":{"line":12,"column":4}}},"2":{"name":"setPrice","line":14,"loc":{"start":{"line":14,"column":4},"end":{"line":17,"column":4}}},"3":{"name":"getUpdateFee","line":19,"loc":{"start":{"line":19,"column":4},"end":{"line":19,"column":88}}},"4":{"name":"updatePriceFeeds","line":20,"loc":{"start":{"line":20,"column":4},"end":{"line":20,"column":66}}},"5":{"name":"getPriceNoOlderThan","line":23,"loc":{"start":{"line":23,"column":4},"end":{"line":29,"column":4}}}},"statementMap":{"1":{"start":{"line":19,"column":78},"end":{"line":19,"column":86}},"2":{"start":{"line":28,"column":8},"end":{"line":28,"column":48}}},"branchMap":{}},"contracts\\test\\OnChainImageTest.sol":{"l":{"19":0,"26":0,"33":0},"path":"C:\\rarity\\zkMarketsContracts\\contracts\\test\\OnChainImageTest.sol","s":{"1":0,"2":0},"b":{"1":[0,0]},"f":{"1":0,"2":0,"3":0,"4":0},"fnMap":{"1":{"name":"constructor","line":13,"loc":{"start":{"line":13,"column":4},"end":{"line":13,"column":19}}},"2":{"name":"storeImage","line":18,"loc":{"start":{"line":18,"column":4},"end":{"line":20,"column":4}}},"3":{"name":"getImage","line":25,"loc":{"start":{"line":25,"column":4},"end":{"line":27,"column":4}}},"4":{"name":"getImageSize","line":32,"loc":{"start":{"line":32,"column":4},"end":{"line":34,"column":4}}}},"statementMap":{"1":{"start":{"line":26,"column":8},"end":{"line":26,"column":26}},"2":{"start":{"line":33,"column":8},"end":{"line":33,"column":38}}},"branchMap":{"1":{"line":18,"type":"if","locations":[{"start":{"line":18,"column":77},"end":{"line":18,"column":77}},{"start":{"line":18,"column":77},"end":{"line":18,"column":77}}]}}},"contracts\\TestUtils.sol":{"l":{"12":2,"18":0,"25":2,"31":42,"37":0,"45":0,"46":0,"54":0,"55":0},"path":"C:\\rarity\\zkMarketsContracts\\contracts\\TestUtils.sol","s":{"1":2,"2":0,"3":2,"4":42,"5":0,"6":0,"7":0,"8":0,"9":0,"10":0,"11":0},"b":{"1":[0,0],"2":[0,0]},"f":{"1":2,"2":0,"3":2,"4":42,"5":0,"6":0,"7":0},"fnMap":{"1":{"name":"getAddressBalance","line":11,"loc":{"start":{"line":11,"column":4},"end":{"line":13,"column":4}}},"2":{"name":"getThisContractBalance","line":17,"loc":{"start":{"line":17,"column":4},"end":{"line":19,"column":4}}},"3":{"name":"getContractBalance","line":24,"loc":{"start":{"line":24,"column":4},"end":{"line":26,"column":4}}},"4":{"name":"getCurrentTime","line":30,"loc":{"start":{"line":30,"column":4},"end":{"line":32,"column":4}}},"5":{"name":"getCurrentBlock","line":36,"loc":{"start":{"line":36,"column":4},"end":{"line":38,"column":4}}},"6":{"name":"daysBetween","line":44,"loc":{"start":{"line":44,"column":4},"end":{"line":47,"column":4}}},"7":{"name":"weeksBetween","line":53,"loc":{"start":{"line":53,"column":4},"end":{"line":56,"column":4}}}},"statementMap":{"1":{"start":{"line":12,"column":8},"end":{"line":12,"column":27}},"2":{"start":{"line":18,"column":8},"end":{"line":18,"column":36}},"3":{"start":{"line":25,"column":8},"end":{"line":25,"column":35}},"4":{"start":{"line":31,"column":8},"end":{"line":31,"column":30}},"5":{"start":{"line":37,"column":8},"end":{"line":37,"column":27}},"6":{"start":{"line":45,"column":8},"end":{"line":45,"column":42}},"7":{"start":{"line":45,"column":34},"end":{"line":45,"column":42}},"8":{"start":{"line":46,"column":8},"end":{"line":46,"column":45}},"9":{"start":{"line":54,"column":8},"end":{"line":54,"column":42}},"10":{"start":{"line":54,"column":34},"end":{"line":54,"column":42}},"11":{"start":{"line":55,"column":8},"end":{"line":55,"column":46}}},"branchMap":{"1":{"line":45,"type":"if","locations":[{"start":{"line":45,"column":8},"end":{"line":45,"column":8}},{"start":{"line":45,"column":8},"end":{"line":45,"column":8}}]},"2":{"line":54,"type":"if","locations":[{"start":{"line":54,"column":8},"end":{"line":54,"column":8}},{"start":{"line":54,"column":8},"end":{"line":54,"column":8}}]}}}}