{
"contracts/AMMPriceReader.sol":{"l":{"20":0,"24":0,"28":0,"41":0,"42":0,"43":0,"45":0,"46":0,"47":0,"48":0,"50":0,"51":0,"52":0,"53":0,"55":0,"59":0,"61":0,"62":0,"63":0,"64":0,"65":0,"68":0,"69":0,"71":0,"74":0,"75":0,"76":0,"77":0,"78":0,"91":0,"92":0,"93":0,"94":0,"95":0,"97":0,"98":0,"100":0,"101":0,"102":0,"103":0,"104":0,"105":0},"path":"/Users/ninoserec/projects/prio/zkmarkets-contracts/contracts/AMMPriceReader.sol","s":{"1":0,"2":0,"3":0,"4":0,"5":0,"6":0,"7":0,"8":0,"9":0,"10":0,"11":0,"12":0,"13":0,"14":0,"15":0,"16":0,"17":0,"18":0,"19":0,"20":0,"21":0,"22":0,"23":0,"24":0,"25":0,"26":0,"27":0,"28":0,"29":0,"30":0,"31":0,"32":0,"33":0,"34":0},"b":{"1":[0,0],"2":[0,0],"3":[0,0],"4":[0,0],"5":[0,0]},"f":{"1":0,"2":0,"3":0,"4":0,"5":0,"6":0},"fnMap":{"1":{"name":"constructor","line":19,"loc":{"start":{"line":19,"column":4},"end":{"line":21,"column":4}}},"2":{"name":"setPool","line":23,"loc":{"start":{"line":23,"column":4},"end":{"line":25,"column":4}}},"3":{"name":"readAMMPrice","line":27,"loc":{"start":{"line":27,"column":4},"end":{"line":29,"column":4}}},"4":{"name":"getPoolInfo","line":31,"loc":{"start":{"line":31,"column":4},"end":{"line":56,"column":4}}},"5":{"name":"_readAMMPrice","line":58,"loc":{"start":{"line":58,"column":4},"end":{"line":79,"column":4}}},"6":{"name":"debugCalculation","line":81,"loc":{"start":{"line":81,"column":4},"end":{"line":108,"column":4}}}},"statementMap":{"1":{"start":{"line":28,"column":8},"end":{"line":28,"column":30}},"2":{"start":{"line":41,"column":8},"end":{"line":41,"column":78}},"3":{"start":{"line":42,"column":8},"end":{"line":42,"column":57}},"4":{"start":{"line":43,"column":8},"end":{"line":43,"column":57}},"5":{"start":{"line":45,"column":8},"end":{"line":45,"column":21}},"6":{"start":{"line":46,"column":8},"end":{"line":46,"column":20}},"7":{"start":{"line":47,"column":8},"end":{"line":47,"column":36}},"8":{"start":{"line":48,"column":8},"end":{"line":48,"column":36}},"9":{"start":{"line":50,"column":8},"end":{"line":50,"column":85}},"10":{"start":{"line":51,"column":8},"end":{"line":51,"column":85}},"11":{"start":{"line":52,"column":8},"end":{"line":52,"column":91}},"12":{"start":{"line":53,"column":8},"end":{"line":53,"column":91}},"13":{"start":{"line":55,"column":8},"end":{"line":55,"column":47}},"14":{"start":{"line":59,"column":8},"end":{"line":59,"column":40}},"15":{"start":{"line":59,"column":32},"end":{"line":59,"column":40}},"16":{"start":{"line":61,"column":8},"end":{"line":61,"column":78}},"17":{"start":{"line":62,"column":8},"end":{"line":62,"column":57}},"18":{"start":{"line":63,"column":8},"end":{"line":63,"column":57}},"19":{"start":{"line":64,"column":8},"end":{"line":64,"column":21}},"20":{"start":{"line":65,"column":8},"end":{"line":65,"column":20}},"21":{"start":{"line":68,"column":8},"end":{"line":68,"column":85}},"22":{"start":{"line":69,"column":8},"end":{"line":69,"column":85}},"23":{"start":{"line":71,"column":8},"end":{"line":71,"column":47}},"24":{"start":{"line":74,"column":8},"end":{"line":74,"column":52}},"25":{"start":{"line":75,"column":8},"end":{"line":75,"column":46}},"26":{"start":{"line":76,"column":8},"end":{"line":76,"column":36}},"27":{"start":{"line":77,"column":8},"end":{"line":77,"column":62}},"28":{"start":{"line":78,"column":8},"end":{"line":78,"column":31}},"29":{"start":{"line":92,"column":8},"end":{"line":92,"column":57}},"30":{"start":{"line":93,"column":8},"end":{"line":93,"column":57}},"31":{"start":{"line":97,"column":8},"end":{"line":97,"column":85}},"32":{"start":{"line":98,"column":8},"end":{"line":98,"column":85}},"33":{"start":{"line":100,"column":8},"end":{"line":100,"column":3518}},"34":{"start":{"line":104,"column":12},"end":{"line":104,"column":3686}}},"branchMap":{"1":{"line":59,"type":"if","locations":[{"start":{"line":59,"column":8},"end":{"line":59,"column":8}},{"start":{"line":59,"column":8},"end":{"line":59,"column":8}}]},"2":{"line":71,"type":"if","locations":[{"start":{"line":71,"column":8},"end":{"line":71,"column":8}},{"start":{"line":71,"column":8},"end":{"line":71,"column":8}}]},"3":{"line":77,"type":"if","locations":[{"start":{"line":77,"column":8},"end":{"line":77,"column":8}},{"start":{"line":77,"column":8},"end":{"line":77,"column":8}}]},"4":{"line":100,"type":"if","locations":[{"start":{"line":100,"column":8},"end":{"line":100,"column":8}},{"start":{"line":100,"column":8},"end":{"line":100,"column":8}}]},"5":{"line":104,"type":"if","locations":[{"start":{"line":104,"column":12},"end":{"line":104,"column":12}},{"start":{"line":104,"column":12},"end":{"line":104,"column":12}}]}}},
"contracts/IMarketplace.sol":{"l":{},"path":"/Users/ninoserec/projects/prio/zkmarkets-contracts/contracts/IMarketplace.sol","s":{},"b":{},"f":{},"fnMap":{},"statementMap":{},"branchMap":{}},
"contracts/MockUniswapPool.sol":{"l":{"19":6,"20":6,"26":6,"27":6,"28":6,"32":6,"36":6,"40":6,"44":0,"45":0,"46":0,"50":6,"51":6,"59":6,"60":6,"62":6,"63":6,"64":6,"74":12,"75":12,"76":12},"path":"/Users/ninoserec/projects/prio/zkmarkets-contracts/contracts/MockUniswapPool.sol","s":{"1":6,"2":6,"3":6,"4":6,"5":6},"b":{},"f":{"1":6,"2":6,"3":6,"4":6,"5":0,"6":6,"7":6,"8":12},"fnMap":{"1":{"name":"constructor","line":17,"loc":{"start":{"line":17,"column":4},"end":{"line":29,"column":4}}},"2":{"name":"getReserves","line":31,"loc":{"start":{"line":31,"column":4},"end":{"line":33,"column":4}}},"3":{"name":"token0","line":35,"loc":{"start":{"line":35,"column":4},"end":{"line":37,"column":4}}},"4":{"name":"token1","line":39,"loc":{"start":{"line":39,"column":4},"end":{"line":41,"column":4}}},"5":{"name":"setReserves","line":43,"loc":{"start":{"line":43,"column":4},"end":{"line":47,"column":4}}},"6":{"name":"setTokens","line":49,"loc":{"start":{"line":49,"column":4},"end":{"line":52,"column":4}}},"7":{"name":"setPrice","line":55,"loc":{"start":{"line":55,"column":4},"end":{"line":65,"column":4}}},"8":{"name":"constructor","line":73,"loc":{"start":{"line":73,"column":4},"end":{"line":77,"column":4}}}},"statementMap":{"1":{"start":{"line":32,"column":8},"end":{"line":32,"column":55}},"2":{"start":{"line":36,"column":8},"end":{"line":36,"column":22}},"3":{"start":{"line":40,"column":8},"end":{"line":40,"column":22}},"4":{"start":{"line":59,"column":8},"end":{"line":59,"column":51}},"5":{"start":{"line":60,"column":8},"end":{"line":60,"column":105}}},"branchMap":{}},
"contracts/ProphetsOfEthereum.sol":{"l":{"149":6,"150":6,"151":6,"152":6,"153":6,"156":6,"157":0,"158":0,"162":6,"163":6,"170":153,"184":12,"185":12,"186":12,"187":12,"189":12,"190":12,"191":12,"193":12,"194":12,"197":12,"198":6,"199":6,"203":12,"204":12,"214":12,"223":12,"224":12,"226":12,"230":20,"231":20,"232":19,"239":580,"240":580,"243":568,"246":568,"247":0,"250":568,"257":98,"258":98,"260":0,"263":0,"264":0,"266":0,"273":7,"277":6,"281":7,"286":105,"287":105,"289":105,"290":105,"291":105,"292":105,"294":0,"296":105,"302":6,"303":6,"304":6,"305":6,"306":6,"307":6,"309":6,"310":6,"311":6,"313":6,"314":6,"315":6,"316":6,"317":6,"329":85,"330":85,"331":79,"333":65,"334":65,"335":65,"337":59,"340":59,"342":23,"343":23,"344":23,"348":59,"349":59,"351":59,"352":59,"354":52,"355":52,"358":52,"359":12,"360":6,"363":40,"368":40,"369":40,"371":40,"372":21,"373":21,"375":40,"376":28,"377":28,"380":40,"389":47,"390":47,"391":47,"392":10,"394":6,"397":6,"398":6,"400":6,"401":6,"403":6,"404":6,"406":6,"411":2,"412":1,"413":1,"414":1,"415":1,"426":0,"427":0,"430":0,"431":0,"434":0,"436":0,"437":0,"439":0,"441":0,"442":0,"449":0,"450":0,"455":0,"457":0,"459":0,"466":0,"470":52,"471":52,"474":34,"475":19,"479":15,"483":243,"484":243,"486":243,"487":243,"495":53,"496":1,"498":52,"500":15,"501":15,"502":15,"505":15,"509":15,"510":3,"514":12,"519":144,"520":144,"523":144,"524":144,"525":144,"527":144,"528":113,"529":36,"531":77,"532":77,"533":77,"534":77,"536":77,"538":77,"539":53,"541":77,"542":77,"545":31,"546":31,"547":24,"550":66,"557":0,"558":0,"559":0,"566":2,"569":2,"570":4,"572":0,"577":2,"581":16,"583":16,"584":16,"585":16,"588":16,"590":16,"604":16,"608":16,"609":14,"610":14,"611":14,"612":12,"613":12,"615":2,"622":0,"624":0,"632":16,"635":16,"636":0,"641":16,"643":2,"644":2,"650":14,"651":14,"652":14,"653":14,"654":12,"661":12,"662":12,"663":12,"674":16,"681":24,"683":24,"684":24,"686":24,"694":24,"695":24,"697":24,"699":19,"700":19,"702":19,"703":19,"706":19,"707":19,"710":19,"718":6,"723":0,"724":0,"728":0,"730":0,"731":0,"733":0,"740":0,"741":0,"745":0,"752":0,"753":0,"757":0,"758":0,"762":0,"763":0,"777":6,"778":6,"779":6,"780":6,"781":6,"785":77,"786":77,"790":136,"795":0,"805":0,"806":0,"808":0,"810":0,"813":0,"815":0,"817":0,"820":0,"824":0,"826":0,"828":0,"842":0,"843":0,"844":0,"846":0,"847":0,"850":0,"851":0,"854":0,"855":0,"858":0,"861":0,"862":0,"863":0,"866":0,"868":0},"path":"/Users/ninoserec/projects/prio/zkmarkets-contracts/contracts/ProphetsOfEthereum.sol","s":{"1":6,"2":0,"3":6,"4":153,"5":12,"6":12,"7":12,"8":12,"9":12,"10":12,"11":12,"12":12,"13":12,"14":12,"15":12,"16":12,"17":12,"18":12,"19":12,"20":20,"21":0,"22":20,"23":1,"24":19,"25":580,"26":0,"27":580,"28":12,"29":568,"30":568,"31":0,"32":568,"33":98,"34":98,"35":0,"36":0,"37":0,"38":0,"39":0,"40":7,"41":6,"42":7,"43":105,"44":105,"45":105,"46":105,"47":105,"48":105,"49":6,"50":6,"51":6,"52":6,"53":6,"54":6,"55":6,"56":6,"57":6,"58":6,"59":6,"60":6,"61":6,"62":6,"63":85,"64":85,"65":79,"66":65,"67":65,"68":65,"69":59,"70":59,"71":23,"72":59,"73":59,"74":59,"75":59,"76":52,"77":52,"78":52,"79":12,"80":6,"81":40,"82":40,"83":40,"84":40,"85":47,"86":47,"87":47,"88":10,"89":6,"90":6,"91":6,"92":6,"93":6,"94":6,"95":2,"96":1,"97":1,"98":1,"99":0,"100":0,"101":0,"102":0,"103":0,"104":0,"105":0,"106":0,"107":0,"108":0,"109":0,"110":0,"111":0,"112":52,"113":52,"114":18,"115":34,"116":19,"117":15,"118":243,"119":243,"120":0,"121":243,"122":243,"123":53,"124":1,"125":52,"126":15,"127":15,"128":15,"129":15,"130":15,"131":3,"132":12,"133":144,"134":0,"135":144,"136":0,"137":144,"138":144,"139":144,"140":0,"141":144,"142":113,"143":36,"144":77,"145":77,"146":77,"147":77,"148":0,"149":77,"150":77,"151":77,"152":77,"153":18,"154":31,"155":31,"156":24,"157":66,"158":0,"159":0,"160":0,"161":2,"162":2,"163":4,"164":0,"165":2,"166":16,"167":16,"168":16,"169":16,"170":16,"171":16,"172":16,"173":16,"174":2,"175":14,"176":0,"177":14,"178":14,"179":12,"180":12,"181":2,"182":0,"183":0,"184":16,"185":16,"186":16,"187":2,"188":14,"189":14,"190":14,"191":14,"192":12,"193":12,"194":16,"195":24,"196":0,"197":24,"198":24,"199":24,"200":24,"201":24,"202":24,"203":5,"204":19,"205":19,"206":19,"207":19,"208":19,"209":0,"210":0,"211":0,"212":0,"213":0,"214":0,"215":0,"216":0,"217":0,"218":0,"219":0,"220":0,"221":0,"222":6,"223":6,"224":6,"225":6,"226":6,"227":77,"228":0,"229":77,"230":136,"231":0,"232":0,"233":0,"234":0,"235":0,"236":0,"237":0,"238":0,"239":0,"240":0,"241":0,"242":0,"243":0,"244":0,"245":0,"246":0,"247":0,"248":0,"249":0,"250":0,"251":0,"252":0,"253":0,"254":0},"b":{"1":[0,6],"2":[12,0],"3":[12,0],"4":[12,0],"5":[12,0],"6":[12,0],"7":[12,0],"8":[6,6],"9":[0,20],"10":[1,19],"11":[0,580],"12":[12,568],"13":[0,568],"14":[98,0],"15":[0,0],"16":[105,0],"17":[105,0],"18":[105,0],"19":[6,0],"20":[6,0],"21":[6,0],"22":[85,0],"23":[79,6],"24":[65,14],"25":[65,0],"26":[59,6],"27":[23,36],"28":[59,0],"29":[52,7],"30":[12,40],"31":[6,6],"32":[0,6],"33":[40,0],"34":[21,19],"35":[16,5],"36":[28,12],"37":[16,12],"38":[47,0],"39":[47,0],"40":[6,4],"41":[6,0],"42":[6,0],"43":[2,0],"44":[1,1],"45":[1,0],"46":[1,0],"47":[0,0],"48":[0,0],"49":[0,0],"50":[0,0],"51":[0,0],"52":[0,0],"53":[0,0],"54":[0,0],"55":[0,0],"56":[18,34],"57":[19,15],"58":[0,243],"59":[1,52],"60":[15,37],"61":[15,0],"62":[15,0],"63":[3,12],"64":[0,144],"65":[0,144],"66":[0,144],"67":[113,31],"68":[36,77],"69":[0,77],"70":[53,24],"71":[18,59],"72":[24,7],"73":[0,0],"74":[0,4],"75":[16,0],"76":[2,14],"77":[0,14],"78":[12,2],"79":[9,3],"80":[0,0],"81":[0,16],"82":[2,14],"83":[14,0],"84":[12,2],"85":[12,0],"86":[0,24],"87":[5,19],"88":[6,0],"89":[0,0],"90":[0,0],"91":[0,0],"92":[0,0],"93":[0,0],"94":[0,0],"95":[0,0],"96":[0,0],"97":[0,0],"98":[0,0],"99":[0,0],"100":[0,77],"101":[68,68],"102":[0,0],"103":[0,0],"104":[0,0],"105":[0,0],"106":[0,0],"107":[0,0],"108":[0,0],"109":[0,0],"110":[0,0],"111":[0,0],"112":[0,0],"113":[0,0]},"f":{"1":6,"2":153,"3":12,"4":12,"5":20,"6":580,"7":98,"8":7,"9":6,"10":7,"11":105,"12":6,"13":85,"14":47,"15":2,"16":0,"17":0,"18":0,"19":0,"20":52,"21":243,"22":53,"23":144,"24":0,"25":2,"26":16,"27":16,"28":0,"29":16,"30":24,"31":24,"32":6,"33":0,"34":0,"35":0,"36":0,"37":0,"38":0,"39":0,"40":6,"41":77,"42":136,"43":0,"44":0,"45":0},"fnMap":{"1":{"name":"constructor","line":148,"loc":{"start":{"line":142,"column":4},"end":{"line":164,"column":4}}},"2":{"name":"_startTokenId","line":169,"loc":{"start":{"line":169,"column":4},"end":{"line":171,"column":4}}},"3":{"name":"mint","line":176,"loc":{"start":{"line":176,"column":4},"end":{"line":205,"column":4}}},"4":{"name":"_validateSignature","line":207,"loc":{"start":{"line":207,"column":4},"end":{"line":227,"column":4}}},"5":{"name":"getTreasury","line":229,"loc":{"start":{"line":229,"column":4},"end":{"line":233,"column":4}}},"6":{"name":"getCurrentCycle","line":238,"loc":{"start":{"line":238,"column":4},"end":{"line":251,"column":4}}},"7":{"name":"_readCurrentPrice","line":256,"loc":{"start":{"line":256,"column":4},"end":{"line":269,"column":4}}},"8":{"name":"readPythPrice","line":272,"loc":{"start":{"line":272,"column":4},"end":{"line":274,"column":4}}},"9":{"name":"readAMMPrice","line":276,"loc":{"start":{"line":276,"column":4},"end":{"line":278,"column":4}}},"10":{"name":"readCurrentPrice","line":280,"loc":{"start":{"line":280,"column":4},"end":{"line":282,"column":4}}},"11":{"name":"_readPythPriceInternal","line":285,"loc":{"start":{"line":285,"column":4},"end":{"line":297,"column":4}}},"12":{"name":"_readAMMPrice","line":301,"loc":{"start":{"line":301,"column":4},"end":{"line":318,"column":4}}},"13":{"name":"makePrediction","line":326,"loc":{"start":{"line":326,"column":4},"end":{"line":381,"column":4}}},"14":{"name":"acceptDivineBlessing","line":388,"loc":{"start":{"line":388,"column":4},"end":{"line":407,"column":4}}},"15":{"name":"withdrawMaintenanceFee","line":410,"loc":{"start":{"line":410,"column":4},"end":{"line":416,"column":4}}},"16":{"name":"emergencyWithdraw","line":421,"loc":{"start":{"line":421,"column":4},"end":{"line":443,"column":4}}},"17":{"name":"setAllowedOperator","line":448,"loc":{"start":{"line":448,"column":4},"end":{"line":451,"column":4}}},"18":{"name":"onlyAllowedOperator","line":454,"loc":{"start":{"line":454,"column":4},"end":{"line":460,"column":4}}},"19":{"name":"maxSupply","line":465,"loc":{"start":{"line":465,"column":4},"end":{"line":467,"column":4}}},"20":{"name":"isGameEnded","line":469,"loc":{"start":{"line":469,"column":4},"end":{"line":480,"column":4}}},"21":{"name":"_isInSundayWindow","line":482,"loc":{"start":{"line":482,"column":4},"end":{"line":488,"column":4}}},"22":{"name":"getWinner","line":493,"loc":{"start":{"line":493,"column":4},"end":{"line":516,"column":4}}},"23":{"name":"isBurned","line":518,"loc":{"start":{"line":518,"column":4},"end":{"line":551,"column":4}}},"24":{"name":"getBurnCycle","line":556,"loc":{"start":{"line":556,"column":4},"end":{"line":560,"column":4}}},"25":{"name":"_getBurnCycle","line":565,"loc":{"start":{"line":565,"column":4},"end":{"line":578,"column":4}}},"26":{"name":"tokenURI","line":580,"loc":{"start":{"line":580,"column":4},"end":{"line":605,"column":4}}},"27":{"name":"_getTokenState","line":607,"loc":{"start":{"line":607,"column":4},"end":{"line":616,"column":4}}},"28":{"name":"isSoulbound","line":621,"loc":{"start":{"line":621,"column":4},"end":{"line":625,"column":4}}},"29":{"name":"_buildAttributes","line":631,"loc":{"start":{"line":631,"column":4},"end":{"line":675,"column":4}}},"30":{"name":"_formatPrice","line":680,"loc":{"start":{"line":680,"column":4},"end":{"line":687,"column":4}}},"31":{"name":"_padZeros","line":693,"loc":{"start":{"line":693,"column":4},"end":{"line":711,"column":4}}},"32":{"name":"setPriceProvider","line":717,"loc":{"start":{"line":717,"column":4},"end":{"line":719,"column":4}}},"33":{"name":"setPythMaxAge","line":722,"loc":{"start":{"line":722,"column":4},"end":{"line":725,"column":4}}},"34":{"name":"setApprover","line":727,"loc":{"start":{"line":727,"column":4},"end":{"line":734,"column":4}}},"35":{"name":"royaltyInfo","line":739,"loc":{"start":{"line":739,"column":4},"end":{"line":742,"column":4}}},"36":{"name":"supportsInterface","line":744,"loc":{"start":{"line":744,"column":4},"end":{"line":746,"column":4}}},"37":{"name":"transferFrom","line":751,"loc":{"start":{"line":751,"column":4},"end":{"line":754,"column":4}}},"38":{"name":"safeTransferFrom","line":756,"loc":{"start":{"line":756,"column":4},"end":{"line":759,"column":4}}},"39":{"name":"safeTransferFrom","line":761,"loc":{"start":{"line":761,"column":4},"end":{"line":764,"column":4}}},"40":{"name":"_nextSunday00UTC","line":776,"loc":{"start":{"line":776,"column":4},"end":{"line":782,"column":4}}},"41":{"name":"_priceChangeBps","line":784,"loc":{"start":{"line":784,"column":4},"end":{"line":787,"column":4}}},"42":{"name":"_absDiff","line":789,"loc":{"start":{"line":789,"column":4},"end":{"line":791,"column":4}}},"43":{"name":"_divinePunish","line":794,"loc":{"start":{"line":794,"column":4},"end":{"line":796,"column":4}}},"44":{"name":"getMinimalFloorPrice","line":804,"loc":{"start":{"line":804,"column":4},"end":{"line":829,"column":4}}},"45":{"name":"punishUnfaithful","line":836,"loc":{"start":{"line":836,"column":4},"end":{"line":869,"column":4}}}},"statementMap":{"1":{"start":{"line":156,"column":8},"end":{"line":156,"column":6623}},"2":{"start":{"line":158,"column":12},"end":{"line":158,"column":52}},"3":{"start":{"line":163,"column":8},"end":{"line":163,"column":46}},"4":{"start":{"line":170,"column":8},"end":{"line":170,"column":16}},"5":{"start":{"line":184,"column":8},"end":{"line":184,"column":59}},"6":{"start":{"line":185,"column":8},"end":{"line":185,"column":60}},"7":{"start":{"line":186,"column":8},"end":{"line":186,"column":74}},"8":{"start":{"line":187,"column":8},"end":{"line":187,"column":75}},"9":{"start":{"line":189,"column":8},"end":{"line":189,"column":107}},"10":{"start":{"line":190,"column":8},"end":{"line":190,"column":107}},"11":{"start":{"line":191,"column":8},"end":{"line":191,"column":92}},"12":{"start":{"line":194,"column":8},"end":{"line":194,"column":32}},"13":{"start":{"line":197,"column":8},"end":{"line":197,"column":8227}},"14":{"start":{"line":203,"column":8},"end":{"line":203,"column":60}},"15":{"start":{"line":204,"column":8},"end":{"line":204,"column":65}},"16":{"start":{"line":214,"column":8},"end":{"line":214,"column":8865}},"17":{"start":{"line":223,"column":8},"end":{"line":223,"column":51}},"18":{"start":{"line":224,"column":8},"end":{"line":224,"column":48}},"19":{"start":{"line":226,"column":8},"end":{"line":226,"column":33}},"20":{"start":{"line":230,"column":8},"end":{"line":230,"column":62}},"21":{"start":{"line":230,"column":34},"end":{"line":230,"column":62}},"22":{"start":{"line":231,"column":8},"end":{"line":231,"column":62}},"23":{"start":{"line":231,"column":54},"end":{"line":231,"column":62}},"24":{"start":{"line":232,"column":8},"end":{"line":232,"column":54}},"25":{"start":{"line":239,"column":8},"end":{"line":239,"column":48}},"26":{"start":{"line":239,"column":40},"end":{"line":239,"column":48}},"27":{"start":{"line":240,"column":8},"end":{"line":240,"column":55}},"28":{"start":{"line":240,"column":47},"end":{"line":240,"column":55}},"29":{"start":{"line":243,"column":8},"end":{"line":243,"column":92}},"30":{"start":{"line":246,"column":8},"end":{"line":246,"column":9993}},"31":{"start":{"line":247,"column":12},"end":{"line":247,"column":33}},"32":{"start":{"line":250,"column":8},"end":{"line":250,"column":30}},"33":{"start":{"line":257,"column":8},"end":{"line":257,"column":10262}},"34":{"start":{"line":258,"column":12},"end":{"line":258,"column":43}},"35":{"start":{"line":259,"column":15},"end":{"line":259,"column":10365}},"36":{"start":{"line":260,"column":12},"end":{"line":260,"column":34}},"37":{"start":{"line":263,"column":12},"end":{"line":263,"column":10536}},"38":{"start":{"line":264,"column":16},"end":{"line":264,"column":28}},"39":{"start":{"line":266,"column":16},"end":{"line":266,"column":38}},"40":{"start":{"line":273,"column":8},"end":{"line":273,"column":39}},"41":{"start":{"line":277,"column":8},"end":{"line":277,"column":30}},"42":{"start":{"line":281,"column":8},"end":{"line":281,"column":34}},"43":{"start":{"line":286,"column":8},"end":{"line":286,"column":58}},"44":{"start":{"line":287,"column":8},"end":{"line":287,"column":99}},"45":{"start":{"line":289,"column":8},"end":{"line":289,"column":53}},"46":{"start":{"line":290,"column":8},"end":{"line":290,"column":29}},"47":{"start":{"line":291,"column":8},"end":{"line":291,"column":11544}},"48":{"start":{"line":296,"column":8},"end":{"line":296,"column":38}},"49":{"start":{"line":302,"column":8},"end":{"line":302,"column":54}},"50":{"start":{"line":303,"column":8},"end":{"line":303,"column":78}},"51":{"start":{"line":304,"column":8},"end":{"line":304,"column":57}},"52":{"start":{"line":305,"column":8},"end":{"line":305,"column":57}},"53":{"start":{"line":306,"column":8},"end":{"line":306,"column":21}},"54":{"start":{"line":307,"column":8},"end":{"line":307,"column":20}},"55":{"start":{"line":309,"column":8},"end":{"line":309,"column":85}},"56":{"start":{"line":310,"column":8},"end":{"line":310,"column":85}},"57":{"start":{"line":311,"column":8},"end":{"line":311,"column":39}},"58":{"start":{"line":313,"column":8},"end":{"line":313,"column":52}},"59":{"start":{"line":314,"column":8},"end":{"line":314,"column":46}},"60":{"start":{"line":315,"column":8},"end":{"line":315,"column":36}},"61":{"start":{"line":316,"column":8},"end":{"line":316,"column":56}},"62":{"start":{"line":317,"column":8},"end":{"line":317,"column":31}},"63":{"start":{"line":329,"column":8},"end":{"line":329,"column":76}},"64":{"start":{"line":330,"column":8},"end":{"line":330,"column":87}},"65":{"start":{"line":331,"column":8},"end":{"line":331,"column":94}},"66":{"start":{"line":333,"column":8},"end":{"line":333,"column":41}},"67":{"start":{"line":334,"column":8},"end":{"line":334,"column":75}},"68":{"start":{"line":335,"column":8},"end":{"line":335,"column":106}},"69":{"start":{"line":337,"column":8},"end":{"line":337,"column":46}},"70":{"start":{"line":340,"column":8},"end":{"line":340,"column":14035}},"71":{"start":{"line":342,"column":12},"end":{"line":342,"column":43}},"72":{"start":{"line":348,"column":8},"end":{"line":348,"column":39}},"73":{"start":{"line":349,"column":8},"end":{"line":349,"column":64}},"74":{"start":{"line":351,"column":8},"end":{"line":351,"column":58}},"75":{"start":{"line":352,"column":8},"end":{"line":352,"column":140}},"76":{"start":{"line":354,"column":8},"end":{"line":354,"column":54}},"77":{"start":{"line":355,"column":8},"end":{"line":355,"column":52}},"78":{"start":{"line":358,"column":8},"end":{"line":358,"column":14817}},"79":{"start":{"line":359,"column":12},"end":{"line":359,"column":117}},"80":{"start":{"line":360,"column":12},"end":{"line":360,"column":119}},"81":{"start":{"line":368,"column":8},"end":{"line":368,"column":15273}},"82":{"start":{"line":371,"column":8},"end":{"line":371,"column":15361}},"83":{"start":{"line":375,"column":8},"end":{"line":375,"column":15576}},"84":{"start":{"line":380,"column":8},"end":{"line":380,"column":92}},"85":{"start":{"line":389,"column":8},"end":{"line":389,"column":80}},"86":{"start":{"line":390,"column":8},"end":{"line":390,"column":66}},"87":{"start":{"line":391,"column":8},"end":{"line":391,"column":52}},"88":{"start":{"line":392,"column":8},"end":{"line":392,"column":90}},"89":{"start":{"line":394,"column":8},"end":{"line":394,"column":48}},"90":{"start":{"line":400,"column":8},"end":{"line":400,"column":38}},"91":{"start":{"line":401,"column":8},"end":{"line":401,"column":66}},"92":{"start":{"line":403,"column":8},"end":{"line":403,"column":65}},"93":{"start":{"line":404,"column":8},"end":{"line":404,"column":46}},"94":{"start":{"line":406,"column":8},"end":{"line":406,"column":67}},"95":{"start":{"line":411,"column":8},"end":{"line":411,"column":45}},"96":{"start":{"line":412,"column":8},"end":{"line":412,"column":72}},"97":{"start":{"line":414,"column":8},"end":{"line":414,"column":57}},"98":{"start":{"line":415,"column":8},"end":{"line":415,"column":30}},"99":{"start":{"line":426,"column":8},"end":{"line":426,"column":52}},"100":{"start":{"line":427,"column":8},"end":{"line":427,"column":41}},"101":{"start":{"line":430,"column":8},"end":{"line":430,"column":88}},"102":{"start":{"line":431,"column":8},"end":{"line":431,"column":69}},"103":{"start":{"line":434,"column":8},"end":{"line":434,"column":53}},"104":{"start":{"line":436,"column":8},"end":{"line":436,"column":38}},"105":{"start":{"line":437,"column":8},"end":{"line":437,"column":41}},"106":{"start":{"line":441,"column":8},"end":{"line":441,"column":48}},"107":{"start":{"line":442,"column":8},"end":{"line":442,"column":30}},"108":{"start":{"line":450,"column":8},"end":{"line":450,"column":47}},"109":{"start":{"line":455,"column":8},"end":{"line":455,"column":19002}},"110":{"start":{"line":457,"column":12},"end":{"line":457,"column":122}},"111":{"start":{"line":466,"column":8},"end":{"line":466,"column":25}},"112":{"start":{"line":470,"column":8},"end":{"line":470,"column":41}},"113":{"start":{"line":471,"column":8},"end":{"line":471,"column":36}},"114":{"start":{"line":471,"column":24},"end":{"line":471,"column":36}},"115":{"start":{"line":474,"column":8},"end":{"line":474,"column":19720}},"116":{"start":{"line":475,"column":12},"end":{"line":475,"column":58}},"117":{"start":{"line":479,"column":8},"end":{"line":479,"column":50}},"118":{"start":{"line":483,"column":8},"end":{"line":483,"column":41}},"119":{"start":{"line":484,"column":8},"end":{"line":484,"column":36}},"120":{"start":{"line":484,"column":24},"end":{"line":484,"column":36}},"121":{"start":{"line":486,"column":8},"end":{"line":486,"column":84}},"122":{"start":{"line":487,"column":8},"end":{"line":487,"column":85}},"123":{"start":{"line":495,"column":8},"end":{"line":495,"column":20637}},"124":{"start":{"line":496,"column":12},"end":{"line":496,"column":34}},"125":{"start":{"line":498,"column":8},"end":{"line":498,"column":47}},"126":{"start":{"line":500,"column":8},"end":{"line":500,"column":94}},"127":{"start":{"line":501,"column":8},"end":{"line":501,"column":65}},"128":{"start":{"line":502,"column":8},"end":{"line":502,"column":69}},"129":{"start":{"line":505,"column":8},"end":{"line":505,"column":45}},"130":{"start":{"line":509,"column":8},"end":{"line":509,"column":21510}},"131":{"start":{"line":510,"column":12},"end":{"line":510,"column":58}},"132":{"start":{"line":514,"column":12},"end":{"line":514,"column":57}},"133":{"start":{"line":519,"column":8},"end":{"line":519,"column":52}},"134":{"start":{"line":519,"column":40},"end":{"line":519,"column":52}},"135":{"start":{"line":520,"column":8},"end":{"line":520,"column":48}},"136":{"start":{"line":520,"column":37},"end":{"line":520,"column":48}},"137":{"start":{"line":523,"column":8},"end":{"line":523,"column":43}},"138":{"start":{"line":524,"column":8},"end":{"line":524,"column":41}},"139":{"start":{"line":525,"column":8},"end":{"line":525,"column":35}},"140":{"start":{"line":525,"column":23},"end":{"line":525,"column":35}},"141":{"start":{"line":527,"column":8},"end":{"line":527,"column":22122}},"142":{"start":{"line":528,"column":12},"end":{"line":528,"column":22153}},"143":{"start":{"line":529,"column":16},"end":{"line":529,"column":28}},"144":{"start":{"line":531,"column":16},"end":{"line":531,"column":40}},"145":{"start":{"line":532,"column":16},"end":{"line":532,"column":66}},"146":{"start":{"line":533,"column":16},"end":{"line":533,"column":57}},"147":{"start":{"line":534,"column":16},"end":{"line":534,"column":43}},"148":{"start":{"line":534,"column":32},"end":{"line":534,"column":43}},"149":{"start":{"line":536,"column":16},"end":{"line":536,"column":61}},"150":{"start":{"line":538,"column":16},"end":{"line":538,"column":22719}},"151":{"start":{"line":541,"column":16},"end":{"line":541,"column":65}},"152":{"start":{"line":542,"column":16},"end":{"line":542,"column":64}},"153":{"start":{"line":542,"column":53},"end":{"line":542,"column":64}},"154":{"start":{"line":545,"column":12},"end":{"line":545,"column":57}},"155":{"start":{"line":546,"column":12},"end":{"line":546,"column":23078}},"156":{"start":{"line":547,"column":16},"end":{"line":547,"column":27}},"157":{"start":{"line":550,"column":8},"end":{"line":550,"column":20}},"158":{"start":{"line":557,"column":8},"end":{"line":557,"column":39}},"159":{"start":{"line":558,"column":8},"end":{"line":558,"column":45}},"160":{"start":{"line":559,"column":8},"end":{"line":559,"column":37}},"161":{"start":{"line":566,"column":8},"end":{"line":566,"column":48}},"162":{"start":{"line":569,"column":8},"end":{"line":569,"column":23982}},"163":{"start":{"line":570,"column":12},"end":{"line":570,"column":24055}},"164":{"start":{"line":572,"column":16},"end":{"line":572,"column":28}},"165":{"start":{"line":577,"column":8},"end":{"line":577,"column":27}},"166":{"start":{"line":581,"column":8},"end":{"line":581,"column":38}},"167":{"start":{"line":583,"column":8},"end":{"line":583,"column":53}},"168":{"start":{"line":584,"column":8},"end":{"line":584,"column":75}},"169":{"start":{"line":585,"column":8},"end":{"line":585,"column":85}},"170":{"start":{"line":588,"column":8},"end":{"line":588,"column":67}},"171":{"start":{"line":590,"column":8},"end":{"line":590,"column":24886}},"172":{"start":{"line":604,"column":8},"end":{"line":604,"column":100}},"173":{"start":{"line":608,"column":8},"end":{"line":608,"column":46}},"174":{"start":{"line":608,"column":31},"end":{"line":608,"column":46}},"175":{"start":{"line":609,"column":8},"end":{"line":609,"column":56}},"176":{"start":{"line":609,"column":40},"end":{"line":609,"column":56}},"177":{"start":{"line":610,"column":8},"end":{"line":610,"column":41}},"178":{"start":{"line":611,"column":8},"end":{"line":611,"column":25616}},"179":{"start":{"line":612,"column":12},"end":{"line":612,"column":76}},"180":{"start":{"line":613,"column":12},"end":{"line":613,"column":45}},"181":{"start":{"line":615,"column":8},"end":{"line":615,"column":29}},"182":{"start":{"line":622,"column":8},"end":{"line":622,"column":38}},"183":{"start":{"line":624,"column":8},"end":{"line":624,"column":32}},"184":{"start":{"line":632,"column":8},"end":{"line":632,"column":107}},"185":{"start":{"line":635,"column":8},"end":{"line":635,"column":26689}},"186":{"start":{"line":641,"column":12},"end":{"line":641,"column":26918}},"187":{"start":{"line":643,"column":16},"end":{"line":643,"column":58}},"188":{"start":{"line":650,"column":16},"end":{"line":650,"column":49}},"189":{"start":{"line":651,"column":16},"end":{"line":651,"column":27496}},"190":{"start":{"line":652,"column":20},"end":{"line":652,"column":67}},"191":{"start":{"line":653,"column":20},"end":{"line":653,"column":27606}},"192":{"start":{"line":661,"column":24},"end":{"line":661,"column":67}},"193":{"start":{"line":662,"column":24},"end":{"line":662,"column":28146}},"194":{"start":{"line":674,"column":8},"end":{"line":674,"column":25}},"195":{"start":{"line":681,"column":8},"end":{"line":681,"column":38}},"196":{"start":{"line":681,"column":24},"end":{"line":681,"column":38}},"197":{"start":{"line":683,"column":8},"end":{"line":683,"column":46}},"198":{"start":{"line":684,"column":8},"end":{"line":684,"column":52}},"199":{"start":{"line":686,"column":8},"end":{"line":686,"column":90}},"200":{"start":{"line":694,"column":8},"end":{"line":694,"column":45}},"201":{"start":{"line":695,"column":8},"end":{"line":695,"column":45}},"202":{"start":{"line":697,"column":8},"end":{"line":697,"column":52}},"203":{"start":{"line":697,"column":39},"end":{"line":697,"column":52}},"204":{"start":{"line":699,"column":8},"end":{"line":699,"column":47}},"205":{"start":{"line":700,"column":8},"end":{"line":700,"column":50}},"206":{"start":{"line":702,"column":8},"end":{"line":702,"column":29767}},"207":{"start":{"line":706,"column":8},"end":{"line":706,"column":29863}},"208":{"start":{"line":710,"column":8},"end":{"line":710,"column":29}},"209":{"start":{"line":723,"column":8},"end":{"line":723,"column":56}},"210":{"start":{"line":728,"column":8},"end":{"line":728,"column":69}},"211":{"start":{"line":730,"column":8},"end":{"line":730,"column":38}},"212":{"start":{"line":733,"column":8},"end":{"line":733,"column":54}},"213":{"start":{"line":740,"column":8},"end":{"line":740,"column":58}},"214":{"start":{"line":741,"column":8},"end":{"line":741,"column":38}},"215":{"start":{"line":745,"column":8},"end":{"line":745,"column":96}},"216":{"start":{"line":752,"column":8},"end":{"line":752,"column":96}},"217":{"start":{"line":753,"column":8},"end":{"line":753,"column":44}},"218":{"start":{"line":757,"column":8},"end":{"line":757,"column":96}},"219":{"start":{"line":758,"column":8},"end":{"line":758,"column":48}},"220":{"start":{"line":762,"column":8},"end":{"line":762,"column":96}},"221":{"start":{"line":763,"column":8},"end":{"line":763,"column":54}},"222":{"start":{"line":777,"column":8},"end":{"line":777,"column":35}},"223":{"start":{"line":778,"column":8},"end":{"line":778,"column":37}},"224":{"start":{"line":779,"column":8},"end":{"line":779,"column":32}},"225":{"start":{"line":780,"column":8},"end":{"line":780,"column":36}},"226":{"start":{"line":781,"column":8},"end":{"line":781,"column":41}},"227":{"start":{"line":785,"column":8},"end":{"line":785,"column":28}},"228":{"start":{"line":785,"column":20},"end":{"line":785,"column":28}},"229":{"start":{"line":786,"column":8},"end":{"line":786,"column":52}},"230":{"start":{"line":790,"column":8},"end":{"line":790,"column":54}},"231":{"start":{"line":805,"column":8},"end":{"line":805,"column":41}},"232":{"start":{"line":806,"column":8},"end":{"line":806,"column":29}},"233":{"start":{"line":808,"column":8},"end":{"line":808,"column":33917}},"234":{"start":{"line":813,"column":12},"end":{"line":813,"column":47}},"235":{"start":{"line":815,"column":12},"end":{"line":815,"column":34189}},"236":{"start":{"line":824,"column":8},"end":{"line":824,"column":49}},"237":{"start":{"line":824,"column":32},"end":{"line":824,"column":49}},"238":{"start":{"line":826,"column":8},"end":{"line":826,"column":63}},"239":{"start":{"line":828,"column":8},"end":{"line":828,"column":74}},"240":{"start":{"line":842,"column":8},"end":{"line":842,"column":86}},"241":{"start":{"line":843,"column":8},"end":{"line":843,"column":87}},"242":{"start":{"line":844,"column":8},"end":{"line":844,"column":101}},"243":{"start":{"line":846,"column":8},"end":{"line":846,"column":58}},"244":{"start":{"line":847,"column":8},"end":{"line":847,"column":52}},"245":{"start":{"line":850,"column":8},"end":{"line":850,"column":45}},"246":{"start":{"line":851,"column":8},"end":{"line":851,"column":66}},"247":{"start":{"line":854,"column":8},"end":{"line":854,"column":106}},"248":{"start":{"line":855,"column":8},"end":{"line":855,"column":53}},"249":{"start":{"line":858,"column":8},"end":{"line":858,"column":109}},"250":{"start":{"line":861,"column":8},"end":{"line":861,"column":67}},"251":{"start":{"line":862,"column":8},"end":{"line":862,"column":53}},"252":{"start":{"line":863,"column":8},"end":{"line":863,"column":66}},"253":{"start":{"line":866,"column":8},"end":{"line":866,"column":29}},"254":{"start":{"line":868,"column":8},"end":{"line":868,"column":80}}},"branchMap":{"1":{"line":156,"type":"if","locations":[{"start":{"line":156,"column":8},"end":{"line":156,"column":8}},{"start":{"line":156,"column":8},"end":{"line":156,"column":8}}]},"2":{"line":184,"type":"if","locations":[{"start":{"line":184,"column":8},"end":{"line":184,"column":8}},{"start":{"line":184,"column":8},"end":{"line":184,"column":8}}]},"3":{"line":185,"type":"if","locations":[{"start":{"line":185,"column":8},"end":{"line":185,"column":8}},{"start":{"line":185,"column":8},"end":{"line":185,"column":8}}]},"4":{"line":186,"type":"if","locations":[{"start":{"line":186,"column":8},"end":{"line":186,"column":8}},{"start":{"line":186,"column":8},"end":{"line":186,"column":8}}]},"5":{"line":187,"type":"if","locations":[{"start":{"line":187,"column":8},"end":{"line":187,"column":8}},{"start":{"line":187,"column":8},"end":{"line":187,"column":8}}]},"6":{"line":190,"type":"if","locations":[{"start":{"line":190,"column":8},"end":{"line":190,"column":8}},{"start":{"line":190,"column":8},"end":{"line":190,"column":8}}]},"7":{"line":191,"type":"if","locations":[{"start":{"line":191,"column":8},"end":{"line":191,"column":8}},{"start":{"line":191,"column":8},"end":{"line":191,"column":8}}]},"8":{"line":197,"type":"if","locations":[{"start":{"line":197,"column":8},"end":{"line":197,"column":8}},{"start":{"line":197,"column":8},"end":{"line":197,"column":8}}]},"9":{"line":230,"type":"if","locations":[{"start":{"line":230,"column":8},"end":{"line":230,"column":8}},{"start":{"line":230,"column":8},"end":{"line":230,"column":8}}]},"10":{"line":231,"type":"if","locations":[{"start":{"line":231,"column":8},"end":{"line":231,"column":8}},{"start":{"line":231,"column":8},"end":{"line":231,"column":8}}]},"11":{"line":239,"type":"if","locations":[{"start":{"line":239,"column":8},"end":{"line":239,"column":8}},{"start":{"line":239,"column":8},"end":{"line":239,"column":8}}]},"12":{"line":240,"type":"if","locations":[{"start":{"line":240,"column":8},"end":{"line":240,"column":8}},{"start":{"line":240,"column":8},"end":{"line":240,"column":8}}]},"13":{"line":246,"type":"if","locations":[{"start":{"line":246,"column":8},"end":{"line":246,"column":8}},{"start":{"line":246,"column":8},"end":{"line":246,"column":8}}]},"14":{"line":257,"type":"if","locations":[{"start":{"line":257,"column":8},"end":{"line":257,"column":8}},{"start":{"line":257,"column":8},"end":{"line":257,"column":8}}]},"15":{"line":259,"type":"if","locations":[{"start":{"line":259,"column":15},"end":{"line":259,"column":15}},{"start":{"line":259,"column":15},"end":{"line":259,"column":15}}]},"16":{"line":286,"type":"if","locations":[{"start":{"line":286,"column":8},"end":{"line":286,"column":8}},{"start":{"line":286,"column":8},"end":{"line":286,"column":8}}]},"17":{"line":289,"type":"if","locations":[{"start":{"line":289,"column":8},"end":{"line":289,"column":8}},{"start":{"line":289,"column":8},"end":{"line":289,"column":8}}]},"18":{"line":291,"type":"if","locations":[{"start":{"line":291,"column":8},"end":{"line":291,"column":8}},{"start":{"line":291,"column":8},"end":{"line":291,"column":8}}]},"19":{"line":302,"type":"if","locations":[{"start":{"line":302,"column":8},"end":{"line":302,"column":8}},{"start":{"line":302,"column":8},"end":{"line":302,"column":8}}]},"20":{"line":311,"type":"if","locations":[{"start":{"line":311,"column":8},"end":{"line":311,"column":8}},{"start":{"line":311,"column":8},"end":{"line":311,"column":8}}]},"21":{"line":316,"type":"if","locations":[{"start":{"line":316,"column":8},"end":{"line":316,"column":8}},{"start":{"line":316,"column":8},"end":{"line":316,"column":8}}]},"22":{"line":329,"type":"if","locations":[{"start":{"line":329,"column":8},"end":{"line":329,"column":8}},{"start":{"line":329,"column":8},"end":{"line":329,"column":8}}]},"23":{"line":330,"type":"if","locations":[{"start":{"line":330,"column":8},"end":{"line":330,"column":8}},{"start":{"line":330,"column":8},"end":{"line":330,"column":8}}]},"24":{"line":331,"type":"if","locations":[{"start":{"line":331,"column":8},"end":{"line":331,"column":8}},{"start":{"line":331,"column":8},"end":{"line":331,"column":8}}]},"25":{"line":334,"type":"if","locations":[{"start":{"line":334,"column":8},"end":{"line":334,"column":8}},{"start":{"line":334,"column":8},"end":{"line":334,"column":8}}]},"26":{"line":335,"type":"if","locations":[{"start":{"line":335,"column":8},"end":{"line":335,"column":8}},{"start":{"line":335,"column":8},"end":{"line":335,"column":8}}]},"27":{"line":340,"type":"if","locations":[{"start":{"line":340,"column":8},"end":{"line":340,"column":8}},{"start":{"line":340,"column":8},"end":{"line":340,"column":8}}]},"28":{"line":349,"type":"if","locations":[{"start":{"line":349,"column":8},"end":{"line":349,"column":8}},{"start":{"line":349,"column":8},"end":{"line":349,"column":8}}]},"29":{"line":352,"type":"if","locations":[{"start":{"line":352,"column":8},"end":{"line":352,"column":8}},{"start":{"line":352,"column":8},"end":{"line":352,"column":8}}]},"30":{"line":358,"type":"if","locations":[{"start":{"line":358,"column":8},"end":{"line":358,"column":8}},{"start":{"line":358,"column":8},"end":{"line":358,"column":8}}]},"31":{"line":359,"type":"if","locations":[{"start":{"line":359,"column":12},"end":{"line":359,"column":12}},{"start":{"line":359,"column":12},"end":{"line":359,"column":12}}]},"32":{"line":360,"type":"if","locations":[{"start":{"line":360,"column":12},"end":{"line":360,"column":12}},{"start":{"line":360,"column":12},"end":{"line":360,"column":12}}]},"33":{"line":368,"type":"if","locations":[{"start":{"line":368,"column":8},"end":{"line":368,"column":8}},{"start":{"line":368,"column":8},"end":{"line":368,"column":8}}]},"34":{"line":371,"type":"if","locations":[{"start":{"line":371,"column":8},"end":{"line":371,"column":8}},{"start":{"line":371,"column":8},"end":{"line":371,"column":8}}]},"35":{"line":371,"type":"cond-expr","locations":[{"start":{"line":371,"column":12},"end":{"line":371,"column":44}},{"start":{"line":371,"column":49},"end":{"line":371,"column":91}}]},"36":{"line":375,"type":"if","locations":[{"start":{"line":375,"column":8},"end":{"line":375,"column":8}},{"start":{"line":375,"column":8},"end":{"line":375,"column":8}}]},"37":{"line":375,"type":"cond-expr","locations":[{"start":{"line":375,"column":12},"end":{"line":375,"column":45}},{"start":{"line":375,"column":50},"end":{"line":375,"column":93}}]},"38":{"line":389,"type":"if","locations":[{"start":{"line":389,"column":8},"end":{"line":389,"column":8}},{"start":{"line":389,"column":8},"end":{"line":389,"column":8}}]},"39":{"line":390,"type":"if","locations":[{"start":{"line":390,"column":8},"end":{"line":390,"column":8}},{"start":{"line":390,"column":8},"end":{"line":390,"column":8}}]},"40":{"line":392,"type":"if","locations":[{"start":{"line":392,"column":8},"end":{"line":392,"column":8}},{"start":{"line":392,"column":8},"end":{"line":392,"column":8}}]},"41":{"line":401,"type":"if","locations":[{"start":{"line":401,"column":8},"end":{"line":401,"column":8}},{"start":{"line":401,"column":8},"end":{"line":401,"column":8}}]},"42":{"line":404,"type":"if","locations":[{"start":{"line":404,"column":8},"end":{"line":404,"column":8}},{"start":{"line":404,"column":8},"end":{"line":404,"column":8}}]},"43":{"line":410,"type":"if","locations":[{"start":{"line":410,"column":65},"end":{"line":410,"column":65}},{"start":{"line":410,"column":65},"end":{"line":410,"column":65}}]},"44":{"line":411,"type":"if","locations":[{"start":{"line":411,"column":8},"end":{"line":411,"column":8}},{"start":{"line":411,"column":8},"end":{"line":411,"column":8}}]},"45":{"line":412,"type":"if","locations":[{"start":{"line":412,"column":8},"end":{"line":412,"column":8}},{"start":{"line":412,"column":8},"end":{"line":412,"column":8}}]},"46":{"line":415,"type":"if","locations":[{"start":{"line":415,"column":8},"end":{"line":415,"column":8}},{"start":{"line":415,"column":8},"end":{"line":415,"column":8}}]},"47":{"line":421,"type":"if","locations":[{"start":{"line":421,"column":84},"end":{"line":421,"column":84}},{"start":{"line":421,"column":84},"end":{"line":421,"column":84}}]},"48":{"line":427,"type":"if","locations":[{"start":{"line":427,"column":8},"end":{"line":427,"column":8}},{"start":{"line":427,"column":8},"end":{"line":427,"column":8}}]},"49":{"line":434,"type":"if","locations":[{"start":{"line":434,"column":8},"end":{"line":434,"column":8}},{"start":{"line":434,"column":8},"end":{"line":434,"column":8}}]},"50":{"line":437,"type":"if","locations":[{"start":{"line":437,"column":8},"end":{"line":437,"column":8}},{"start":{"line":437,"column":8},"end":{"line":437,"column":8}}]},"51":{"line":442,"type":"if","locations":[{"start":{"line":442,"column":8},"end":{"line":442,"column":8}},{"start":{"line":442,"column":8},"end":{"line":442,"column":8}}]},"52":{"line":448,"type":"if","locations":[{"start":{"line":448,"column":73},"end":{"line":448,"column":73}},{"start":{"line":448,"column":73},"end":{"line":448,"column":73}}]},"53":{"line":455,"type":"if","locations":[{"start":{"line":455,"column":8},"end":{"line":455,"column":8}},{"start":{"line":455,"column":8},"end":{"line":455,"column":8}}]},"54":{"line":457,"type":"if","locations":[{"start":{"line":457,"column":12},"end":{"line":457,"column":12}},{"start":{"line":457,"column":12},"end":{"line":457,"column":12}}]},"55":{"line":457,"type":"cond-expr","locations":[{"start":{"line":457,"column":20},"end":{"line":457,"column":47}},{"start":{"line":457,"column":52},"end":{"line":457,"column":69}}]},"56":{"line":471,"type":"if","locations":[{"start":{"line":471,"column":8},"end":{"line":471,"column":8}},{"start":{"line":471,"column":8},"end":{"line":471,"column":8}}]},"57":{"line":474,"type":"if","locations":[{"start":{"line":474,"column":8},"end":{"line":474,"column":8}},{"start":{"line":474,"column":8},"end":{"line":474,"column":8}}]},"58":{"line":484,"type":"if","locations":[{"start":{"line":484,"column":8},"end":{"line":484,"column":8}},{"start":{"line":484,"column":8},"end":{"line":484,"column":8}}]},"59":{"line":495,"type":"if","locations":[{"start":{"line":495,"column":8},"end":{"line":495,"column":8}},{"start":{"line":495,"column":8},"end":{"line":495,"column":8}}]},"60":{"line":498,"type":"if","locations":[{"start":{"line":498,"column":8},"end":{"line":498,"column":8}},{"start":{"line":498,"column":8},"end":{"line":498,"column":8}}]},"61":{"line":500,"type":"if","locations":[{"start":{"line":500,"column":8},"end":{"line":500,"column":8}},{"start":{"line":500,"column":8},"end":{"line":500,"column":8}}]},"62":{"line":502,"type":"if","locations":[{"start":{"line":502,"column":8},"end":{"line":502,"column":8}},{"start":{"line":502,"column":8},"end":{"line":502,"column":8}}]},"63":{"line":509,"type":"if","locations":[{"start":{"line":509,"column":8},"end":{"line":509,"column":8}},{"start":{"line":509,"column":8},"end":{"line":509,"column":8}}]},"64":{"line":519,"type":"if","locations":[{"start":{"line":519,"column":8},"end":{"line":519,"column":8}},{"start":{"line":519,"column":8},"end":{"line":519,"column":8}}]},"65":{"line":520,"type":"if","locations":[{"start":{"line":520,"column":8},"end":{"line":520,"column":8}},{"start":{"line":520,"column":8},"end":{"line":520,"column":8}}]},"66":{"line":525,"type":"if","locations":[{"start":{"line":525,"column":8},"end":{"line":525,"column":8}},{"start":{"line":525,"column":8},"end":{"line":525,"column":8}}]},"67":{"line":527,"type":"if","locations":[{"start":{"line":527,"column":8},"end":{"line":527,"column":8}},{"start":{"line":527,"column":8},"end":{"line":527,"column":8}}]},"68":{"line":528,"type":"if","locations":[{"start":{"line":528,"column":12},"end":{"line":528,"column":12}},{"start":{"line":528,"column":12},"end":{"line":528,"column":12}}]},"69":{"line":534,"type":"if","locations":[{"start":{"line":534,"column":16},"end":{"line":534,"column":16}},{"start":{"line":534,"column":16},"end":{"line":534,"column":16}}]},"70":{"line":538,"type":"if","locations":[{"start":{"line":538,"column":16},"end":{"line":538,"column":16}},{"start":{"line":538,"column":16},"end":{"line":538,"column":16}}]},"71":{"line":542,"type":"if","locations":[{"start":{"line":542,"column":16},"end":{"line":542,"column":16}},{"start":{"line":542,"column":16},"end":{"line":542,"column":16}}]},"72":{"line":546,"type":"if","locations":[{"start":{"line":546,"column":12},"end":{"line":546,"column":12}},{"start":{"line":546,"column":12},"end":{"line":546,"column":12}}]},"73":{"line":558,"type":"if","locations":[{"start":{"line":558,"column":8},"end":{"line":558,"column":8}},{"start":{"line":558,"column":8},"end":{"line":558,"column":8}}]},"74":{"line":570,"type":"if","locations":[{"start":{"line":570,"column":12},"end":{"line":570,"column":12}},{"start":{"line":570,"column":12},"end":{"line":570,"column":12}}]},"75":{"line":581,"type":"if","locations":[{"start":{"line":581,"column":8},"end":{"line":581,"column":8}},{"start":{"line":581,"column":8},"end":{"line":581,"column":8}}]},"76":{"line":608,"type":"if","locations":[{"start":{"line":608,"column":8},"end":{"line":608,"column":8}},{"start":{"line":608,"column":8},"end":{"line":608,"column":8}}]},"77":{"line":609,"type":"if","locations":[{"start":{"line":609,"column":8},"end":{"line":609,"column":8}},{"start":{"line":609,"column":8},"end":{"line":609,"column":8}}]},"78":{"line":611,"type":"if","locations":[{"start":{"line":611,"column":8},"end":{"line":611,"column":8}},{"start":{"line":611,"column":8},"end":{"line":611,"column":8}}]},"79":{"line":613,"type":"if","locations":[{"start":{"line":613,"column":24},"end":{"line":613,"column":32}},{"start":{"line":613,"column":36},"end":{"line":613,"column":44}}]},"80":{"line":622,"type":"if","locations":[{"start":{"line":622,"column":8},"end":{"line":622,"column":8}},{"start":{"line":622,"column":8},"end":{"line":622,"column":8}}]},"81":{"line":635,"type":"if","locations":[{"start":{"line":635,"column":8},"end":{"line":635,"column":8}},{"start":{"line":635,"column":8},"end":{"line":635,"column":8}}]},"82":{"line":641,"type":"if","locations":[{"start":{"line":641,"column":12},"end":{"line":641,"column":12}},{"start":{"line":641,"column":12},"end":{"line":641,"column":12}}]},"83":{"line":651,"type":"if","locations":[{"start":{"line":651,"column":16},"end":{"line":651,"column":16}},{"start":{"line":651,"column":16},"end":{"line":651,"column":16}}]},"84":{"line":653,"type":"if","locations":[{"start":{"line":653,"column":20},"end":{"line":653,"column":20}},{"start":{"line":653,"column":20},"end":{"line":653,"column":20}}]},"85":{"line":662,"type":"if","locations":[{"start":{"line":662,"column":24},"end":{"line":662,"column":24}},{"start":{"line":662,"column":24},"end":{"line":662,"column":24}}]},"86":{"line":681,"type":"if","locations":[{"start":{"line":681,"column":8},"end":{"line":681,"column":8}},{"start":{"line":681,"column":8},"end":{"line":681,"column":8}}]},"87":{"line":697,"type":"if","locations":[{"start":{"line":697,"column":8},"end":{"line":697,"column":8}},{"start":{"line":697,"column":8},"end":{"line":697,"column":8}}]},"88":{"line":717,"type":"if","locations":[{"start":{"line":717,"column":64},"end":{"line":717,"column":64}},{"start":{"line":717,"column":64},"end":{"line":717,"column":64}}]},"89":{"line":722,"type":"if","locations":[{"start":{"line":722,"column":53},"end":{"line":722,"column":53}},{"start":{"line":722,"column":53},"end":{"line":722,"column":53}}]},"90":{"line":723,"type":"if","locations":[{"start":{"line":723,"column":8},"end":{"line":723,"column":8}},{"start":{"line":723,"column":8},"end":{"line":723,"column":8}}]},"91":{"line":727,"type":"if","locations":[{"start":{"line":727,"column":55},"end":{"line":727,"column":55}},{"start":{"line":727,"column":55},"end":{"line":727,"column":55}}]},"92":{"line":728,"type":"if","locations":[{"start":{"line":728,"column":8},"end":{"line":728,"column":8}},{"start":{"line":728,"column":8},"end":{"line":728,"column":8}}]},"93":{"line":745,"type":"cond-expr","locations":[{"start":{"line":745,"column":15},"end":{"line":745,"column":55}},{"start":{"line":745,"column":60},"end":{"line":745,"column":95}}]},"94":{"line":751,"type":"if","locations":[{"start":{"line":751,"column":93},"end":{"line":751,"column":93}},{"start":{"line":751,"column":93},"end":{"line":751,"column":93}}]},"95":{"line":752,"type":"if","locations":[{"start":{"line":752,"column":8},"end":{"line":752,"column":8}},{"start":{"line":752,"column":8},"end":{"line":752,"column":8}}]},"96":{"line":756,"type":"if","locations":[{"start":{"line":756,"column":97},"end":{"line":756,"column":97}},{"start":{"line":756,"column":97},"end":{"line":756,"column":97}}]},"97":{"line":757,"type":"if","locations":[{"start":{"line":757,"column":8},"end":{"line":757,"column":8}},{"start":{"line":757,"column":8},"end":{"line":757,"column":8}}]},"98":{"line":761,"type":"if","locations":[{"start":{"line":761,"column":116},"end":{"line":761,"column":116}},{"start":{"line":761,"column":116},"end":{"line":761,"column":116}}]},"99":{"line":762,"type":"if","locations":[{"start":{"line":762,"column":8},"end":{"line":762,"column":8}},{"start":{"line":762,"column":8},"end":{"line":762,"column":8}}]},"100":{"line":785,"type":"if","locations":[{"start":{"line":785,"column":8},"end":{"line":785,"column":8}},{"start":{"line":785,"column":8},"end":{"line":785,"column":8}}]},"101":{"line":790,"type":"if","locations":[{"start":{"line":790,"column":23},"end":{"line":790,"column":36}},{"start":{"line":790,"column":40},"end":{"line":790,"column":53}}]},"102":{"line":808,"type":"if","locations":[{"start":{"line":808,"column":8},"end":{"line":808,"column":8}},{"start":{"line":808,"column":8},"end":{"line":808,"column":8}}]},"103":{"line":815,"type":"if","locations":[{"start":{"line":815,"column":12},"end":{"line":815,"column":12}},{"start":{"line":815,"column":12},"end":{"line":815,"column":12}}]},"104":{"line":824,"type":"if","locations":[{"start":{"line":824,"column":8},"end":{"line":824,"column":8}},{"start":{"line":824,"column":8},"end":{"line":824,"column":8}}]},"105":{"line":828,"type":"if","locations":[{"start":{"line":828,"column":46},"end":{"line":828,"column":60}},{"start":{"line":828,"column":64},"end":{"line":828,"column":73}}]},"106":{"line":842,"type":"if","locations":[{"start":{"line":842,"column":8},"end":{"line":842,"column":8}},{"start":{"line":842,"column":8},"end":{"line":842,"column":8}}]},"107":{"line":843,"type":"if","locations":[{"start":{"line":843,"column":8},"end":{"line":843,"column":8}},{"start":{"line":843,"column":8},"end":{"line":843,"column":8}}]},"108":{"line":844,"type":"if","locations":[{"start":{"line":844,"column":8},"end":{"line":844,"column":8}},{"start":{"line":844,"column":8},"end":{"line":844,"column":8}}]},"109":{"line":847,"type":"if","locations":[{"start":{"line":847,"column":8},"end":{"line":847,"column":8}},{"start":{"line":847,"column":8},"end":{"line":847,"column":8}}]},"110":{"line":851,"type":"if","locations":[{"start":{"line":851,"column":8},"end":{"line":851,"column":8}},{"start":{"line":851,"column":8},"end":{"line":851,"column":8}}]},"111":{"line":855,"type":"if","locations":[{"start":{"line":855,"column":8},"end":{"line":855,"column":8}},{"start":{"line":855,"column":8},"end":{"line":855,"column":8}}]},"112":{"line":858,"type":"if","locations":[{"start":{"line":858,"column":8},"end":{"line":858,"column":8}},{"start":{"line":858,"column":8},"end":{"line":858,"column":8}}]},"113":{"line":863,"type":"if","locations":[{"start":{"line":863,"column":8},"end":{"line":863,"column":8}},{"start":{"line":863,"column":8},"end":{"line":863,"column":8}}]}}},
"contracts/ProphetsRenderer.sol":{"l":{"25":24,"26":24,"28":24,"29":24,"36":0,"37":0,"38":0,"45":16,"47":16,"48":2,"50":9,"52":3,"54":2},"path":"/Users/ninoserec/projects/prio/zkmarkets-contracts/contracts/ProphetsRenderer.sol","s":{"1":24,"2":24,"3":24,"4":0,"5":0,"6":0,"7":16,"8":16,"9":2,"10":14,"11":9,"12":5,"13":3,"14":2},"b":{"1":[24,0],"2":[24,0],"3":[24,0],"4":[0,0],"5":[2,14],"6":[9,5],"7":[3,2]},"f":{"1":6,"2":24,"3":0,"4":16},"fnMap":{"1":{"name":"constructor","line":19,"loc":{"start":{"line":19,"column":4},"end":{"line":19,"column":19}}},"2":{"name":"storeImage","line":24,"loc":{"start":{"line":24,"column":4},"end":{"line":30,"column":4}}},"3":{"name":"getImage","line":35,"loc":{"start":{"line":35,"column":4},"end":{"line":39,"column":4}}},"4":{"name":"getDescription","line":44,"loc":{"start":{"line":44,"column":4},"end":{"line":56,"column":4}}}},"statementMap":{"1":{"start":{"line":25,"column":8},"end":{"line":25,"column":58}},"2":{"start":{"line":26,"column":8},"end":{"line":26,"column":66}},"3":{"start":{"line":29,"column":8},"end":{"line":29,"column":56}},"4":{"start":{"line":36,"column":8},"end":{"line":36,"column":47}},"5":{"start":{"line":37,"column":8},"end":{"line":37,"column":62}},"6":{"start":{"line":38,"column":8},"end":{"line":38,"column":24}},"7":{"start":{"line":45,"column":8},"end":{"line":45,"column":62}},"8":{"start":{"line":47,"column":8},"end":{"line":47,"column":1966}},"9":{"start":{"line":48,"column":12},"end":{"line":48,"column":81}},"10":{"start":{"line":49,"column":15},"end":{"line":49,"column":2122}},"11":{"start":{"line":50,"column":12},"end":{"line":50,"column":86}},"12":{"start":{"line":51,"column":15},"end":{"line":51,"column":2284}},"13":{"start":{"line":52,"column":12},"end":{"line":52,"column":75}},"14":{"start":{"line":54,"column":12},"end":{"line":54,"column":97}}},"branchMap":{"1":{"line":24,"type":"if","locations":[{"start":{"line":24,"column":83},"end":{"line":24,"column":83}},{"start":{"line":24,"column":83},"end":{"line":24,"column":83}}]},"2":{"line":25,"type":"if","locations":[{"start":{"line":25,"column":8},"end":{"line":25,"column":8}},{"start":{"line":25,"column":8},"end":{"line":25,"column":8}}]},"3":{"line":26,"type":"if","locations":[{"start":{"line":26,"column":8},"end":{"line":26,"column":8}},{"start":{"line":26,"column":8},"end":{"line":26,"column":8}}]},"4":{"line":37,"type":"if","locations":[{"start":{"line":37,"column":8},"end":{"line":37,"column":8}},{"start":{"line":37,"column":8},"end":{"line":37,"column":8}}]},"5":{"line":47,"type":"if","locations":[{"start":{"line":47,"column":8},"end":{"line":47,"column":8}},{"start":{"line":47,"column":8},"end":{"line":47,"column":8}}]},"6":{"line":49,"type":"if","locations":[{"start":{"line":49,"column":15},"end":{"line":49,"column":15}},{"start":{"line":49,"column":15},"end":{"line":49,"column":15}}]},"7":{"line":51,"type":"if","locations":[{"start":{"line":51,"column":15},"end":{"line":51,"column":15}},{"start":{"line":51,"column":15},"end":{"line":51,"column":15}}]}}},
"contracts/test.sol":{"l":{"10":6,"11":6,"15":4,"16":4,"28":105},"path":"/Users/ninoserec/projects/prio/zkmarkets-contracts/contracts/test.sol","s":{"1":0,"2":105},"b":{},"f":{"1":6,"2":4,"3":0,"4":0,"5":105},"fnMap":{"1":{"name":"constructor","line":9,"loc":{"start":{"line":9,"column":4},"end":{"line":12,"column":4}}},"2":{"name":"setPrice","line":14,"loc":{"start":{"line":14,"column":4},"end":{"line":17,"column":4}}},"3":{"name":"getUpdateFee","line":19,"loc":{"start":{"line":19,"column":4},"end":{"line":19,"column":88}}},"4":{"name":"updatePriceFeeds","line":20,"loc":{"start":{"line":20,"column":4},"end":{"line":20,"column":66}}},"5":{"name":"getPriceNoOlderThan","line":23,"loc":{"start":{"line":23,"column":4},"end":{"line":29,"column":4}}}},"statementMap":{"1":{"start":{"line":19,"column":78},"end":{"line":19,"column":86}},"2":{"start":{"line":28,"column":8},"end":{"line":28,"column":48}}},"branchMap":{}},
"contracts/test/ERC20Template.sol":{"l":{"15":0,"16":0,"20":0,"24":0},"path":"/Users/ninoserec/projects/prio/zkmarkets-contracts/contracts/test/ERC20Template.sol","s":{"1":0,"2":0,"3":0},"b":{},"f":{"1":0,"2":0,"3":0},"fnMap":{"1":{"name":"constructor","line":14,"loc":{"start":{"line":9,"column":4},"end":{"line":17,"column":4}}},"2":{"name":"decimals","line":19,"loc":{"start":{"line":19,"column":4},"end":{"line":21,"column":4}}},"3":{"name":"mint","line":23,"loc":{"start":{"line":23,"column":4},"end":{"line":25,"column":4}}}},"statementMap":{"1":{"start":{"line":16,"column":8},"end":{"line":16,"column":38}},"2":{"start":{"line":20,"column":8},"end":{"line":20,"column":24}},"3":{"start":{"line":24,"column":8},"end":{"line":24,"column":24}}},"branchMap":{}},
"contracts/test/ERC721ACBasic.sol":{"l":{"43":0,"44":0,"45":0,"46":0,"50":0,"54":0,"58":0,"62":0,"66":0,"70":0,"74":0,"85":0,"86":0,"87":0,"88":0,"90":0,"91":0,"92":0,"94":0,"95":0,"97":0,"107":0,"116":0,"117":0,"119":0,"123":0,"125":0,"126":0,"128":0,"132":0,"134":0,"135":0,"137":0,"141":0,"142":0,"144":0,"145":0,"149":0,"151":0,"152":0,"153":0,"155":0,"165":0,"166":0,"176":0,"177":0,"178":0},"path":"/Users/ninoserec/projects/prio/zkmarkets-contracts/contracts/test/ERC721ACBasic.sol","s":{"1":0,"2":0,"3":0,"4":0,"5":0,"6":0,"7":0,"8":0,"9":0,"10":0,"11":0,"12":0,"13":0,"14":0,"15":0,"16":0,"17":0,"18":0,"19":0,"20":0,"21":0,"22":0,"23":0,"24":0,"25":0,"26":0,"27":0,"28":0,"29":0,"30":0,"31":0,"32":0,"33":0,"34":0,"35":0,"36":0,"37":0,"38":0},"b":{"1":[0,0],"2":[0,0],"3":[0,0],"4":[0,0],"5":[0,0],"6":[0,0],"7":[0,0],"8":[0,0],"9":[0,0],"10":[0,0],"11":[0,0],"12":[0,0],"13":[0,0],"14":[0,0],"15":[0,0],"16":[0,0],"17":[0,0],"18":[0,0],"19":[0,0],"20":[0,0],"21":[0,0],"22":[0,0]},"f":{"1":0,"2":0,"3":0,"4":0,"5":0,"6":0,"7":0,"8":0,"9":0,"10":0,"11":0,"12":0,"13":0,"14":0,"15":0,"16":0},"fnMap":{"1":{"name":"constructor","line":42,"loc":{"start":{"line":32,"column":4},"end":{"line":47,"column":4}}},"2":{"name":"supportsInterface","line":49,"loc":{"start":{"line":49,"column":4},"end":{"line":51,"column":4}}},"3":{"name":"setDefaultRoyalty","line":53,"loc":{"start":{"line":53,"column":4},"end":{"line":55,"column":4}}},"4":{"name":"setTokenRoyalty","line":57,"loc":{"start":{"line":57,"column":4},"end":{"line":59,"column":4}}},"5":{"name":"_baseURI","line":61,"loc":{"start":{"line":61,"column":4},"end":{"line":63,"column":4}}},"6":{"name":"setBaseURI","line":65,"loc":{"start":{"line":65,"column":4},"end":{"line":67,"column":4}}},"7":{"name":"contractURI","line":69,"loc":{"start":{"line":69,"column":4},"end":{"line":71,"column":4}}},"8":{"name":"setContractURI","line":73,"loc":{"start":{"line":73,"column":4},"end":{"line":75,"column":4}}},"9":{"name":"mint","line":77,"loc":{"start":{"line":77,"column":4},"end":{"line":98,"column":4}}},"10":{"name":"_validateSignature","line":100,"loc":{"start":{"line":100,"column":4},"end":{"line":120,"column":4}}},"11":{"name":"setApprover","line":122,"loc":{"start":{"line":122,"column":4},"end":{"line":129,"column":4}}},"12":{"name":"setMaxSupply","line":131,"loc":{"start":{"line":131,"column":4},"end":{"line":138,"column":4}}},"13":{"name":"withdraw","line":140,"loc":{"start":{"line":140,"column":4},"end":{"line":146,"column":4}}},"14":{"name":"withdrawERC20","line":148,"loc":{"start":{"line":148,"column":4},"end":{"line":156,"column":4}}},"15":{"name":"getMintedAmount","line":158,"loc":{"start":{"line":158,"column":4},"end":{"line":167,"column":4}}},"16":{"name":"getRemainingMints","line":169,"loc":{"start":{"line":169,"column":4},"end":{"line":179,"column":4}}}},"statementMap":{"1":{"start":{"line":50,"column":8},"end":{"line":50,"column":96}},"2":{"start":{"line":54,"column":8},"end":{"line":54,"column":49}},"3":{"start":{"line":58,"column":8},"end":{"line":58,"column":56}},"4":{"start":{"line":62,"column":8},"end":{"line":62,"column":28}},"5":{"start":{"line":70,"column":8},"end":{"line":70,"column":27}},"6":{"start":{"line":85,"column":8},"end":{"line":85,"column":59}},"7":{"start":{"line":86,"column":8},"end":{"line":86,"column":60}},"8":{"start":{"line":87,"column":8},"end":{"line":87,"column":73}},"9":{"start":{"line":88,"column":8},"end":{"line":88,"column":75}},"10":{"start":{"line":90,"column":8},"end":{"line":90,"column":107}},"11":{"start":{"line":91,"column":8},"end":{"line":91,"column":107}},"12":{"start":{"line":92,"column":8},"end":{"line":92,"column":92}},"13":{"start":{"line":95,"column":8},"end":{"line":95,"column":32}},"14":{"start":{"line":97,"column":8},"end":{"line":97,"column":60}},"15":{"start":{"line":107,"column":8},"end":{"line":107,"column":4078}},"16":{"start":{"line":116,"column":8},"end":{"line":116,"column":51}},"17":{"start":{"line":117,"column":8},"end":{"line":117,"column":48}},"18":{"start":{"line":119,"column":8},"end":{"line":119,"column":33}},"19":{"start":{"line":123,"column":8},"end":{"line":123,"column":69}},"20":{"start":{"line":125,"column":8},"end":{"line":125,"column":38}},"21":{"start":{"line":128,"column":8},"end":{"line":128,"column":54}},"22":{"start":{"line":132,"column":8},"end":{"line":132,"column":94}},"23":{"start":{"line":134,"column":8},"end":{"line":134,"column":40}},"24":{"start":{"line":137,"column":8},"end":{"line":137,"column":57}},"25":{"start":{"line":141,"column":8},"end":{"line":141,"column":47}},"26":{"start":{"line":142,"column":8},"end":{"line":142,"column":49}},"27":{"start":{"line":144,"column":8},"end":{"line":144,"column":68}},"28":{"start":{"line":145,"column":8},"end":{"line":145,"column":48}},"29":{"start":{"line":149,"column":8},"end":{"line":149,"column":60}},"30":{"start":{"line":151,"column":8},"end":{"line":151,"column":41}},"31":{"start":{"line":152,"column":8},"end":{"line":152,"column":61}},"32":{"start":{"line":153,"column":8},"end":{"line":153,"column":52}},"33":{"start":{"line":155,"column":8},"end":{"line":155,"column":48}},"34":{"start":{"line":165,"column":8},"end":{"line":165,"column":101}},"35":{"start":{"line":166,"column":8},"end":{"line":166,"column":37}},"36":{"start":{"line":176,"column":8},"end":{"line":176,"column":101}},"37":{"start":{"line":177,"column":8},"end":{"line":177,"column":47}},"38":{"start":{"line":178,"column":8},"end":{"line":178,"column":54}}},"branchMap":{"1":{"line":50,"type":"cond-expr","locations":[{"start":{"line":50,"column":15},"end":{"line":50,"column":53}},{"start":{"line":50,"column":58},"end":{"line":50,"column":95}}]},"2":{"line":53,"type":"if","locations":[{"start":{"line":53,"column":77},"end":{"line":53,"column":77}},{"start":{"line":53,"column":77},"end":{"line":53,"column":77}}]},"3":{"line":57,"type":"if","locations":[{"start":{"line":57,"column":92},"end":{"line":57,"column":92}},{"start":{"line":57,"column":92},"end":{"line":57,"column":92}}]},"4":{"line":65,"type":"if","locations":[{"start":{"line":65,"column":60},"end":{"line":65,"column":60}},{"start":{"line":65,"column":60},"end":{"line":65,"column":60}}]},"5":{"line":73,"type":"if","locations":[{"start":{"line":73,"column":63},"end":{"line":73,"column":63}},{"start":{"line":73,"column":63},"end":{"line":73,"column":63}}]},"6":{"line":85,"type":"if","locations":[{"start":{"line":85,"column":8},"end":{"line":85,"column":8}},{"start":{"line":85,"column":8},"end":{"line":85,"column":8}}]},"7":{"line":86,"type":"if","locations":[{"start":{"line":86,"column":8},"end":{"line":86,"column":8}},{"start":{"line":86,"column":8},"end":{"line":86,"column":8}}]},"8":{"line":87,"type":"if","locations":[{"start":{"line":87,"column":8},"end":{"line":87,"column":8}},{"start":{"line":87,"column":8},"end":{"line":87,"column":8}}]},"9":{"line":88,"type":"if","locations":[{"start":{"line":88,"column":8},"end":{"line":88,"column":8}},{"start":{"line":88,"column":8},"end":{"line":88,"column":8}}]},"10":{"line":91,"type":"if","locations":[{"start":{"line":91,"column":8},"end":{"line":91,"column":8}},{"start":{"line":91,"column":8},"end":{"line":91,"column":8}}]},"11":{"line":92,"type":"if","locations":[{"start":{"line":92,"column":8},"end":{"line":92,"column":8}},{"start":{"line":92,"column":8},"end":{"line":92,"column":8}}]},"12":{"line":122,"type":"if","locations":[{"start":{"line":122,"column":55},"end":{"line":122,"column":55}},{"start":{"line":122,"column":55},"end":{"line":122,"column":55}}]},"13":{"line":123,"type":"if","locations":[{"start":{"line":123,"column":8},"end":{"line":123,"column":8}},{"start":{"line":123,"column":8},"end":{"line":123,"column":8}}]},"14":{"line":131,"type":"if","locations":[{"start":{"line":131,"column":57},"end":{"line":131,"column":57}},{"start":{"line":131,"column":57},"end":{"line":131,"column":57}}]},"15":{"line":132,"type":"if","locations":[{"start":{"line":132,"column":8},"end":{"line":132,"column":8}},{"start":{"line":132,"column":8},"end":{"line":132,"column":8}}]},"16":{"line":140,"type":"if","locations":[{"start":{"line":140,"column":33},"end":{"line":140,"column":33}},{"start":{"line":140,"column":33},"end":{"line":140,"column":33}}]},"17":{"line":142,"type":"if","locations":[{"start":{"line":142,"column":8},"end":{"line":142,"column":8}},{"start":{"line":142,"column":8},"end":{"line":142,"column":8}}]},"18":{"line":145,"type":"if","locations":[{"start":{"line":145,"column":8},"end":{"line":145,"column":8}},{"start":{"line":145,"column":8},"end":{"line":145,"column":8}}]},"19":{"line":148,"type":"if","locations":[{"start":{"line":148,"column":51},"end":{"line":148,"column":51}},{"start":{"line":148,"column":51},"end":{"line":148,"column":51}}]},"20":{"line":149,"type":"if","locations":[{"start":{"line":149,"column":8},"end":{"line":149,"column":8}},{"start":{"line":149,"column":8},"end":{"line":149,"column":8}}]},"21":{"line":153,"type":"if","locations":[{"start":{"line":153,"column":8},"end":{"line":153,"column":8}},{"start":{"line":153,"column":8},"end":{"line":153,"column":8}}]},"22":{"line":178,"type":"if","locations":[{"start":{"line":178,"column":34},"end":{"line":178,"column":49}},{"start":{"line":178,"column":53},"end":{"line":178,"column":53}}]}}},
"contracts/test/MoodyMightsERC721AC.sol":{"l":{"25":0,"26":0,"30":0,"34":0,"38":0,"42":0,"46":0,"50":0,"54":0,"58":0,"59":0,"61":0,"62":0,"63":0,"64":0,"69":0,"70":0,"72":0,"73":0,"77":0,"79":0,"80":0,"81":0,"83":0},"path":"/Users/ninoserec/projects/prio/zkmarkets-contracts/contracts/test/MoodyMightsERC721AC.sol","s":{"1":0,"2":0,"3":0,"4":0,"5":0,"6":0,"7":0,"8":0,"9":0,"10":0,"11":0,"12":0,"13":0,"14":0,"15":0,"16":0,"17":0,"18":0,"19":0,"20":0},"b":{"1":[0,0],"2":[0,0],"3":[0,0],"4":[0,0],"5":[0,0],"6":[0,0],"7":[0,0],"8":[0,0],"9":[0,0],"10":[0,0],"11":[0,0],"12":[0,0],"13":[0,0],"14":[0,0],"15":[0,0],"16":[0,0]},"f":{"1":0,"2":0,"3":0,"4":0,"5":0,"6":0,"7":0,"8":0,"9":0,"10":0,"11":0},"fnMap":{"1":{"name":"constructor","line":24,"loc":{"start":{"line":17,"column":4},"end":{"line":27,"column":4}}},"2":{"name":"supportsInterface","line":29,"loc":{"start":{"line":29,"column":4},"end":{"line":31,"column":4}}},"3":{"name":"setDefaultRoyalty","line":33,"loc":{"start":{"line":33,"column":4},"end":{"line":35,"column":4}}},"4":{"name":"setTokenRoyalty","line":37,"loc":{"start":{"line":37,"column":4},"end":{"line":39,"column":4}}},"5":{"name":"_baseURI","line":41,"loc":{"start":{"line":41,"column":4},"end":{"line":43,"column":4}}},"6":{"name":"setBaseURI","line":45,"loc":{"start":{"line":45,"column":4},"end":{"line":47,"column":4}}},"7":{"name":"contractURI","line":49,"loc":{"start":{"line":49,"column":4},"end":{"line":51,"column":4}}},"8":{"name":"setContractURI","line":53,"loc":{"start":{"line":53,"column":4},"end":{"line":55,"column":4}}},"9":{"name":"batchMint","line":57,"loc":{"start":{"line":57,"column":4},"end":{"line":66,"column":4}}},"10":{"name":"withdraw","line":68,"loc":{"start":{"line":68,"column":4},"end":{"line":74,"column":4}}},"11":{"name":"withdrawERC20","line":76,"loc":{"start":{"line":76,"column":4},"end":{"line":84,"column":4}}}},"statementMap":{"1":{"start":{"line":30,"column":8},"end":{"line":30,"column":96}},"2":{"start":{"line":34,"column":8},"end":{"line":34,"column":49}},"3":{"start":{"line":38,"column":8},"end":{"line":38,"column":56}},"4":{"start":{"line":42,"column":8},"end":{"line":42,"column":28}},"5":{"start":{"line":50,"column":8},"end":{"line":50,"column":27}},"6":{"start":{"line":58,"column":8},"end":{"line":58,"column":77}},"7":{"start":{"line":59,"column":8},"end":{"line":59,"column":53}},"8":{"start":{"line":61,"column":8},"end":{"line":61,"column":2254}},"9":{"start":{"line":62,"column":12},"end":{"line":62,"column":78}},"10":{"start":{"line":63,"column":12},"end":{"line":63,"column":67}},"11":{"start":{"line":64,"column":12},"end":{"line":64,"column":43}},"12":{"start":{"line":69,"column":8},"end":{"line":69,"column":47}},"13":{"start":{"line":70,"column":8},"end":{"line":70,"column":49}},"14":{"start":{"line":72,"column":8},"end":{"line":72,"column":68}},"15":{"start":{"line":73,"column":8},"end":{"line":73,"column":48}},"16":{"start":{"line":77,"column":8},"end":{"line":77,"column":60}},"17":{"start":{"line":79,"column":8},"end":{"line":79,"column":41}},"18":{"start":{"line":80,"column":8},"end":{"line":80,"column":61}},"19":{"start":{"line":81,"column":8},"end":{"line":81,"column":52}},"20":{"start":{"line":83,"column":8},"end":{"line":83,"column":48}}},"branchMap":{"1":{"line":30,"type":"cond-expr","locations":[{"start":{"line":30,"column":15},"end":{"line":30,"column":53}},{"start":{"line":30,"column":58},"end":{"line":30,"column":95}}]},"2":{"line":33,"type":"if","locations":[{"start":{"line":33,"column":77},"end":{"line":33,"column":77}},{"start":{"line":33,"column":77},"end":{"line":33,"column":77}}]},"3":{"line":37,"type":"if","locations":[{"start":{"line":37,"column":92},"end":{"line":37,"column":92}},{"start":{"line":37,"column":92},"end":{"line":37,"column":92}}]},"4":{"line":45,"type":"if","locations":[{"start":{"line":45,"column":60},"end":{"line":45,"column":60}},{"start":{"line":45,"column":60},"end":{"line":45,"column":60}}]},"5":{"line":53,"type":"if","locations":[{"start":{"line":53,"column":63},"end":{"line":53,"column":63}},{"start":{"line":53,"column":63},"end":{"line":53,"column":63}}]},"6":{"line":57,"type":"if","locations":[{"start":{"line":57,"column":91},"end":{"line":57,"column":91}},{"start":{"line":57,"column":91},"end":{"line":57,"column":91}}]},"7":{"line":58,"type":"if","locations":[{"start":{"line":58,"column":8},"end":{"line":58,"column":8}},{"start":{"line":58,"column":8},"end":{"line":58,"column":8}}]},"8":{"line":59,"type":"if","locations":[{"start":{"line":59,"column":8},"end":{"line":59,"column":8}},{"start":{"line":59,"column":8},"end":{"line":59,"column":8}}]},"9":{"line":62,"type":"if","locations":[{"start":{"line":62,"column":12},"end":{"line":62,"column":12}},{"start":{"line":62,"column":12},"end":{"line":62,"column":12}}]},"10":{"line":63,"type":"if","locations":[{"start":{"line":63,"column":12},"end":{"line":63,"column":12}},{"start":{"line":63,"column":12},"end":{"line":63,"column":12}}]},"11":{"line":68,"type":"if","locations":[{"start":{"line":68,"column":33},"end":{"line":68,"column":33}},{"start":{"line":68,"column":33},"end":{"line":68,"column":33}}]},"12":{"line":70,"type":"if","locations":[{"start":{"line":70,"column":8},"end":{"line":70,"column":8}},{"start":{"line":70,"column":8},"end":{"line":70,"column":8}}]},"13":{"line":73,"type":"if","locations":[{"start":{"line":73,"column":8},"end":{"line":73,"column":8}},{"start":{"line":73,"column":8},"end":{"line":73,"column":8}}]},"14":{"line":76,"type":"if","locations":[{"start":{"line":76,"column":51},"end":{"line":76,"column":51}},{"start":{"line":76,"column":51},"end":{"line":76,"column":51}}]},"15":{"line":77,"type":"if","locations":[{"start":{"line":77,"column":8},"end":{"line":77,"column":8}},{"start":{"line":77,"column":8},"end":{"line":77,"column":8}}]},"16":{"line":81,"type":"if","locations":[{"start":{"line":81,"column":8},"end":{"line":81,"column":8}},{"start":{"line":81,"column":8},"end":{"line":81,"column":8}}]}}},
"contracts/test/OnChainImageTest.sol":{"l":{"19":0,"26":0,"33":0},"path":"/Users/ninoserec/projects/prio/zkmarkets-contracts/contracts/test/OnChainImageTest.sol","s":{"1":0,"2":0},"b":{"1":[0,0]},"f":{"1":0,"2":0,"3":0,"4":0},"fnMap":{"1":{"name":"constructor","line":13,"loc":{"start":{"line":13,"column":4},"end":{"line":13,"column":19}}},"2":{"name":"storeImage","line":18,"loc":{"start":{"line":18,"column":4},"end":{"line":20,"column":4}}},"3":{"name":"getImage","line":25,"loc":{"start":{"line":25,"column":4},"end":{"line":27,"column":4}}},"4":{"name":"getImageSize","line":32,"loc":{"start":{"line":32,"column":4},"end":{"line":34,"column":4}}}},"statementMap":{"1":{"start":{"line":26,"column":8},"end":{"line":26,"column":26}},"2":{"start":{"line":33,"column":8},"end":{"line":33,"column":38}}},"branchMap":{"1":{"line":18,"type":"if","locations":[{"start":{"line":18,"column":77},"end":{"line":18,"column":77}},{"start":{"line":18,"column":77},"end":{"line":18,"column":77}}]}}},
"contracts/TestUtils.sol":{"l":{"12":2,"18":0,"25":2,"31":36,"37":0,"45":0,"46":0,"54":0,"55":0},"path":"/Users/ninoserec/projects/prio/zkmarkets-contracts/contracts/TestUtils.sol","s":{"1":2,"2":0,"3":2,"4":36,"5":0,"6":0,"7":0,"8":0,"9":0,"10":0,"11":0},"b":{"1":[0,0],"2":[0,0]},"f":{"1":2,"2":0,"3":2,"4":36,"5":0,"6":0,"7":0},"fnMap":{"1":{"name":"getAddressBalance","line":11,"loc":{"start":{"line":11,"column":4},"end":{"line":13,"column":4}}},"2":{"name":"getThisContractBalance","line":17,"loc":{"start":{"line":17,"column":4},"end":{"line":19,"column":4}}},"3":{"name":"getContractBalance","line":24,"loc":{"start":{"line":24,"column":4},"end":{"line":26,"column":4}}},"4":{"name":"getCurrentTime","line":30,"loc":{"start":{"line":30,"column":4},"end":{"line":32,"column":4}}},"5":{"name":"getCurrentBlock","line":36,"loc":{"start":{"line":36,"column":4},"end":{"line":38,"column":4}}},"6":{"name":"daysBetween","line":44,"loc":{"start":{"line":44,"column":4},"end":{"line":47,"column":4}}},"7":{"name":"weeksBetween","line":53,"loc":{"start":{"line":53,"column":4},"end":{"line":56,"column":4}}}},"statementMap":{"1":{"start":{"line":12,"column":8},"end":{"line":12,"column":27}},"2":{"start":{"line":18,"column":8},"end":{"line":18,"column":36}},"3":{"start":{"line":25,"column":8},"end":{"line":25,"column":35}},"4":{"start":{"line":31,"column":8},"end":{"line":31,"column":30}},"5":{"start":{"line":37,"column":8},"end":{"line":37,"column":27}},"6":{"start":{"line":45,"column":8},"end":{"line":45,"column":42}},"7":{"start":{"line":45,"column":34},"end":{"line":45,"column":42}},"8":{"start":{"line":46,"column":8},"end":{"line":46,"column":45}},"9":{"start":{"line":54,"column":8},"end":{"line":54,"column":42}},"10":{"start":{"line":54,"column":34},"end":{"line":54,"column":42}},"11":{"start":{"line":55,"column":8},"end":{"line":55,"column":46}}},"branchMap":{"1":{"line":45,"type":"if","locations":[{"start":{"line":45,"column":8},"end":{"line":45,"column":8}},{"start":{"line":45,"column":8},"end":{"line":45,"column":8}}]},"2":{"line":54,"type":"if","locations":[{"start":{"line":54,"column":8},"end":{"line":54,"column":8}},{"start":{"line":54,"column":8},"end":{"line":54,"column":8}}]}}}}
