{
"contracts\\IMarketplace.sol":{"l":{},"path":"C:\\rarity\\zkMarketsContracts\\contracts\\IMarketplace.sol","s":{},"b":{},"f":{},"fnMap":{},"statementMap":{},"branchMap":{}},
"contracts\\Imports.sol":{"l":{},"path":"C:\\rarity\\zkMarketsContracts\\contracts\\Imports.sol","s":{},"b":{},"f":{},"fnMap":{},"statementMap":{},"branchMap":{}},
"contracts\\MockMarketplace.sol":{"l":{"20":0,"48":0},"path":"C:\\rarity\\zkMarketsContracts\\contracts\\MockMarketplace.sol","s":{"1":0,"2":0},"b":{},"f":{"1":0,"2":0,"3":0},"fnMap":{"1":{"name":"constructor","line":17,"loc":{"start":{"line":17,"column":4},"end":{"line":17,"column":50}}},"2":{"name":"createOrderHash","line":19,"loc":{"start":{"line":19,"column":4},"end":{"line":44,"column":4}}},"3":{"name":"getDomainSeparator","line":47,"loc":{"start":{"line":47,"column":4},"end":{"line":49,"column":4}}}},"statementMap":{"1":{"start":{"line":20,"column":8},"end":{"line":20,"column":932}},"2":{"start":{"line":48,"column":8},"end":{"line":48,"column":35}}},"branchMap":{}},
"contracts\\MockTransferValidator.sol":{"l":{"10":3,"14":4},"path":"C:\\rarity\\zkMarketsContracts\\contracts\\MockTransferValidator.sol","s":{"1":4},"b":{"1":[2,2]},"f":{"1":3,"2":4},"fnMap":{"1":{"name":"setBlockAll","line":9,"loc":{"start":{"line":9,"column":4},"end":{"line":11,"column":4}}},"2":{"name":"validateTransfer","line":13,"loc":{"start":{"line":13,"column":4},"end":{"line":15,"column":4}}}},"statementMap":{"1":{"start":{"line":14,"column":8},"end":{"line":14,"column":61}}},"branchMap":{"1":{"line":14,"type":"if","locations":[{"start":{"line":14,"column":8},"end":{"line":14,"column":8}},{"start":{"line":14,"column":8},"end":{"line":14,"column":8}}]}}},
"contracts\\MoodyArchives.sol":{"l":{"49":140,"59":137,"60":137,"61":137,"62":137,"64":137,"65":137,"66":137,"78":2,"82":8,"83":8,"84":8,"88":1,"89":1,"101":244,"102":4,"103":4,"104":2,"116":5,"126":1,"130":1,"137":6,"141":2,"145":3,"149":2,"156":186,"157":185,"159":184,"160":185,"161":184,"162":183,"171":5,"173":2,"180":7,"181":6,"182":6,"189":2,"190":2,"192":1,"193":1,"197":3,"199":2,"200":2,"201":2,"203":1,"207":2,"208":1},"path":"C:\\rarity\\zkMarketsContracts\\contracts\\MoodyArchives.sol","s":{"1":140,"2":137,"3":137,"4":137,"5":137,"6":137,"7":2,"8":8,"9":8,"10":244,"11":4,"12":4,"13":5,"14":1,"15":1,"16":6,"17":3,"18":186,"19":185,"20":184,"21":185,"22":184,"23":183,"24":5,"25":2,"26":7,"27":6,"28":2,"29":2,"30":1,"31":1,"32":3,"33":2,"34":2,"35":2,"36":1,"37":2,"38":1},"b":{"1":[138,1],"2":[137,1],"3":[2,1],"4":[8,1],"5":[4,240],"6":[1,2],"7":[2,1],"8":[1,1],"9":[1,1],"10":[2,1],"11":[2,1],"12":[186,1],"13":[185,1],"14":[184,1],"15":[184,1],"16":[183,1],"17":[2,3],"18":[7,2],"19":[6,1],"20":[2,1],"21":[1,1],"22":[1,0],"23":[3,1],"24":[2,1],"25":[1,1],"26":[2,1],"27":[1,1]},"f":{"1":140,"2":137,"3":2,"4":2,"5":8,"6":1,"7":244,"8":5,"9":1,"10":1,"11":6,"12":2,"13":3,"14":2,"15":186,"16":5,"17":7,"18":2,"19":3,"20":2},"fnMap":{"1":{"name":"constructor","line":48,"loc":{"start":{"line":48,"column":4},"end":{"line":50,"column":4}}},"2":{"name":"initialize","line":58,"loc":{"start":{"line":52,"column":4},"end":{"line":67,"column":4}}},"3":{"name":"_authorizeUpgrade","line":72,"loc":{"start":{"line":72,"column":4},"end":{"line":72,"column":87}}},"4":{"name":"getTransferValidator","line":77,"loc":{"start":{"line":77,"column":4},"end":{"line":79,"column":4}}},"5":{"name":"setTransferValidator","line":81,"loc":{"start":{"line":81,"column":4},"end":{"line":85,"column":4}}},"6":{"name":"getTransferValidationFunction","line":87,"loc":{"start":{"line":87,"column":4},"end":{"line":90,"column":4}}},"7":{"name":"_beforeTokenTransfers","line":95,"loc":{"start":{"line":95,"column":4},"end":{"line":107,"column":4}}},"8":{"name":"supportsInterface","line":112,"loc":{"start":{"line":112,"column":4},"end":{"line":120,"column":4}}},"9":{"name":"setDefaultRoyalty","line":125,"loc":{"start":{"line":125,"column":4},"end":{"line":127,"column":4}}},"10":{"name":"setTokenRoyalty","line":129,"loc":{"start":{"line":129,"column":4},"end":{"line":131,"column":4}}},"11":{"name":"_baseURI","line":136,"loc":{"start":{"line":136,"column":4},"end":{"line":138,"column":4}}},"12":{"name":"setBaseURI","line":140,"loc":{"start":{"line":140,"column":4},"end":{"line":142,"column":4}}},"13":{"name":"contractURI","line":144,"loc":{"start":{"line":144,"column":4},"end":{"line":146,"column":4}}},"14":{"name":"setContractURI","line":148,"loc":{"start":{"line":148,"column":4},"end":{"line":150,"column":4}}},"15":{"name":"batchMint","line":155,"loc":{"start":{"line":155,"column":4},"end":{"line":164,"column":4}}},"16":{"name":"authorizedMint","line":170,"loc":{"start":{"line":170,"column":4},"end":{"line":174,"column":4}}},"17":{"name":"setAuthorizedMinter","line":179,"loc":{"start":{"line":179,"column":4},"end":{"line":183,"column":4}}},"18":{"name":"withdraw","line":188,"loc":{"start":{"line":188,"column":4},"end":{"line":194,"column":4}}},"19":{"name":"withdrawERC20","line":196,"loc":{"start":{"line":196,"column":4},"end":{"line":204,"column":4}}},"20":{"name":"withdrawERC721","line":206,"loc":{"start":{"line":206,"column":4},"end":{"line":209,"column":4}}}},"statementMap":{"1":{"start":{"line":49,"column":8},"end":{"line":49,"column":29}},"2":{"start":{"line":59,"column":8},"end":{"line":59,"column":37}},"3":{"start":{"line":60,"column":8},"end":{"line":60,"column":23}},"4":{"start":{"line":61,"column":8},"end":{"line":61,"column":23}},"5":{"start":{"line":62,"column":8},"end":{"line":62,"column":31}},"6":{"start":{"line":64,"column":8},"end":{"line":64,"column":65}},"7":{"start":{"line":78,"column":8},"end":{"line":78,"column":33}},"8":{"start":{"line":82,"column":8},"end":{"line":82,"column":49}},"9":{"start":{"line":84,"column":8},"end":{"line":84,"column":62}},"10":{"start":{"line":101,"column":8},"end":{"line":101,"column":4041}},"11":{"start":{"line":102,"column":12},"end":{"line":102,"column":4120}},"12":{"start":{"line":103,"column":16},"end":{"line":103,"column":110}},"13":{"start":{"line":116,"column":8},"end":{"line":116,"column":4665}},"14":{"start":{"line":126,"column":8},"end":{"line":126,"column":49}},"15":{"start":{"line":130,"column":8},"end":{"line":130,"column":56}},"16":{"start":{"line":137,"column":8},"end":{"line":137,"column":28}},"17":{"start":{"line":145,"column":8},"end":{"line":145,"column":27}},"18":{"start":{"line":156,"column":8},"end":{"line":156,"column":77}},"19":{"start":{"line":157,"column":8},"end":{"line":157,"column":53}},"20":{"start":{"line":159,"column":8},"end":{"line":159,"column":6157}},"21":{"start":{"line":160,"column":12},"end":{"line":160,"column":78}},"22":{"start":{"line":161,"column":12},"end":{"line":161,"column":67}},"23":{"start":{"line":162,"column":12},"end":{"line":162,"column":43}},"24":{"start":{"line":171,"column":8},"end":{"line":171,"column":70}},"25":{"start":{"line":173,"column":8},"end":{"line":173,"column":28}},"26":{"start":{"line":180,"column":8},"end":{"line":180,"column":54}},"27":{"start":{"line":182,"column":8},"end":{"line":182,"column":53}},"28":{"start":{"line":189,"column":8},"end":{"line":189,"column":47}},"29":{"start":{"line":190,"column":8},"end":{"line":190,"column":49}},"30":{"start":{"line":192,"column":8},"end":{"line":192,"column":68}},"31":{"start":{"line":193,"column":8},"end":{"line":193,"column":48}},"32":{"start":{"line":197,"column":8},"end":{"line":197,"column":60}},"33":{"start":{"line":199,"column":8},"end":{"line":199,"column":41}},"34":{"start":{"line":200,"column":8},"end":{"line":200,"column":61}},"35":{"start":{"line":201,"column":8},"end":{"line":201,"column":52}},"36":{"start":{"line":203,"column":8},"end":{"line":203,"column":48}},"37":{"start":{"line":207,"column":8},"end":{"line":207,"column":60}},"38":{"start":{"line":208,"column":8},"end":{"line":208,"column":71}}},"branchMap":{"1":{"line":58,"type":"if","locations":[{"start":{"line":58,"column":15},"end":{"line":58,"column":15}},{"start":{"line":58,"column":15},"end":{"line":58,"column":15}}]},"2":{"line":58,"type":"if","locations":[{"start":{"line":58,"column":34},"end":{"line":58,"column":34}},{"start":{"line":58,"column":34},"end":{"line":58,"column":34}}]},"3":{"line":72,"type":"if","locations":[{"start":{"line":72,"column":76},"end":{"line":72,"column":76}},{"start":{"line":72,"column":76},"end":{"line":72,"column":76}}]},"4":{"line":81,"type":"if","locations":[{"start":{"line":81,"column":71},"end":{"line":81,"column":71}},{"start":{"line":81,"column":71},"end":{"line":81,"column":71}}]},"5":{"line":101,"type":"if","locations":[{"start":{"line":101,"column":8},"end":{"line":101,"column":8}},{"start":{"line":101,"column":8},"end":{"line":101,"column":8}}]},"6":{"line":117,"type":"cond-expr","locations":[{"start":{"line":117,"column":12},"end":{"line":117,"column":57}},{"start":{"line":118,"column":12},"end":{"line":118,"column":60}}]},"7":{"line":117,"type":"cond-expr","locations":[{"start":{"line":117,"column":12},"end":{"line":118,"column":60}},{"start":{"line":119,"column":12},"end":{"line":119,"column":60}}]},"8":{"line":125,"type":"if","locations":[{"start":{"line":125,"column":77},"end":{"line":125,"column":77}},{"start":{"line":125,"column":77},"end":{"line":125,"column":77}}]},"9":{"line":129,"type":"if","locations":[{"start":{"line":129,"column":92},"end":{"line":129,"column":92}},{"start":{"line":129,"column":92},"end":{"line":129,"column":92}}]},"10":{"line":140,"type":"if","locations":[{"start":{"line":140,"column":60},"end":{"line":140,"column":60}},{"start":{"line":140,"column":60},"end":{"line":140,"column":60}}]},"11":{"line":148,"type":"if","locations":[{"start":{"line":148,"column":63},"end":{"line":148,"column":63}},{"start":{"line":148,"column":63},"end":{"line":148,"column":63}}]},"12":{"line":155,"type":"if","locations":[{"start":{"line":155,"column":91},"end":{"line":155,"column":91}},{"start":{"line":155,"column":91},"end":{"line":155,"column":91}}]},"13":{"line":156,"type":"if","locations":[{"start":{"line":156,"column":8},"end":{"line":156,"column":8}},{"start":{"line":156,"column":8},"end":{"line":156,"column":8}}]},"14":{"line":157,"type":"if","locations":[{"start":{"line":157,"column":8},"end":{"line":157,"column":8}},{"start":{"line":157,"column":8},"end":{"line":157,"column":8}}]},"15":{"line":160,"type":"if","locations":[{"start":{"line":160,"column":12},"end":{"line":160,"column":12}},{"start":{"line":160,"column":12},"end":{"line":160,"column":12}}]},"16":{"line":161,"type":"if","locations":[{"start":{"line":161,"column":12},"end":{"line":161,"column":12}},{"start":{"line":161,"column":12},"end":{"line":161,"column":12}}]},"17":{"line":171,"type":"if","locations":[{"start":{"line":171,"column":8},"end":{"line":171,"column":8}},{"start":{"line":171,"column":8},"end":{"line":171,"column":8}}]},"18":{"line":179,"type":"if","locations":[{"start":{"line":179,"column":72},"end":{"line":179,"column":72}},{"start":{"line":179,"column":72},"end":{"line":179,"column":72}}]},"19":{"line":180,"type":"if","locations":[{"start":{"line":180,"column":8},"end":{"line":180,"column":8}},{"start":{"line":180,"column":8},"end":{"line":180,"column":8}}]},"20":{"line":188,"type":"if","locations":[{"start":{"line":188,"column":33},"end":{"line":188,"column":33}},{"start":{"line":188,"column":33},"end":{"line":188,"column":33}}]},"21":{"line":190,"type":"if","locations":[{"start":{"line":190,"column":8},"end":{"line":190,"column":8}},{"start":{"line":190,"column":8},"end":{"line":190,"column":8}}]},"22":{"line":193,"type":"if","locations":[{"start":{"line":193,"column":8},"end":{"line":193,"column":8}},{"start":{"line":193,"column":8},"end":{"line":193,"column":8}}]},"23":{"line":196,"type":"if","locations":[{"start":{"line":196,"column":51},"end":{"line":196,"column":51}},{"start":{"line":196,"column":51},"end":{"line":196,"column":51}}]},"24":{"line":197,"type":"if","locations":[{"start":{"line":197,"column":8},"end":{"line":197,"column":8}},{"start":{"line":197,"column":8},"end":{"line":197,"column":8}}]},"25":{"line":201,"type":"if","locations":[{"start":{"line":201,"column":8},"end":{"line":201,"column":8}},{"start":{"line":201,"column":8},"end":{"line":201,"column":8}}]},"26":{"line":206,"type":"if","locations":[{"start":{"line":206,"column":69},"end":{"line":206,"column":69}},{"start":{"line":206,"column":69},"end":{"line":206,"column":69}}]},"27":{"line":207,"type":"if","locations":[{"start":{"line":207,"column":8},"end":{"line":207,"column":8}},{"start":{"line":207,"column":8},"end":{"line":207,"column":8}}]}}},
"contracts\\Staking.sol":{"l":{"50":72,"54":72,"55":72,"69":30,"70":12,"72":18,"83":22,"84":21,"86":20,"87":36,"88":36,"90":35,"91":35,"93":35,"101":16,"103":15,"104":17,"105":17,"106":16,"107":16,"109":13,"110":13,"112":13,"114":13,"127":19,"128":18,"130":17,"132":17,"133":17,"135":17,"143":6,"144":5,"145":4,"147":3,"149":3,"150":54,"151":53,"152":53,"154":53,"163":12,"164":11,"165":9,"166":9,"168":7,"170":7,"171":4,"174":7,"176":7,"185":10,"190":5,"195":13,"203":4,"204":4,"205":4,"206":113,"207":113,"217":148,"218":147,"219":147,"224":7,"225":7,"226":7,"233":8,"234":7,"235":7,"236":7,"242":3,"243":2,"244":2,"245":2,"252":1,"253":1,"257":1,"261":2,"262":1,"266":1,"273":2},"path":"C:\\rarity\\zkMarketsContracts\\contracts\\Staking.sol","s":{"1":72,"2":72,"3":72,"4":30,"5":12,"6":18,"7":22,"8":21,"9":20,"10":36,"11":36,"12":35,"13":16,"14":15,"15":17,"16":17,"17":16,"18":16,"19":13,"20":13,"21":19,"22":18,"23":17,"24":17,"25":6,"26":5,"27":4,"28":3,"29":3,"30":54,"31":53,"32":12,"33":11,"34":9,"35":9,"36":7,"37":7,"38":7,"39":10,"40":5,"41":13,"42":4,"43":148,"44":147,"45":7,"46":7,"47":8,"48":7,"49":3,"50":2,"51":1,"52":1,"53":1,"54":2,"55":1,"56":1,"57":2},"b":{"1":[72,1],"2":[0,0],"3":[12,18],"4":[21,1],"5":[20,1],"6":[15,1],"7":[16,1],"8":[13,3],"9":[9,4],"10":[18,1],"11":[17,1],"12":[5,1],"13":[4,1],"14":[3,1],"15":[53,1],"16":[11,1],"17":[9,2],"18":[7,2],"19":[4,3],"20":[4,3],"21":[148,1],"22":[147,1],"23":[7,1],"24":[8,1],"25":[7,1],"26":[3,1],"27":[2,1],"28":[1,1],"29":[1,0],"30":[1,1],"31":[2,1],"32":[1,1],"33":[1,1]},"f":{"1":72,"2":72,"3":0,"4":30,"5":22,"6":16,"7":19,"8":6,"9":12,"10":10,"11":5,"12":13,"13":4,"14":148,"15":7,"16":8,"17":3,"18":1,"19":1,"20":2,"21":1,"22":2},"fnMap":{"1":{"name":"constructor","line":49,"loc":{"start":{"line":49,"column":4},"end":{"line":51,"column":4}}},"2":{"name":"initialize","line":53,"loc":{"start":{"line":53,"column":4},"end":{"line":56,"column":4}}},"3":{"name":"_authorizeUpgrade","line":61,"loc":{"start":{"line":61,"column":4},"end":{"line":61,"column":87}}},"4":{"name":"getEffectiveMinStakeDuration","line":68,"loc":{"start":{"line":68,"column":4},"end":{"line":73,"column":4}}},"5":{"name":"stake","line":82,"loc":{"start":{"line":82,"column":4},"end":{"line":95,"column":4}}},"6":{"name":"unstake","line":100,"loc":{"start":{"line":100,"column":4},"end":{"line":116,"column":4}}},"7":{"name":"stakeERC1155","line":126,"loc":{"start":{"line":126,"column":4},"end":{"line":136,"column":4}}},"8":{"name":"batchStakeERC1155","line":142,"loc":{"start":{"line":142,"column":4},"end":{"line":156,"column":4}}},"9":{"name":"unstakeERC1155","line":162,"loc":{"start":{"line":162,"column":4},"end":{"line":177,"column":4}}},"10":{"name":"isStaked","line":184,"loc":{"start":{"line":184,"column":4},"end":{"line":186,"column":4}}},"11":{"name":"getStakeInfo","line":189,"loc":{"start":{"line":189,"column":4},"end":{"line":191,"column":4}}},"12":{"name":"getERC1155StakeInfo","line":194,"loc":{"start":{"line":194,"column":4},"end":{"line":196,"column":4}}},"13":{"name":"getERC1155StakeInfoBatch","line":202,"loc":{"start":{"line":202,"column":4},"end":{"line":209,"column":4}}},"14":{"name":"setAllowedCollection","line":216,"loc":{"start":{"line":216,"column":4},"end":{"line":220,"column":4}}},"15":{"name":"setMinStakeDuration","line":223,"loc":{"start":{"line":223,"column":4},"end":{"line":227,"column":4}}},"16":{"name":"setCollectionMinStakeDuration","line":232,"loc":{"start":{"line":232,"column":4},"end":{"line":237,"column":4}}},"17":{"name":"clearCollectionMinStakeDuration","line":241,"loc":{"start":{"line":241,"column":4},"end":{"line":246,"column":4}}},"18":{"name":"rescueETH","line":251,"loc":{"start":{"line":251,"column":4},"end":{"line":254,"column":4}}},"19":{"name":"rescueERC20","line":256,"loc":{"start":{"line":256,"column":4},"end":{"line":258,"column":4}}},"20":{"name":"rescueERC721","line":260,"loc":{"start":{"line":260,"column":4},"end":{"line":263,"column":4}}},"21":{"name":"rescueERC1155","line":265,"loc":{"start":{"line":265,"column":4},"end":{"line":267,"column":4}}},"22":{"name":"supportsInterface","line":272,"loc":{"start":{"line":272,"column":4},"end":{"line":274,"column":4}}}},"statementMap":{"1":{"start":{"line":50,"column":8},"end":{"line":50,"column":29}},"2":{"start":{"line":54,"column":8},"end":{"line":54,"column":23}},"3":{"start":{"line":55,"column":8},"end":{"line":55,"column":31}},"4":{"start":{"line":69,"column":8},"end":{"line":69,"column":3537}},"5":{"start":{"line":70,"column":12},"end":{"line":70,"column":57}},"6":{"start":{"line":72,"column":8},"end":{"line":72,"column":31}},"7":{"start":{"line":83,"column":8},"end":{"line":83,"column":72}},"8":{"start":{"line":84,"column":8},"end":{"line":84,"column":60}},"9":{"start":{"line":86,"column":8},"end":{"line":86,"column":4215}},"10":{"start":{"line":87,"column":12},"end":{"line":87,"column":41}},"11":{"start":{"line":88,"column":12},"end":{"line":88,"column":79}},"12":{"start":{"line":93,"column":12},"end":{"line":93,"column":73}},"13":{"start":{"line":101,"column":8},"end":{"line":101,"column":60}},"14":{"start":{"line":103,"column":8},"end":{"line":103,"column":4922}},"15":{"start":{"line":104,"column":12},"end":{"line":104,"column":41}},"16":{"start":{"line":105,"column":12},"end":{"line":105,"column":75}},"17":{"start":{"line":106,"column":12},"end":{"line":106,"column":72}},"18":{"start":{"line":107,"column":12},"end":{"line":107,"column":128}},"19":{"start":{"line":112,"column":12},"end":{"line":112,"column":79}},"20":{"start":{"line":114,"column":12},"end":{"line":114,"column":75}},"21":{"start":{"line":127,"column":8},"end":{"line":127,"column":72}},"22":{"start":{"line":128,"column":8},"end":{"line":128,"column":48}},"23":{"start":{"line":130,"column":8},"end":{"line":130,"column":92}},"24":{"start":{"line":135,"column":8},"end":{"line":135,"column":84}},"25":{"start":{"line":143,"column":8},"end":{"line":143,"column":72}},"26":{"start":{"line":144,"column":8},"end":{"line":144,"column":75}},"27":{"start":{"line":145,"column":8},"end":{"line":145,"column":51}},"28":{"start":{"line":147,"column":8},"end":{"line":147,"column":99}},"29":{"start":{"line":149,"column":8},"end":{"line":149,"column":7175}},"30":{"start":{"line":150,"column":12},"end":{"line":150,"column":56}},"31":{"start":{"line":154,"column":12},"end":{"line":154,"column":96}},"32":{"start":{"line":163,"column":8},"end":{"line":163,"column":48}},"33":{"start":{"line":164,"column":8},"end":{"line":164,"column":108}},"34":{"start":{"line":165,"column":8},"end":{"line":165,"column":68}},"35":{"start":{"line":166,"column":8},"end":{"line":166,"column":143}},"36":{"start":{"line":170,"column":8},"end":{"line":170,"column":8326}},"37":{"start":{"line":174,"column":8},"end":{"line":174,"column":92}},"38":{"start":{"line":176,"column":8},"end":{"line":176,"column":86}},"39":{"start":{"line":185,"column":8},"end":{"line":185,"column":56}},"40":{"start":{"line":190,"column":8},"end":{"line":190,"column":75}},"41":{"start":{"line":195,"column":8},"end":{"line":195,"column":107}},"42":{"start":{"line":205,"column":8},"end":{"line":205,"column":10145}},"43":{"start":{"line":217,"column":8},"end":{"line":217,"column":62}},"44":{"start":{"line":219,"column":8},"end":{"line":219,"column":51}},"45":{"start":{"line":224,"column":8},"end":{"line":224,"column":46}},"46":{"start":{"line":226,"column":8},"end":{"line":226,"column":62}},"47":{"start":{"line":233,"column":8},"end":{"line":233,"column":62}},"48":{"start":{"line":236,"column":8},"end":{"line":236,"column":74}},"49":{"start":{"line":242,"column":8},"end":{"line":242,"column":62}},"50":{"start":{"line":245,"column":8},"end":{"line":245,"column":68}},"51":{"start":{"line":252,"column":8},"end":{"line":252,"column":52}},"52":{"start":{"line":253,"column":8},"end":{"line":253,"column":33}},"53":{"start":{"line":257,"column":8},"end":{"line":257,"column":46}},"54":{"start":{"line":261,"column":8},"end":{"line":261,"column":71}},"55":{"start":{"line":262,"column":8},"end":{"line":262,"column":67}},"56":{"start":{"line":266,"column":8},"end":{"line":266,"column":84}},"57":{"start":{"line":273,"column":8},"end":{"line":273,"column":51}}},"branchMap":{"1":{"line":53,"type":"if","locations":[{"start":{"line":53,"column":35},"end":{"line":53,"column":35}},{"start":{"line":53,"column":35},"end":{"line":53,"column":35}}]},"2":{"line":61,"type":"if","locations":[{"start":{"line":61,"column":76},"end":{"line":61,"column":76}},{"start":{"line":61,"column":76},"end":{"line":61,"column":76}}]},"3":{"line":69,"type":"if","locations":[{"start":{"line":69,"column":8},"end":{"line":69,"column":8}},{"start":{"line":69,"column":8},"end":{"line":69,"column":8}}]},"4":{"line":83,"type":"if","locations":[{"start":{"line":83,"column":8},"end":{"line":83,"column":8}},{"start":{"line":83,"column":8},"end":{"line":83,"column":8}}]},"5":{"line":84,"type":"if","locations":[{"start":{"line":84,"column":8},"end":{"line":84,"column":8}},{"start":{"line":84,"column":8},"end":{"line":84,"column":8}}]},"6":{"line":101,"type":"if","locations":[{"start":{"line":101,"column":8},"end":{"line":101,"column":8}},{"start":{"line":101,"column":8},"end":{"line":101,"column":8}}]},"7":{"line":105,"type":"if","locations":[{"start":{"line":105,"column":12},"end":{"line":105,"column":12}},{"start":{"line":105,"column":12},"end":{"line":105,"column":12}}]},"8":{"line":107,"type":"if","locations":[{"start":{"line":107,"column":12},"end":{"line":107,"column":12}},{"start":{"line":107,"column":12},"end":{"line":107,"column":12}}]},"9":{"line":107,"type":"cond-expr","locations":[{"start":{"line":107,"column":20},"end":{"line":107,"column":33}},{"start":{"line":107,"column":38},"end":{"line":107,"column":97}}]},"10":{"line":127,"type":"if","locations":[{"start":{"line":127,"column":8},"end":{"line":127,"column":8}},{"start":{"line":127,"column":8},"end":{"line":127,"column":8}}]},"11":{"line":128,"type":"if","locations":[{"start":{"line":128,"column":8},"end":{"line":128,"column":8}},{"start":{"line":128,"column":8},"end":{"line":128,"column":8}}]},"12":{"line":143,"type":"if","locations":[{"start":{"line":143,"column":8},"end":{"line":143,"column":8}},{"start":{"line":143,"column":8},"end":{"line":143,"column":8}}]},"13":{"line":144,"type":"if","locations":[{"start":{"line":144,"column":8},"end":{"line":144,"column":8}},{"start":{"line":144,"column":8},"end":{"line":144,"column":8}}]},"14":{"line":145,"type":"if","locations":[{"start":{"line":145,"column":8},"end":{"line":145,"column":8}},{"start":{"line":145,"column":8},"end":{"line":145,"column":8}}]},"15":{"line":150,"type":"if","locations":[{"start":{"line":150,"column":12},"end":{"line":150,"column":12}},{"start":{"line":150,"column":12},"end":{"line":150,"column":12}}]},"16":{"line":163,"type":"if","locations":[{"start":{"line":163,"column":8},"end":{"line":163,"column":8}},{"start":{"line":163,"column":8},"end":{"line":163,"column":8}}]},"17":{"line":164,"type":"if","locations":[{"start":{"line":164,"column":8},"end":{"line":164,"column":8}},{"start":{"line":164,"column":8},"end":{"line":164,"column":8}}]},"18":{"line":166,"type":"if","locations":[{"start":{"line":166,"column":8},"end":{"line":166,"column":8}},{"start":{"line":166,"column":8},"end":{"line":166,"column":8}}]},"19":{"line":166,"type":"cond-expr","locations":[{"start":{"line":166,"column":16},"end":{"line":166,"column":29}},{"start":{"line":166,"column":34},"end":{"line":166,"column":112}}]},"20":{"line":170,"type":"if","locations":[{"start":{"line":170,"column":8},"end":{"line":170,"column":8}},{"start":{"line":170,"column":8},"end":{"line":170,"column":8}}]},"21":{"line":216,"type":"if","locations":[{"start":{"line":216,"column":77},"end":{"line":216,"column":77}},{"start":{"line":216,"column":77},"end":{"line":216,"column":77}}]},"22":{"line":217,"type":"if","locations":[{"start":{"line":217,"column":8},"end":{"line":217,"column":8}},{"start":{"line":217,"column":8},"end":{"line":217,"column":8}}]},"23":{"line":223,"type":"if","locations":[{"start":{"line":223,"column":63},"end":{"line":223,"column":63}},{"start":{"line":223,"column":63},"end":{"line":223,"column":63}}]},"24":{"line":232,"type":"if","locations":[{"start":{"line":232,"column":90},"end":{"line":232,"column":90}},{"start":{"line":232,"column":90},"end":{"line":232,"column":90}}]},"25":{"line":233,"type":"if","locations":[{"start":{"line":233,"column":8},"end":{"line":233,"column":8}},{"start":{"line":233,"column":8},"end":{"line":233,"column":8}}]},"26":{"line":241,"type":"if","locations":[{"start":{"line":241,"column":74},"end":{"line":241,"column":74}},{"start":{"line":241,"column":74},"end":{"line":241,"column":74}}]},"27":{"line":242,"type":"if","locations":[{"start":{"line":242,"column":8},"end":{"line":242,"column":8}},{"start":{"line":242,"column":8},"end":{"line":242,"column":8}}]},"28":{"line":251,"type":"if","locations":[{"start":{"line":251,"column":48},"end":{"line":251,"column":48}},{"start":{"line":251,"column":48},"end":{"line":251,"column":48}}]},"29":{"line":253,"type":"if","locations":[{"start":{"line":253,"column":8},"end":{"line":253,"column":8}},{"start":{"line":253,"column":8},"end":{"line":253,"column":8}}]},"30":{"line":256,"type":"if","locations":[{"start":{"line":256,"column":65},"end":{"line":256,"column":65}},{"start":{"line":256,"column":65},"end":{"line":256,"column":65}}]},"31":{"line":260,"type":"if","locations":[{"start":{"line":260,"column":67},"end":{"line":260,"column":67}},{"start":{"line":260,"column":67},"end":{"line":260,"column":67}}]},"32":{"line":261,"type":"if","locations":[{"start":{"line":261,"column":8},"end":{"line":261,"column":8}},{"start":{"line":261,"column":8},"end":{"line":261,"column":8}}]},"33":{"line":265,"type":"if","locations":[{"start":{"line":265,"column":84},"end":{"line":265,"column":84}},{"start":{"line":265,"column":84},"end":{"line":265,"column":84}}]}}},
"contracts\\TestERC1155.sol":{"l":{"12":227,"16":1},"path":"C:\\rarity\\zkMarketsContracts\\contracts\\TestERC1155.sol","s":{"1":227,"2":1},"b":{},"f":{"1":74,"2":227,"3":1},"fnMap":{"1":{"name":"constructor","line":9,"loc":{"start":{"line":9,"column":4},"end":{"line":9,"column":31}}},"2":{"name":"mint","line":11,"loc":{"start":{"line":11,"column":4},"end":{"line":13,"column":4}}},"3":{"name":"mintBatch","line":15,"loc":{"start":{"line":15,"column":4},"end":{"line":17,"column":4}}}},"statementMap":{"1":{"start":{"line":12,"column":8},"end":{"line":12,"column":32}},"2":{"start":{"line":16,"column":8},"end":{"line":16,"column":39}}},"branchMap":{}},
"contracts\\TestERC20.sol":{"l":{"10":12,"14":0},"path":"C:\\rarity\\zkMarketsContracts\\contracts\\TestERC20.sol","s":{"1":12,"2":0},"b":{},"f":{"1":12,"2":0},"fnMap":{"1":{"name":"constructor","line":9,"loc":{"start":{"line":9,"column":4},"end":{"line":11,"column":4}}},"2":{"name":"mint","line":13,"loc":{"start":{"line":13,"column":4},"end":{"line":15,"column":4}}}},"statementMap":{"1":{"start":{"line":10,"column":8},"end":{"line":10,"column":41}},"2":{"start":{"line":14,"column":8},"end":{"line":14,"column":24}}},"branchMap":{}},
"contracts\\TokenClaim.sol":{"l":{"45":0,"63":0,"83":0,"96":0,"97":0,"98":0,"99":0,"102":0,"105":0,"106":0,"107":0,"108":0,"109":0,"110":0,"115":0,"116":0,"117":0,"119":0,"120":0,"122":0,"125":0,"128":0,"131":0,"144":0,"155":0,"156":0,"158":0,"163":0,"164":0,"165":0,"166":0,"172":0,"173":0,"174":0,"175":0,"180":0,"181":0,"185":0,"186":0,"190":0,"194":0},"path":"C:\\rarity\\zkMarketsContracts\\contracts\\TokenClaim.sol","s":{"1":0,"2":0,"3":0,"4":0,"5":0,"6":0,"7":0,"8":0,"9":0,"10":0,"11":0,"12":0,"13":0,"14":0,"15":0,"16":0,"17":0,"18":0,"19":0,"20":0,"21":0,"22":0,"23":0,"24":0,"25":0,"26":0,"27":0,"28":0,"29":0,"30":0,"31":0,"32":0,"33":0,"34":0,"35":0,"36":0,"37":0,"38":0,"39":0,"40":0},"b":{"1":[0,0],"2":[0,0],"3":[0,0],"4":[0,0],"5":[0,0],"6":[0,0],"7":[0,0],"8":[0,0],"9":[0,0],"10":[0,0],"11":[0,0],"12":[0,0],"13":[0,0],"14":[0,0],"15":[0,0],"16":[0,0],"17":[0,0],"18":[0,0],"19":[0,0],"20":[0,0],"21":[0,0],"22":[0,0],"23":[0,0],"24":[0,0]},"f":{"1":0,"2":0,"3":0,"4":0,"5":0,"6":0,"7":0,"8":0,"9":0,"10":0,"11":0},"fnMap":{"1":{"name":"constructor","line":44,"loc":{"start":{"line":44,"column":4},"end":{"line":46,"column":4}}},"2":{"name":"claimToken","line":55,"loc":{"start":{"line":55,"column":4},"end":{"line":64,"column":4}}},"3":{"name":"claimTokenReferral","line":74,"loc":{"start":{"line":74,"column":4},"end":{"line":84,"column":4}}},"4":{"name":"_claimTokenInternal","line":87,"loc":{"start":{"line":87,"column":4},"end":{"line":132,"column":4}}},"5":{"name":"_validateSignature","line":135,"loc":{"start":{"line":135,"column":4},"end":{"line":159,"column":4}}},"6":{"name":"setApprover","line":162,"loc":{"start":{"line":162,"column":4},"end":{"line":167,"column":4}}},"7":{"name":"setReferralFee","line":171,"loc":{"start":{"line":171,"column":4},"end":{"line":176,"column":4}}},"8":{"name":"rescueETH","line":179,"loc":{"start":{"line":179,"column":4},"end":{"line":182,"column":4}}},"9":{"name":"rescueERC20","line":184,"loc":{"start":{"line":184,"column":4},"end":{"line":187,"column":4}}},"10":{"name":"rescueERC721","line":189,"loc":{"start":{"line":189,"column":4},"end":{"line":191,"column":4}}},"11":{"name":"rescueERC1155","line":193,"loc":{"start":{"line":193,"column":4},"end":{"line":195,"column":4}}}},"statementMap":{"1":{"start":{"line":63,"column":8},"end":{"line":63,"column":99}},"2":{"start":{"line":83,"column":8},"end":{"line":83,"column":97}},"3":{"start":{"line":96,"column":8},"end":{"line":96,"column":69}},"4":{"start":{"line":97,"column":8},"end":{"line":97,"column":59}},"5":{"start":{"line":98,"column":8},"end":{"line":98,"column":56}},"6":{"start":{"line":99,"column":8},"end":{"line":99,"column":127}},"7":{"start":{"line":105,"column":8},"end":{"line":105,"column":4427}},"8":{"start":{"line":106,"column":12},"end":{"line":106,"column":73}},"9":{"start":{"line":107,"column":12},"end":{"line":107,"column":4589}},"10":{"start":{"line":108,"column":16},"end":{"line":108,"column":70}},"11":{"start":{"line":109,"column":16},"end":{"line":109,"column":53}},"12":{"start":{"line":110,"column":16},"end":{"line":110,"column":59}},"13":{"start":{"line":115,"column":8},"end":{"line":115,"column":4882}},"14":{"start":{"line":116,"column":12},"end":{"line":116,"column":63}},"15":{"start":{"line":117,"column":12},"end":{"line":117,"column":61}},"16":{"start":{"line":118,"column":15},"end":{"line":118,"column":5066}},"17":{"start":{"line":119,"column":12},"end":{"line":119,"column":62}},"18":{"start":{"line":120,"column":12},"end":{"line":120,"column":82}},"19":{"start":{"line":121,"column":15},"end":{"line":121,"column":5271}},"20":{"start":{"line":122,"column":12},"end":{"line":122,"column":99}},"21":{"start":{"line":123,"column":15},"end":{"line":123,"column":5428}},"22":{"start":{"line":125,"column":12},"end":{"line":125,"column":5559}},"23":{"start":{"line":128,"column":12},"end":{"line":128,"column":53}},"24":{"start":{"line":131,"column":8},"end":{"line":131,"column":87}},"25":{"start":{"line":144,"column":8},"end":{"line":144,"column":6215}},"26":{"start":{"line":155,"column":8},"end":{"line":155,"column":51}},"27":{"start":{"line":156,"column":8},"end":{"line":156,"column":48}},"28":{"start":{"line":158,"column":8},"end":{"line":158,"column":33}},"29":{"start":{"line":163,"column":8},"end":{"line":163,"column":61}},"30":{"start":{"line":164,"column":8},"end":{"line":164,"column":38}},"31":{"start":{"line":166,"column":8},"end":{"line":166,"column":54}},"32":{"start":{"line":172,"column":8},"end":{"line":172,"column":60}},"33":{"start":{"line":173,"column":8},"end":{"line":173,"column":42}},"34":{"start":{"line":175,"column":8},"end":{"line":175,"column":53}},"35":{"start":{"line":180,"column":8},"end":{"line":180,"column":52}},"36":{"start":{"line":181,"column":8},"end":{"line":181,"column":33}},"37":{"start":{"line":185,"column":8},"end":{"line":185,"column":44}},"38":{"start":{"line":186,"column":8},"end":{"line":186,"column":46}},"39":{"start":{"line":190,"column":8},"end":{"line":190,"column":67}},"40":{"start":{"line":194,"column":8},"end":{"line":194,"column":84}}},"branchMap":{"1":{"line":96,"type":"if","locations":[{"start":{"line":96,"column":8},"end":{"line":96,"column":8}},{"start":{"line":96,"column":8},"end":{"line":96,"column":8}}]},"2":{"line":97,"type":"if","locations":[{"start":{"line":97,"column":8},"end":{"line":97,"column":8}},{"start":{"line":97,"column":8},"end":{"line":97,"column":8}}]},"3":{"line":98,"type":"if","locations":[{"start":{"line":98,"column":8},"end":{"line":98,"column":8}},{"start":{"line":98,"column":8},"end":{"line":98,"column":8}}]},"4":{"line":99,"type":"if","locations":[{"start":{"line":99,"column":8},"end":{"line":99,"column":8}},{"start":{"line":99,"column":8},"end":{"line":99,"column":8}}]},"5":{"line":105,"type":"if","locations":[{"start":{"line":105,"column":8},"end":{"line":105,"column":8}},{"start":{"line":105,"column":8},"end":{"line":105,"column":8}}]},"6":{"line":107,"type":"if","locations":[{"start":{"line":107,"column":12},"end":{"line":107,"column":12}},{"start":{"line":107,"column":12},"end":{"line":107,"column":12}}]},"7":{"line":109,"type":"if","locations":[{"start":{"line":109,"column":16},"end":{"line":109,"column":16}},{"start":{"line":109,"column":16},"end":{"line":109,"column":16}}]},"8":{"line":115,"type":"if","locations":[{"start":{"line":115,"column":8},"end":{"line":115,"column":8}},{"start":{"line":115,"column":8},"end":{"line":115,"column":8}}]},"9":{"line":116,"type":"if","locations":[{"start":{"line":116,"column":12},"end":{"line":116,"column":12}},{"start":{"line":116,"column":12},"end":{"line":116,"column":12}}]},"10":{"line":118,"type":"if","locations":[{"start":{"line":118,"column":15},"end":{"line":118,"column":15}},{"start":{"line":118,"column":15},"end":{"line":118,"column":15}}]},"11":{"line":119,"type":"if","locations":[{"start":{"line":119,"column":12},"end":{"line":119,"column":12}},{"start":{"line":119,"column":12},"end":{"line":119,"column":12}}]},"12":{"line":121,"type":"if","locations":[{"start":{"line":121,"column":15},"end":{"line":121,"column":15}},{"start":{"line":121,"column":15},"end":{"line":121,"column":15}}]},"13":{"line":123,"type":"if","locations":[{"start":{"line":123,"column":15},"end":{"line":123,"column":15}},{"start":{"line":123,"column":15},"end":{"line":123,"column":15}}]},"14":{"line":128,"type":"if","locations":[{"start":{"line":128,"column":12},"end":{"line":128,"column":12}},{"start":{"line":128,"column":12},"end":{"line":128,"column":12}}]},"15":{"line":162,"type":"if","locations":[{"start":{"line":162,"column":55},"end":{"line":162,"column":55}},{"start":{"line":162,"column":55},"end":{"line":162,"column":55}}]},"16":{"line":163,"type":"if","locations":[{"start":{"line":163,"column":8},"end":{"line":163,"column":8}},{"start":{"line":163,"column":8},"end":{"line":163,"column":8}}]},"17":{"line":171,"type":"if","locations":[{"start":{"line":171,"column":56},"end":{"line":171,"column":56}},{"start":{"line":171,"column":56},"end":{"line":171,"column":56}}]},"18":{"line":172,"type":"if","locations":[{"start":{"line":172,"column":8},"end":{"line":172,"column":8}},{"start":{"line":172,"column":8},"end":{"line":172,"column":8}}]},"19":{"line":179,"type":"if","locations":[{"start":{"line":179,"column":48},"end":{"line":179,"column":48}},{"start":{"line":179,"column":48},"end":{"line":179,"column":48}}]},"20":{"line":181,"type":"if","locations":[{"start":{"line":181,"column":8},"end":{"line":181,"column":8}},{"start":{"line":181,"column":8},"end":{"line":181,"column":8}}]},"21":{"line":184,"type":"if","locations":[{"start":{"line":184,"column":65},"end":{"line":184,"column":65}},{"start":{"line":184,"column":65},"end":{"line":184,"column":65}}]},"22":{"line":185,"type":"if","locations":[{"start":{"line":185,"column":8},"end":{"line":185,"column":8}},{"start":{"line":185,"column":8},"end":{"line":185,"column":8}}]},"23":{"line":189,"type":"if","locations":[{"start":{"line":189,"column":67},"end":{"line":189,"column":67}},{"start":{"line":189,"column":67},"end":{"line":189,"column":67}}]},"24":{"line":193,"type":"if","locations":[{"start":{"line":193,"column":84},"end":{"line":193,"column":84}},{"start":{"line":193,"column":84},"end":{"line":193,"column":84}}]}}}}
