TN:
SF:C:\rarity\zkMarketsContracts\contracts\IMarketplace.sol
FNF:0
FNH:0
LF:0
LH:0
BRF:0
BRH:0
end_of_record
TN:
SF:C:\rarity\zkMarketsContracts\contracts\Imports.sol
FNF:0
FNH:0
LF:0
LH:0
BRF:0
BRH:0
end_of_record
TN:
SF:C:\rarity\zkMarketsContracts\contracts\MockMarketplace.sol
FN:17,constructor
FN:19,createOrderHash
FN:47,getDomainSeparator
FNF:3
FNH:0
FNDA:0,constructor
FNDA:0,createOrderHash
FNDA:0,getDomainSeparator
DA:20,0
DA:48,0
LF:2
LH:0
BRF:0
BRH:0
end_of_record
TN:
SF:C:\rarity\zkMarketsContracts\contracts\MockTransferValidator.sol
FN:9,setBlockAll
FN:13,validateTransfer
FNF:2
FNH:2
FNDA:3,setBlockAll
FNDA:4,validateTransfer
DA:10,3
DA:14,4
LF:2
LH:2
BRDA:14,1,0,2
BRDA:14,1,1,2
BRF:2
BRH:2
end_of_record
TN:
SF:C:\rarity\zkMarketsContracts\contracts\MoodyArchives.sol
FN:48,constructor
FN:58,initialize
FN:72,_authorizeUpgrade
FN:77,getTransferValidator
FN:81,setTransferValidator
FN:87,getTransferValidationFunction
FN:95,_beforeTokenTransfers
FN:112,supportsInterface
FN:125,setDefaultRoyalty
FN:129,setTokenRoyalty
FN:136,_baseURI
FN:140,setBaseURI
FN:144,contractURI
FN:148,setContractURI
FN:155,batchMint
FN:170,authorizedMint
FN:179,setAuthorizedMinter
FN:188,withdraw
FN:196,withdrawERC20
FN:206,withdrawERC721
FNF:20
FNH:20
FNDA:140,constructor
FNDA:137,initialize
FNDA:2,_authorizeUpgrade
FNDA:2,getTransferValidator
FNDA:8,setTransferValidator
FNDA:1,getTransferValidationFunction
FNDA:244,_beforeTokenTransfers
FNDA:5,supportsInterface
FNDA:1,setDefaultRoyalty
FNDA:1,setTokenRoyalty
FNDA:6,_baseURI
FNDA:2,setBaseURI
FNDA:3,contractURI
FNDA:2,setContractURI
FNDA:186,batchMint
FNDA:5,authorizedMint
FNDA:7,setAuthorizedMinter
FNDA:2,withdraw
FNDA:3,withdrawERC20
FNDA:2,withdrawERC721
DA:49,140
DA:59,137
DA:60,137
DA:61,137
DA:62,137
DA:64,137
DA:65,137
DA:66,137
DA:78,2
DA:82,8
DA:83,8
DA:84,8
DA:88,1
DA:89,1
DA:101,244
DA:102,4
DA:103,4
DA:104,2
DA:116,5
DA:126,1
DA:130,1
DA:137,6
DA:141,2
DA:145,3
DA:149,2
DA:156,186
DA:157,185
DA:159,184
DA:160,185
DA:161,184
DA:162,183
DA:171,5
DA:173,2
DA:180,7
DA:181,6
DA:182,6
DA:189,2
DA:190,2
DA:192,1
DA:193,1
DA:197,3
DA:199,2
DA:200,2
DA:201,2
DA:203,1
DA:207,2
DA:208,1
LF:47
LH:47
BRDA:58,1,0,138
BRDA:58,1,1,1
BRDA:58,2,0,137
BRDA:58,2,1,1
BRDA:72,3,0,2
BRDA:72,3,1,1
BRDA:81,4,0,8
BRDA:81,4,1,1
BRDA:101,5,0,4
BRDA:101,5,1,240
BRDA:117,6,0,1
BRDA:117,6,1,2
BRDA:117,7,0,2
BRDA:117,7,1,1
BRDA:125,8,0,1
BRDA:125,8,1,1
BRDA:129,9,0,1
BRDA:129,9,1,1
BRDA:140,10,0,2
BRDA:140,10,1,1
BRDA:148,11,0,2
BRDA:148,11,1,1
BRDA:155,12,0,186
BRDA:155,12,1,1
BRDA:156,13,0,185
BRDA:156,13,1,1
BRDA:157,14,0,184
BRDA:157,14,1,1
BRDA:160,15,0,184
BRDA:160,15,1,1
BRDA:161,16,0,183
BRDA:161,16,1,1
BRDA:171,17,0,2
BRDA:171,17,1,3
BRDA:179,18,0,7
BRDA:179,18,1,2
BRDA:180,19,0,6
BRDA:180,19,1,1
BRDA:188,20,0,2
BRDA:188,20,1,1
BRDA:190,21,0,1
BRDA:190,21,1,1
BRDA:193,22,0,1
BRDA:193,22,1,0
BRDA:196,23,0,3
BRDA:196,23,1,1
BRDA:197,24,0,2
BRDA:197,24,1,1
BRDA:201,25,0,1
BRDA:201,25,1,1
BRDA:206,26,0,2
BRDA:206,26,1,1
BRDA:207,27,0,1
BRDA:207,27,1,1
BRF:54
BRH:53
end_of_record
TN:
SF:C:\rarity\zkMarketsContracts\contracts\Staking.sol
FN:49,constructor
FN:53,initialize
FN:61,_authorizeUpgrade
FN:68,getEffectiveMinStakeDuration
FN:82,stake
FN:100,unstake
FN:126,stakeERC1155
FN:142,batchStakeERC1155
FN:162,unstakeERC1155
FN:184,isStaked
FN:189,getStakeInfo
FN:194,getERC1155StakeInfo
FN:202,getERC1155StakeInfoBatch
FN:216,setAllowedCollection
FN:223,setMinStakeDuration
FN:232,setCollectionMinStakeDuration
FN:241,clearCollectionMinStakeDuration
FN:251,rescueETH
FN:256,rescueERC20
FN:260,rescueERC721
FN:265,rescueERC1155
FN:272,supportsInterface
FNF:22
FNH:21
FNDA:72,constructor
FNDA:72,initialize
FNDA:0,_authorizeUpgrade
FNDA:30,getEffectiveMinStakeDuration
FNDA:22,stake
FNDA:16,unstake
FNDA:19,stakeERC1155
FNDA:6,batchStakeERC1155
FNDA:12,unstakeERC1155
FNDA:10,isStaked
FNDA:5,getStakeInfo
FNDA:13,getERC1155StakeInfo
FNDA:4,getERC1155StakeInfoBatch
FNDA:148,setAllowedCollection
FNDA:7,setMinStakeDuration
FNDA:8,setCollectionMinStakeDuration
FNDA:3,clearCollectionMinStakeDuration
FNDA:1,rescueETH
FNDA:1,rescueERC20
FNDA:2,rescueERC721
FNDA:1,rescueERC1155
FNDA:2,supportsInterface
DA:50,72
DA:54,72
DA:55,72
DA:69,30
DA:70,12
DA:72,18
DA:83,22
DA:84,21
DA:86,20
DA:87,36
DA:88,36
DA:90,35
DA:91,35
DA:93,35
DA:101,16
DA:103,15
DA:104,17
DA:105,17
DA:106,16
DA:107,16
DA:109,13
DA:110,13
DA:112,13
DA:114,13
DA:127,19
DA:128,18
DA:130,17
DA:132,17
DA:133,17
DA:135,17
DA:143,6
DA:144,5
DA:145,4
DA:147,3
DA:149,3
DA:150,54
DA:151,53
DA:152,53
DA:154,53
DA:163,12
DA:164,11
DA:165,9
DA:166,9
DA:168,7
DA:170,7
DA:171,4
DA:174,7
DA:176,7
DA:185,10
DA:190,5
DA:195,13
DA:203,4
DA:204,4
DA:205,4
DA:206,113
DA:207,113
DA:217,148
DA:218,147
DA:219,147
DA:224,7
DA:225,7
DA:226,7
DA:233,8
DA:234,7
DA:235,7
DA:236,7
DA:242,3
DA:243,2
DA:244,2
DA:245,2
DA:252,1
DA:253,1
DA:257,1
DA:261,2
DA:262,1
DA:266,1
DA:273,2
LF:77
LH:77
BRDA:53,1,0,72
BRDA:53,1,1,1
BRDA:61,2,0,0
BRDA:61,2,1,0
BRDA:69,3,0,12
BRDA:69,3,1,18
BRDA:83,4,0,21
BRDA:83,4,1,1
BRDA:84,5,0,20
BRDA:84,5,1,1
BRDA:101,6,0,15
BRDA:101,6,1,1
BRDA:105,7,0,16
BRDA:105,7,1,1
BRDA:107,8,0,13
BRDA:107,8,1,3
BRDA:107,9,0,9
BRDA:107,9,1,4
BRDA:127,10,0,18
BRDA:127,10,1,1
BRDA:128,11,0,17
BRDA:128,11,1,1
BRDA:143,12,0,5
BRDA:143,12,1,1
BRDA:144,13,0,4
BRDA:144,13,1,1
BRDA:145,14,0,3
BRDA:145,14,1,1
BRDA:150,15,0,53
BRDA:150,15,1,1
BRDA:163,16,0,11
BRDA:163,16,1,1
BRDA:164,17,0,9
BRDA:164,17,1,2
BRDA:166,18,0,7
BRDA:166,18,1,2
BRDA:166,19,0,4
BRDA:166,19,1,3
BRDA:170,20,0,4
BRDA:170,20,1,3
BRDA:216,21,0,148
BRDA:216,21,1,1
BRDA:217,22,0,147
BRDA:217,22,1,1
BRDA:223,23,0,7
BRDA:223,23,1,1
BRDA:232,24,0,8
BRDA:232,24,1,1
BRDA:233,25,0,7
BRDA:233,25,1,1
BRDA:241,26,0,3
BRDA:241,26,1,1
BRDA:242,27,0,2
BRDA:242,27,1,1
BRDA:251,28,0,1
BRDA:251,28,1,1
BRDA:253,29,0,1
BRDA:253,29,1,0
BRDA:256,30,0,1
BRDA:256,30,1,1
BRDA:260,31,0,2
BRDA:260,31,1,1
BRDA:261,32,0,1
BRDA:261,32,1,1
BRDA:265,33,0,1
BRDA:265,33,1,1
BRF:66
BRH:63
end_of_record
TN:
SF:C:\rarity\zkMarketsContracts\contracts\TestERC1155.sol
FN:9,constructor
FN:11,mint
FN:15,mintBatch
FNF:3
FNH:3
FNDA:74,constructor
FNDA:227,mint
FNDA:1,mintBatch
DA:12,227
DA:16,1
LF:2
LH:2
BRF:0
BRH:0
end_of_record
TN:
SF:C:\rarity\zkMarketsContracts\contracts\TestERC20.sol
FN:9,constructor
FN:13,mint
FNF:2
FNH:1
FNDA:12,constructor
FNDA:0,mint
DA:10,12
DA:14,0
LF:2
LH:1
BRF:0
BRH:0
end_of_record
TN:
SF:C:\rarity\zkMarketsContracts\contracts\TokenClaim.sol
FN:44,constructor
FN:55,claimToken
FN:74,claimTokenReferral
FN:87,_claimTokenInternal
FN:135,_validateSignature
FN:162,setApprover
FN:171,setReferralFee
FN:179,rescueETH
FN:184,rescueERC20
FN:189,rescueERC721
FN:193,rescueERC1155
FNF:11
FNH:0
FNDA:0,constructor
FNDA:0,claimToken
FNDA:0,claimTokenReferral
FNDA:0,_claimTokenInternal
FNDA:0,_validateSignature
FNDA:0,setApprover
FNDA:0,setReferralFee
FNDA:0,rescueETH
FNDA:0,rescueERC20
FNDA:0,rescueERC721
FNDA:0,rescueERC1155
DA:45,0
DA:63,0
DA:83,0
DA:96,0
DA:97,0
DA:98,0
DA:99,0
DA:102,0
DA:105,0
DA:106,0
DA:107,0
DA:108,0
DA:109,0
DA:110,0
DA:115,0
DA:116,0
DA:117,0
DA:119,0
DA:120,0
DA:122,0
DA:125,0
DA:128,0
DA:131,0
DA:144,0
DA:155,0
DA:156,0
DA:158,0
DA:163,0
DA:164,0
DA:165,0
DA:166,0
DA:172,0
DA:173,0
DA:174,0
DA:175,0
DA:180,0
DA:181,0
DA:185,0
DA:186,0
DA:190,0
DA:194,0
LF:41
LH:0
BRDA:96,1,0,0
BRDA:96,1,1,0
BRDA:97,2,0,0
BRDA:97,2,1,0
BRDA:98,3,0,0
BRDA:98,3,1,0
BRDA:99,4,0,0
BRDA:99,4,1,0
BRDA:105,5,0,0
BRDA:105,5,1,0
BRDA:107,6,0,0
BRDA:107,6,1,0
BRDA:109,7,0,0
BRDA:109,7,1,0
BRDA:115,8,0,0
BRDA:115,8,1,0
BRDA:116,9,0,0
BRDA:116,9,1,0
BRDA:118,10,0,0
BRDA:118,10,1,0
BRDA:119,11,0,0
BRDA:119,11,1,0
BRDA:121,12,0,0
BRDA:121,12,1,0
BRDA:123,13,0,0
BRDA:123,13,1,0
BRDA:128,14,0,0
BRDA:128,14,1,0
BRDA:162,15,0,0
BRDA:162,15,1,0
BRDA:163,16,0,0
BRDA:163,16,1,0
BRDA:171,17,0,0
BRDA:171,17,1,0
BRDA:172,18,0,0
BRDA:172,18,1,0
BRDA:179,19,0,0
BRDA:179,19,1,0
BRDA:181,20,0,0
BRDA:181,20,1,0
BRDA:184,21,0,0
BRDA:184,21,1,0
BRDA:185,22,0,0
BRDA:185,22,1,0
BRDA:189,23,0,0
BRDA:189,23,1,0
BRDA:193,24,0,0
BRDA:193,24,1,0
BRF:48
BRH:0
end_of_record
