TN:
SF:C:\rarity\zkMarketsContracts\contracts\ERC20Template.sol
FN:14,constructor
FN:19,decimals
FN:23,mint
FNF:3
FNH:1
FNDA:14,constructor
FNDA:0,decimals
FNDA:0,mint
DA:15,14
DA:16,14
DA:20,0
DA:24,0
LF:4
LH:2
BRF:0
BRH:0
end_of_record
TN:
SF:C:\rarity\zkMarketsContracts\contracts\ERC721ACBasic.sol
FN:16,onlyContractOwner
FN:42,constructor
FN:49,supportsInterface
FN:53,setDefaultRoyalty
FN:57,setTokenRoyalty
FN:61,tokenURI
FN:68,setBaseURI
FN:72,contractURI
FN:76,setContractURI
FN:80,mint
FN:103,_validateSignature
FN:116,setApprover
FN:125,setMaxSupply
FN:134,withdraw
FN:142,withdrawERC20
FN:152,getMintedAmount
FN:163,getRemainingMints
FN:175,batchMint
FNF:18
FNH:18
FNDA:66,onlyContractOwner
FNDA:54,constructor
FNDA:8,supportsInterface
FNDA:4,setDefaultRoyalty
FNDA:2,setTokenRoyalty
FNDA:6,tokenURI
FNDA:5,setBaseURI
FNDA:5,contractURI
FNDA:5,setContractURI
FNDA:35,mint
FNDA:29,_validateSignature
FNDA:3,setApprover
FNDA:5,setMaxSupply
FNDA:8,withdraw
FNDA:9,withdrawERC20
FNDA:4,getMintedAmount
FNDA:3,getRemainingMints
FNDA:12,batchMint
DA:17,66
DA:18,53
DA:43,54
DA:44,54
DA:45,54
DA:46,54
DA:50,8
DA:54,4
DA:58,2
DA:62,6
DA:64,5
DA:69,5
DA:73,5
DA:77,5
DA:88,35
DA:89,34
DA:90,32
DA:91,31
DA:93,29
DA:94,29
DA:95,26
DA:97,24
DA:98,24
DA:100,24
DA:110,29
DA:111,29
DA:113,29
DA:117,3
DA:119,2
DA:120,2
DA:122,2
DA:126,5
DA:128,4
DA:129,4
DA:131,4
DA:135,8
DA:136,8
DA:138,6
DA:139,6
DA:143,9
DA:145,7
DA:146,7
DA:147,7
DA:149,6
DA:159,4
DA:160,4
DA:170,3
DA:171,3
DA:172,3
DA:176,12
DA:177,12
DA:179,12
DA:180,12
DA:181,12
DA:182,12
LF:55
LH:55
BRDA:53,1,0,4
BRDA:53,1,1,1
BRDA:57,2,0,2
BRDA:57,2,1,1
BRDA:62,3,0,5
BRDA:62,3,1,1
BRDA:65,4,0,4
BRDA:65,4,1,1
BRDA:68,5,0,5
BRDA:68,5,1,1
BRDA:76,6,0,5
BRDA:76,6,1,1
BRDA:88,7,0,34
BRDA:88,7,1,1
BRDA:89,8,0,32
BRDA:89,8,1,2
BRDA:90,9,0,31
BRDA:90,9,1,1
BRDA:91,10,0,29
BRDA:91,10,1,2
BRDA:94,11,0,26
BRDA:94,11,1,3
BRDA:95,12,0,24
BRDA:95,12,1,2
BRDA:116,13,0,3
BRDA:116,13,1,1
BRDA:117,14,0,2
BRDA:117,14,1,1
BRDA:125,15,0,5
BRDA:125,15,1,1
BRDA:126,16,0,4
BRDA:126,16,1,1
BRDA:134,17,0,8
BRDA:134,17,1,3
BRDA:136,18,0,6
BRDA:136,18,1,2
BRDA:139,19,0,6
BRDA:139,19,1,0
BRDA:142,20,0,9
BRDA:142,20,1,3
BRDA:143,21,0,7
BRDA:143,21,1,2
BRDA:147,22,0,6
BRDA:147,22,1,1
BRDA:172,23,0,2
BRDA:172,23,1,1
BRDA:175,24,0,12
BRDA:175,24,1,1
BRDA:176,25,0,12
BRDA:176,25,1,0
BRDA:177,26,0,12
BRDA:177,26,1,0
BRDA:180,27,0,12
BRDA:180,27,1,0
BRDA:181,28,0,12
BRDA:181,28,1,0
BRF:56
BRH:51
end_of_record
TN:
SF:C:\rarity\zkMarketsContracts\contracts\MoodyMightsERC721AC.sol
FN:14,onlyContractOwner
FN:29,constructor
FN:34,supportsInterface
FN:38,setDefaultRoyalty
FN:42,setTokenRoyalty
FN:46,tokenURI
FN:53,setBaseURI
FN:57,contractURI
FN:61,setContractURI
FN:65,batchMint
FN:76,withdraw
FN:84,withdrawERC20
FNF:12
FNH:3
FNDA:5,onlyContractOwner
FNDA:12,constructor
FNDA:0,supportsInterface
FNDA:0,setDefaultRoyalty
FNDA:0,setTokenRoyalty
FNDA:0,tokenURI
FNDA:0,setBaseURI
FNDA:0,contractURI
FNDA:0,setContractURI
FNDA:0,batchMint
FNDA:0,withdraw
FNDA:3,withdrawERC20
DA:15,5
DA:16,3
DA:30,12
DA:31,12
DA:35,0
DA:39,0
DA:43,0
DA:47,0
DA:49,0
DA:54,0
DA:58,0
DA:62,0
DA:66,0
DA:67,0
DA:69,0
DA:70,0
DA:71,0
DA:72,0
DA:77,0
DA:78,0
DA:80,0
DA:81,0
DA:85,3
DA:87,2
DA:88,2
DA:89,2
DA:91,2
LF:27
LH:9
BRDA:38,1,0,0
BRDA:38,1,1,0
BRDA:42,2,0,0
BRDA:42,2,1,0
BRDA:47,3,0,0
BRDA:47,3,1,0
BRDA:50,4,0,0
BRDA:50,4,1,0
BRDA:53,5,0,0
BRDA:53,5,1,0
BRDA:61,6,0,0
BRDA:61,6,1,0
BRDA:65,7,0,0
BRDA:65,7,1,0
BRDA:66,8,0,0
BRDA:66,8,1,0
BRDA:67,9,0,0
BRDA:67,9,1,0
BRDA:70,10,0,0
BRDA:70,10,1,0
BRDA:71,11,0,0
BRDA:71,11,1,0
BRDA:76,12,0,0
BRDA:76,12,1,1
BRDA:78,13,0,0
BRDA:78,13,1,0
BRDA:81,14,0,0
BRDA:81,14,1,0
BRDA:84,15,0,3
BRDA:84,15,1,1
BRDA:85,16,0,2
BRDA:85,16,1,1
BRDA:89,17,0,2
BRDA:89,17,1,0
BRF:34
BRH:6
end_of_record
